00:23:13:158  WARN 73933 --- [HikariPool-1 housekeeper] com.zaxxer.hikari.pool.HikariPool        : HikariPool-1 - Thread starvation or clock leap detected (housekeeper delta=54s869ms).
00:39:38:632  WARN 73933 --- [HikariPool-1 housekeeper] com.zaxxer.hikari.pool.HikariPool        : HikariPool-1 - Thread starvation or clock leap detected (housekeeper delta=16m25s479ms).
00:41:48:218  WARN 73933 --- [HikariPool-1 housekeeper] com.zaxxer.hikari.pool.HikariPool        : HikariPool-1 - Thread starvation or clock leap detected (housekeeper delta=2m9s585ms).
01:01:02:585  WARN 73933 --- [HikariPool-1 housekeeper] com.zaxxer.hikari.pool.HikariPool        : HikariPool-1 - Thread starvation or clock leap detected (housekeeper delta=19m14s367ms).
01:21:16:405  WARN 73933 --- [HikariPool-1 housekeeper] com.zaxxer.hikari.pool.HikariPool        : HikariPool-1 - Thread starvation or clock leap detected (housekeeper delta=20m13s821ms).
01:40:55:856  WARN 73933 --- [HikariPool-1 housekeeper] com.zaxxer.hikari.pool.HikariPool        : HikariPool-1 - Thread starvation or clock leap detected (housekeeper delta=19m39s450ms).
01:43:05:442  WARN 73933 --- [HikariPool-1 housekeeper] com.zaxxer.hikari.pool.HikariPool        : HikariPool-1 - Thread starvation or clock leap detected (housekeeper delta=2m9s587ms).
02:02:05:314  WARN 73933 --- [HikariPool-1 housekeeper] com.zaxxer.hikari.pool.HikariPool        : HikariPool-1 - Thread starvation or clock leap detected (housekeeper delta=18m59s871ms).
02:20:29:181  WARN 73933 --- [HikariPool-1 housekeeper] com.zaxxer.hikari.pool.HikariPool        : HikariPool-1 - Thread starvation or clock leap detected (housekeeper delta=18m23s868ms).
02:22:38:761  WARN 73933 --- [HikariPool-1 housekeeper] com.zaxxer.hikari.pool.HikariPool        : HikariPool-1 - Thread starvation or clock leap detected (housekeeper delta=2m9s579ms).
02:39:21:068  WARN 73933 --- [HikariPool-1 housekeeper] com.zaxxer.hikari.pool.HikariPool        : HikariPool-1 - Thread starvation or clock leap detected (housekeeper delta=16m42s307ms).
02:55:16:023  WARN 73933 --- [HikariPool-1 housekeeper] com.zaxxer.hikari.pool.HikariPool        : HikariPool-1 - Thread starvation or clock leap detected (housekeeper delta=15m54s956ms).
02:57:25:598  WARN 73933 --- [HikariPool-1 housekeeper] com.zaxxer.hikari.pool.HikariPool        : HikariPool-1 - Thread starvation or clock leap detected (housekeeper delta=2m9s574ms).
03:16:04:645  WARN 73933 --- [HikariPool-1 housekeeper] com.zaxxer.hikari.pool.HikariPool        : HikariPool-1 - Thread starvation or clock leap detected (housekeeper delta=18m39s46ms).
03:32:49:466  WARN 73933 --- [HikariPool-1 housekeeper] com.zaxxer.hikari.pool.HikariPool        : HikariPool-1 - Thread starvation or clock leap detected (housekeeper delta=16m44s823ms).
03:51:39:363  WARN 73933 --- [HikariPool-1 housekeeper] com.zaxxer.hikari.pool.HikariPool        : HikariPool-1 - Thread starvation or clock leap detected (housekeeper delta=18m49s897ms).
04:10:17:353  WARN 73933 --- [HikariPool-1 housekeeper] com.zaxxer.hikari.pool.HikariPool        : HikariPool-1 - Thread starvation or clock leap detected (housekeeper delta=18m37s989ms).
04:28:29:895  WARN 73933 --- [HikariPool-1 housekeeper] com.zaxxer.hikari.pool.HikariPool        : HikariPool-1 - Thread starvation or clock leap detected (housekeeper delta=18m12s542ms).
04:30:39:463  WARN 73933 --- [HikariPool-1 housekeeper] com.zaxxer.hikari.pool.HikariPool        : HikariPool-1 - Thread starvation or clock leap detected (housekeeper delta=2m9s568ms).
04:48:55:207  WARN 73933 --- [HikariPool-1 housekeeper] com.zaxxer.hikari.pool.HikariPool        : HikariPool-1 - Thread starvation or clock leap detected (housekeeper delta=18m15s745ms).
04:49:50:114  WARN 73933 --- [HikariPool-1 housekeeper] com.zaxxer.hikari.pool.HikariPool        : HikariPool-1 - Thread starvation or clock leap detected (housekeeper delta=54s906ms).
05:06:34:839  WARN 73933 --- [HikariPool-1 housekeeper] com.zaxxer.hikari.pool.HikariPool        : HikariPool-1 - Thread starvation or clock leap detected (housekeeper delta=16m44s725ms).
05:25:28:721  WARN 73933 --- [HikariPool-1 housekeeper] com.zaxxer.hikari.pool.HikariPool        : HikariPool-1 - Thread starvation or clock leap detected (housekeeper delta=18m53s883ms).
05:27:13:410  WARN 73933 --- [HikariPool-1 housekeeper] com.zaxxer.hikari.pool.HikariPool        : HikariPool-1 - Thread starvation or clock leap detected (housekeeper delta=1m44s685ms).
05:46:00:864  WARN 73933 --- [HikariPool-1 housekeeper] com.zaxxer.hikari.pool.HikariPool        : HikariPool-1 - Thread starvation or clock leap detected (housekeeper delta=18m47s458ms).
06:16:29:430  WARN 73933 --- [HikariPool-1 housekeeper] com.zaxxer.hikari.pool.HikariPool        : HikariPool-1 - Thread starvation or clock leap detected (housekeeper delta=30m28s566ms).
06:33:27:889  WARN 73933 --- [HikariPool-1 housekeeper] com.zaxxer.hikari.pool.HikariPool        : HikariPool-1 - Thread starvation or clock leap detected (housekeeper delta=16m58s459ms).
06:34:22:771  WARN 73933 --- [HikariPool-1 housekeeper] com.zaxxer.hikari.pool.HikariPool        : HikariPool-1 - Thread starvation or clock leap detected (housekeeper delta=54s882ms).
06:51:32:365  WARN 73933 --- [HikariPool-1 housekeeper] com.zaxxer.hikari.pool.HikariPool        : HikariPool-1 - Thread starvation or clock leap detected (housekeeper delta=17m9s593ms).
07:09:01:660  WARN 73933 --- [HikariPool-1 housekeeper] com.zaxxer.hikari.pool.HikariPool        : HikariPool-1 - Thread starvation or clock leap detected (housekeeper delta=17m29s296ms).
07:27:58:086  WARN 73933 --- [HikariPool-1 housekeeper] com.zaxxer.hikari.pool.HikariPool        : HikariPool-1 - Thread starvation or clock leap detected (housekeeper delta=18m56s425ms).
07:29:42:772  WARN 73933 --- [HikariPool-1 housekeeper] com.zaxxer.hikari.pool.HikariPool        : HikariPool-1 - Thread starvation or clock leap detected (housekeeper delta=1m44s686ms).
07:48:12:427  WARN 73933 --- [HikariPool-1 housekeeper] com.zaxxer.hikari.pool.HikariPool        : HikariPool-1 - Thread starvation or clock leap detected (housekeeper delta=18m29s656ms).
07:50:22:003  WARN 73933 --- [HikariPool-1 housekeeper] com.zaxxer.hikari.pool.HikariPool        : HikariPool-1 - Thread starvation or clock leap detected (housekeeper delta=2m9s575ms).
08:17:32:865  WARN 73933 --- [HikariPool-1 housekeeper] com.zaxxer.hikari.pool.HikariPool        : HikariPool-1 - Thread starvation or clock leap detected (housekeeper delta=27m10s863ms).
08:35:48:413  WARN 73933 --- [HikariPool-1 housekeeper] com.zaxxer.hikari.pool.HikariPool        : HikariPool-1 - Thread starvation or clock leap detected (housekeeper delta=18m15s545ms).
08:37:57:997  WARN 73933 --- [HikariPool-1 housekeeper] com.zaxxer.hikari.pool.HikariPool        : HikariPool-1 - Thread starvation or clock leap detected (housekeeper delta=2m9s587ms).
08:53:38:852  WARN 73933 --- [HikariPool-1 housekeeper] com.zaxxer.hikari.pool.HikariPool        : HikariPool-1 - Thread starvation or clock leap detected (housekeeper delta=15m40s855ms).
09:12:14:370  WARN 73933 --- [HikariPool-1 housekeeper] com.zaxxer.hikari.pool.HikariPool        : HikariPool-1 - Thread starvation or clock leap detected (housekeeper delta=18m35s517ms).
09:14:23:947  WARN 73933 --- [HikariPool-1 housekeeper] com.zaxxer.hikari.pool.HikariPool        : HikariPool-1 - Thread starvation or clock leap detected (housekeeper delta=2m9s577ms).
09:34:12:709  WARN 73933 --- [HikariPool-1 housekeeper] com.zaxxer.hikari.pool.HikariPool        : HikariPool-1 - Thread starvation or clock leap detected (housekeeper delta=19m48s762ms).
09:36:22:282  WARN 73933 --- [HikariPool-1 housekeeper] com.zaxxer.hikari.pool.HikariPool        : HikariPool-1 - Thread starvation or clock leap detected (housekeeper delta=2m9s574ms).
10:07:10:189  WARN 73933 --- [HikariPool-1 housekeeper] com.zaxxer.hikari.pool.HikariPool        : HikariPool-1 - Thread starvation or clock leap detected (housekeeper delta=30m47s878ms).
11:33:10:117  WARN 73933 --- [Thread-5] c.a.nacos.common.notify.NotifyCenter     : [NotifyCenter] Start destroying Publisher
11:33:10:117  WARN 73933 --- [Thread-1] c.a.n.common.http.HttpClientBeanHolder   : [HttpClientBeanHolder] Start destroying common HttpClient
11:33:10:134  WARN 73933 --- [Thread-5] c.a.nacos.common.notify.NotifyCenter     : [NotifyCenter] Destruction of the end
11:33:10:142  WARN 73933 --- [Thread-1] c.a.n.common.http.HttpClientBeanHolder   : [HttpClientBeanHolder] Destruction of the end
11:33:10:351  INFO 73933 --- [SpringApplicationShutdownHook] c.a.c.n.registry.NacosServiceRegistry    : De-registering from Nacos Server now...
11:33:10:355  INFO 73933 --- [SpringApplicationShutdownHook] c.a.c.n.registry.NacosServiceRegistry    : De-registration finished.
11:33:10:671  INFO 73933 --- [SpringApplicationShutdownHook] com.alibaba.nacos.common.remote.client   : Shutdown rpc client, set status to shutdown
11:33:10:671  INFO 73933 --- [SpringApplicationShutdownHook] com.alibaba.nacos.common.remote.client   : Shutdown client event executor java.util.concurrent.ScheduledThreadPoolExecutor@19406d8c[Running, pool size = 2, active threads = 2, queued tasks = 0, completed tasks = 0]
11:33:10:672  INFO 73933 --- [SpringApplicationShutdownHook] com.alibaba.nacos.common.remote.client   : Close current connection 1724513175404_192.168.121.1_54606
11:33:10:674  INFO 73933 --- [nacos-grpc-client-executor-7531] c.a.n.c.remote.client.grpc.GrpcClient    : [1724513175404_192.168.121.1_54606]Ignore complete event,isRunning:false,isAbandon=false
11:33:10:684  INFO 73933 --- [SpringApplicationShutdownHook] c.a.n.c.remote.client.grpc.GrpcClient    : Shutdown grpc executor java.util.concurrent.ThreadPoolExecutor@45c100e4[Running, pool size = 5, active threads = 0, queued tasks = 0, completed tasks = 7532]
11:33:10:692  INFO 73933 --- [SpringApplicationShutdownHook] com.zaxxer.hikari.HikariDataSource       : HikariPool-1 - Shutdown initiated...
11:33:10:722  INFO 73933 --- [SpringApplicationShutdownHook] com.zaxxer.hikari.HikariDataSource       : HikariPool-1 - Shutdown completed.
11:33:14:872  INFO 16556 --- [main] com.zjn.pay.PayApplication               : The following 1 profile is active: "local"
11:33:15:424  INFO 16556 --- [main] .s.d.r.c.RepositoryConfigurationDelegate : Multiple Spring Data modules found, entering strict repository configuration mode
11:33:15:425  INFO 16556 --- [main] .s.d.r.c.RepositoryConfigurationDelegate : Bootstrapping Spring Data Redis repositories in DEFAULT mode.
11:33:15:438  INFO 16556 --- [main] .s.d.r.c.RepositoryConfigurationDelegate : Finished Spring Data repository scanning in 3 ms. Found 0 Redis repository interfaces.
11:33:15:639  INFO 16556 --- [main] o.s.cloud.context.scope.GenericScope     : BeanFactory id=8d105ec5-39da-3696-9d3e-d49f6695bb1d
11:33:15:881  INFO 16556 --- [main] o.s.b.w.embedded.tomcat.TomcatWebServer  : Tomcat initialized with port(s): 8086 (http)
11:33:15:886  INFO 16556 --- [main] o.apache.catalina.core.StandardService   : Starting service [Tomcat]
11:33:15:886  INFO 16556 --- [main] org.apache.catalina.core.StandardEngine  : Starting Servlet engine: [Apache Tomcat/9.0.68]
11:33:15:956  INFO 16556 --- [main] o.a.c.c.C.[Tomcat].[localhost].[/]       : Initializing Spring embedded WebApplicationContext
11:33:15:956  INFO 16556 --- [main] w.s.c.ServletWebServerApplicationContext : Root WebApplicationContext: initialization completed in 1072 ms
11:33:16:069  INFO 16556 --- [main] o.s.c.openfeign.FeignClientFactoryBean   : For 'user-service' URL not provided. Will try picking an instance via load-balancing.
11:33:16:239  INFO 16556 --- [main] o.s.c.openfeign.FeignClientFactoryBean   : For 'trade-service' URL not provided. Will try picking an instance via load-balancing.
11:33:16:950  INFO 16556 --- [main] pertySourcedRequestMappingHandlerMapping : Mapped URL path [/v2/api-docs] onto method [springfox.documentation.swagger2.web.Swagger2ControllerWebMvc#getDocumentation(String, HttpServletRequest)]
11:33:17:434  INFO 16556 --- [main] com.alibaba.nacos.common.remote.client   : [RpcClientFactory] create a new rpc client of 0f7b54ff-ccfd-4bc5-91fa-c03c8d295a56
11:33:17:434  INFO 16556 --- [main] com.alibaba.nacos.common.remote.client   : [0f7b54ff-ccfd-4bc5-91fa-c03c8d295a56] RpcClient init label, labels = {module=naming, source=sdk}
11:33:17:436  INFO 16556 --- [main] com.alibaba.nacos.common.remote.client   : [0f7b54ff-ccfd-4bc5-91fa-c03c8d295a56] RpcClient init, ServerListFactory = com.alibaba.nacos.client.naming.core.ServerListManager
11:33:17:437  INFO 16556 --- [main] com.alibaba.nacos.common.remote.client   : [0f7b54ff-ccfd-4bc5-91fa-c03c8d295a56] Registry connection listener to current client:com.alibaba.nacos.client.naming.remote.gprc.redo.NamingGrpcRedoService
11:33:17:437  INFO 16556 --- [main] com.alibaba.nacos.common.remote.client   : [0f7b54ff-ccfd-4bc5-91fa-c03c8d295a56] Register server push request handler:com.alibaba.nacos.client.naming.remote.gprc.NamingPushRequestHandler
11:33:17:437  INFO 16556 --- [main] com.alibaba.nacos.common.remote.client   : [0f7b54ff-ccfd-4bc5-91fa-c03c8d295a56] Try to connect to server on start up, server: {serverIp = '192.168.121.128', server main port = 8848}
11:33:17:579  INFO 16556 --- [main] com.alibaba.nacos.common.remote.client   : [0f7b54ff-ccfd-4bc5-91fa-c03c8d295a56] Success to connect to server [192.168.121.128:8848] on start up, connectionId = 1724546346430_192.168.121.1_54384
11:33:17:580  INFO 16556 --- [main] com.alibaba.nacos.common.remote.client   : [0f7b54ff-ccfd-4bc5-91fa-c03c8d295a56] Register server push request handler:com.alibaba.nacos.common.remote.client.RpcClient$ConnectResetRequestHandler
11:33:17:580  INFO 16556 --- [main] com.alibaba.nacos.common.remote.client   : [0f7b54ff-ccfd-4bc5-91fa-c03c8d295a56] Register server push request handler:com.alibaba.nacos.common.remote.client.RpcClient$$Lambda$466/0x0000000800506040
11:33:17:580  INFO 16556 --- [com.alibaba.nacos.client.remote.worker] com.alibaba.nacos.common.remote.client   : [0f7b54ff-ccfd-4bc5-91fa-c03c8d295a56] Notify connected event to listeners.
11:33:17:615  INFO 16556 --- [main] o.s.b.w.embedded.tomcat.TomcatWebServer  : Tomcat started on port(s): 8086 (http) with context path ''
11:33:17:629  INFO 16556 --- [main] c.a.c.n.registry.NacosServiceRegistry    : nacos registry, DEFAULT_GROUP pay-service 192.168.0.103:8086 register finished
11:33:17:632  INFO 16556 --- [main] d.s.w.p.DocumentationPluginsBootstrapper : Documentation plugins bootstrapped
11:33:17:635  INFO 16556 --- [main] d.s.w.p.DocumentationPluginsBootstrapper : Found 1 custom documentation plugin(s)
11:33:17:649  INFO 16556 --- [main] s.d.s.w.s.ApiListingReferenceScanner     : Scanning for api listing references
11:33:17:695  INFO 16556 --- [main] com.zjn.pay.PayApplication               : Started PayApplication in 4.022 seconds (JVM running for 4.383)
11:33:17:698  INFO 16556 --- [main] c.a.c.n.refresh.NacosContextRefresher    : [Nacos Config] Listening config: dataId=pay-service, group=DEFAULT_GROUP
11:33:17:698  INFO 16556 --- [main] c.a.c.n.refresh.NacosContextRefresher    : [Nacos Config] Listening config: dataId=pay-service.yaml, group=DEFAULT_GROUP
11:33:17:698  INFO 16556 --- [main] c.a.c.n.refresh.NacosContextRefresher    : [Nacos Config] Listening config: dataId=pay-service-local.yaml, group=DEFAULT_GROUP
11:33:18:151  INFO 16556 --- [nacos-grpc-client-executor-9] com.alibaba.nacos.common.remote.client   : [0f7b54ff-ccfd-4bc5-91fa-c03c8d295a56] Receive server push request, request = NotifySubscriberRequest, requestId = 285
11:33:18:172  INFO 16556 --- [nacos-grpc-client-executor-9] com.alibaba.nacos.common.remote.client   : [0f7b54ff-ccfd-4bc5-91fa-c03c8d295a56] Ack server push request, request = NotifySubscriberRequest, requestId = 285
11:57:25:679  WARN 16556 --- [Thread-1] c.a.n.common.http.HttpClientBeanHolder   : [HttpClientBeanHolder] Start destroying common HttpClient
11:57:25:679  WARN 16556 --- [Thread-5] c.a.nacos.common.notify.NotifyCenter     : [NotifyCenter] Start destroying Publisher
11:57:25:682  WARN 16556 --- [Thread-5] c.a.nacos.common.notify.NotifyCenter     : [NotifyCenter] Destruction of the end
11:57:25:684  WARN 16556 --- [Thread-1] c.a.n.common.http.HttpClientBeanHolder   : [HttpClientBeanHolder] Destruction of the end
11:57:25:772  INFO 16556 --- [SpringApplicationShutdownHook] c.a.c.n.registry.NacosServiceRegistry    : De-registering from Nacos Server now...
11:57:25:777  INFO 16556 --- [SpringApplicationShutdownHook] c.a.c.n.registry.NacosServiceRegistry    : De-registration finished.
11:57:26:082  INFO 16556 --- [SpringApplicationShutdownHook] com.alibaba.nacos.common.remote.client   : Shutdown rpc client, set status to shutdown
11:57:26:082  INFO 16556 --- [SpringApplicationShutdownHook] com.alibaba.nacos.common.remote.client   : Shutdown client event executor java.util.concurrent.ScheduledThreadPoolExecutor@2092fa29[Running, pool size = 2, active threads = 2, queued tasks = 0, completed tasks = 0]
11:57:26:082  INFO 16556 --- [SpringApplicationShutdownHook] com.alibaba.nacos.common.remote.client   : Close current connection 1724546346430_192.168.121.1_54384
11:57:26:086  INFO 16556 --- [SpringApplicationShutdownHook] c.a.n.c.remote.client.grpc.GrpcClient    : Shutdown grpc executor java.util.concurrent.ThreadPoolExecutor@50794767[Running, pool size = 5, active threads = 0, queued tasks = 0, completed tasks = 402]
11:57:37:130  INFO 18676 --- [main] com.zjn.pay.PayApplication               : The following 1 profile is active: "local"
11:57:37:678  INFO 18676 --- [main] .s.d.r.c.RepositoryConfigurationDelegate : Multiple Spring Data modules found, entering strict repository configuration mode
11:57:37:679  INFO 18676 --- [main] .s.d.r.c.RepositoryConfigurationDelegate : Bootstrapping Spring Data Redis repositories in DEFAULT mode.
11:57:37:690  INFO 18676 --- [main] .s.d.r.c.RepositoryConfigurationDelegate : Finished Spring Data repository scanning in 4 ms. Found 0 Redis repository interfaces.
11:57:37:929  INFO 18676 --- [main] o.s.cloud.context.scope.GenericScope     : BeanFactory id=8d105ec5-39da-3696-9d3e-d49f6695bb1d
11:57:38:206  INFO 18676 --- [main] o.s.b.w.embedded.tomcat.TomcatWebServer  : Tomcat initialized with port(s): 8086 (http)
11:57:38:211  INFO 18676 --- [main] o.apache.catalina.core.StandardService   : Starting service [Tomcat]
11:57:38:211  INFO 18676 --- [main] org.apache.catalina.core.StandardEngine  : Starting Servlet engine: [Apache Tomcat/9.0.68]
11:57:38:286  INFO 18676 --- [main] o.a.c.c.C.[Tomcat].[localhost].[/]       : Initializing Spring embedded WebApplicationContext
11:57:38:287  INFO 18676 --- [main] w.s.c.ServletWebServerApplicationContext : Root WebApplicationContext: initialization completed in 1147 ms
11:57:38:426  INFO 18676 --- [main] o.s.c.openfeign.FeignClientFactoryBean   : For 'user-service' URL not provided. Will try picking an instance via load-balancing.
11:57:38:641  INFO 18676 --- [main] o.s.c.openfeign.FeignClientFactoryBean   : For 'trade-service' URL not provided. Will try picking an instance via load-balancing.
11:57:39:740  INFO 18676 --- [main] pertySourcedRequestMappingHandlerMapping : Mapped URL path [/v2/api-docs] onto method [springfox.documentation.swagger2.web.Swagger2ControllerWebMvc#getDocumentation(String, HttpServletRequest)]
11:57:40:133  INFO 18676 --- [main] com.alibaba.nacos.common.remote.client   : [RpcClientFactory] create a new rpc client of dae344d7-84e1-4922-9085-e579e70224c1
11:57:40:134  INFO 18676 --- [main] com.alibaba.nacos.common.remote.client   : [dae344d7-84e1-4922-9085-e579e70224c1] RpcClient init label, labels = {module=naming, source=sdk}
11:57:40:139  INFO 18676 --- [main] com.alibaba.nacos.common.remote.client   : [dae344d7-84e1-4922-9085-e579e70224c1] RpcClient init, ServerListFactory = com.alibaba.nacos.client.naming.core.ServerListManager
11:57:40:139  INFO 18676 --- [main] com.alibaba.nacos.common.remote.client   : [dae344d7-84e1-4922-9085-e579e70224c1] Registry connection listener to current client:com.alibaba.nacos.client.naming.remote.gprc.redo.NamingGrpcRedoService
11:57:40:142  INFO 18676 --- [main] com.alibaba.nacos.common.remote.client   : [dae344d7-84e1-4922-9085-e579e70224c1] Register server push request handler:com.alibaba.nacos.client.naming.remote.gprc.NamingPushRequestHandler
11:57:40:143  INFO 18676 --- [main] com.alibaba.nacos.common.remote.client   : [dae344d7-84e1-4922-9085-e579e70224c1] Try to connect to server on start up, server: {serverIp = '192.168.121.128', server main port = 8848}
11:57:40:284  INFO 18676 --- [main] com.alibaba.nacos.common.remote.client   : [dae344d7-84e1-4922-9085-e579e70224c1] Success to connect to server [192.168.121.128:8848] on start up, connectionId = 1724547809046_192.168.121.1_64791
11:57:40:285  INFO 18676 --- [main] com.alibaba.nacos.common.remote.client   : [dae344d7-84e1-4922-9085-e579e70224c1] Register server push request handler:com.alibaba.nacos.common.remote.client.RpcClient$ConnectResetRequestHandler
11:57:40:285  INFO 18676 --- [main] com.alibaba.nacos.common.remote.client   : [dae344d7-84e1-4922-9085-e579e70224c1] Register server push request handler:com.alibaba.nacos.common.remote.client.RpcClient$$Lambda$466/0x0000000800445840
11:57:40:285  INFO 18676 --- [com.alibaba.nacos.client.remote.worker] com.alibaba.nacos.common.remote.client   : [dae344d7-84e1-4922-9085-e579e70224c1] Notify connected event to listeners.
11:57:40:331  INFO 18676 --- [main] o.s.b.w.embedded.tomcat.TomcatWebServer  : Tomcat started on port(s): 8086 (http) with context path ''
11:57:40:341  INFO 18676 --- [main] c.a.c.n.registry.NacosServiceRegistry    : nacos registry, DEFAULT_GROUP pay-service 192.168.0.103:8086 register finished
11:57:40:345  INFO 18676 --- [main] d.s.w.p.DocumentationPluginsBootstrapper : Documentation plugins bootstrapped
11:57:40:347  INFO 18676 --- [main] d.s.w.p.DocumentationPluginsBootstrapper : Found 1 custom documentation plugin(s)
11:57:40:362  INFO 18676 --- [main] s.d.s.w.s.ApiListingReferenceScanner     : Scanning for api listing references
11:57:40:427  INFO 18676 --- [main] com.zjn.pay.PayApplication               : Started PayApplication in 4.674 seconds (JVM running for 5.13)
11:57:40:430  INFO 18676 --- [main] c.a.c.n.refresh.NacosContextRefresher    : [Nacos Config] Listening config: dataId=pay-service, group=DEFAULT_GROUP
11:57:40:430  INFO 18676 --- [main] c.a.c.n.refresh.NacosContextRefresher    : [Nacos Config] Listening config: dataId=pay-service.yaml, group=DEFAULT_GROUP
11:57:40:430  INFO 18676 --- [main] c.a.c.n.refresh.NacosContextRefresher    : [Nacos Config] Listening config: dataId=pay-service-local.yaml, group=DEFAULT_GROUP
11:57:40:826  INFO 18676 --- [nacos-grpc-client-executor-10] com.alibaba.nacos.common.remote.client   : [dae344d7-84e1-4922-9085-e579e70224c1] Receive server push request, request = NotifySubscriberRequest, requestId = 298
11:57:40:829  INFO 18676 --- [nacos-grpc-client-executor-10] com.alibaba.nacos.common.remote.client   : [dae344d7-84e1-4922-9085-e579e70224c1] Ack server push request, request = NotifySubscriberRequest, requestId = 298
