00:19:19:996  WARN 2383 --- [HikariPool-1 housekeeper] com.zaxxer.hikari.pool.HikariPool        : HikariPool-1 - Thread starvation or clock leap detected (housekeeper delta=54s899ms).
00:36:29:626  WARN 2383 --- [HikariPool-1 housekeeper] com.zaxxer.hikari.pool.HikariPool        : HikariPool-1 - Thread starvation or clock leap detected (housekeeper delta=17m9s631ms).
00:38:39:219  WARN 2383 --- [HikariPool-1 housekeeper] com.zaxxer.hikari.pool.HikariPool        : HikariPool-1 - Thread starvation or clock leap detected (housekeeper delta=2m9s593ms).
01:11:30:794  WARN 2383 --- [HikariPool-1 housekeeper] com.zaxxer.hikari.pool.HikariPool        : HikariPool-1 - Thread starvation or clock leap detected (housekeeper delta=32m51s575ms).
01:14:20:400  WARN 2383 --- [HikariPool-1 housekeeper] com.zaxxer.hikari.pool.HikariPool        : HikariPool-1 - Thread starvation or clock leap detected (housekeeper delta=2m49s605ms).
01:31:05:116  WARN 2383 --- [HikariPool-1 housekeeper] com.zaxxer.hikari.pool.HikariPool        : HikariPool-1 - Thread starvation or clock leap detected (housekeeper delta=16m44s716ms).
01:50:41:055  WARN 2383 --- [HikariPool-1 housekeeper] com.zaxxer.hikari.pool.HikariPool        : HikariPool-1 - Thread starvation or clock leap detected (housekeeper delta=19m35s940ms).
01:52:50:638  WARN 2383 --- [HikariPool-1 housekeeper] com.zaxxer.hikari.pool.HikariPool        : HikariPool-1 - Thread starvation or clock leap detected (housekeeper delta=2m9s582ms).
02:09:52:092  WARN 2383 --- [HikariPool-1 housekeeper] com.zaxxer.hikari.pool.HikariPool        : HikariPool-1 - Thread starvation or clock leap detected (housekeeper delta=17m1s455ms).
02:27:01:687  WARN 2383 --- [HikariPool-1 housekeeper] com.zaxxer.hikari.pool.HikariPool        : HikariPool-1 - Thread starvation or clock leap detected (housekeeper delta=17m9s595ms).
02:45:11:004  WARN 2383 --- [HikariPool-1 housekeeper] com.zaxxer.hikari.pool.HikariPool        : HikariPool-1 - Thread starvation or clock leap detected (housekeeper delta=18m9s317ms).
02:46:30:809  WARN 2383 --- [HikariPool-1 housekeeper] com.zaxxer.hikari.pool.HikariPool        : HikariPool-1 - Thread starvation or clock leap detected (housekeeper delta=1m19s805ms).
03:05:08:699  WARN 2383 --- [HikariPool-1 housekeeper] com.zaxxer.hikari.pool.HikariPool        : HikariPool-1 - Thread starvation or clock leap detected (housekeeper delta=18m37s890ms).
03:23:11:726  WARN 2383 --- [HikariPool-1 housekeeper] com.zaxxer.hikari.pool.HikariPool        : HikariPool-1 - Thread starvation or clock leap detected (housekeeper delta=18m3s27ms).
03:24:06:648  WARN 2383 --- [HikariPool-1 housekeeper] com.zaxxer.hikari.pool.HikariPool        : HikariPool-1 - Thread starvation or clock leap detected (housekeeper delta=54s922ms).
03:41:16:266  WARN 2383 --- [HikariPool-1 housekeeper] com.zaxxer.hikari.pool.HikariPool        : HikariPool-1 - Thread starvation or clock leap detected (housekeeper delta=17m9s618ms).
04:15:00:837  WARN 2383 --- [HikariPool-1 housekeeper] com.zaxxer.hikari.pool.HikariPool        : HikariPool-1 - Thread starvation or clock leap detected (housekeeper delta=33m44s570ms).
04:16:20:635  WARN 2383 --- [HikariPool-1 housekeeper] com.zaxxer.hikari.pool.HikariPool        : HikariPool-1 - Thread starvation or clock leap detected (housekeeper delta=1m19s799ms).
04:33:17:743  WARN 2383 --- [HikariPool-1 housekeeper] com.zaxxer.hikari.pool.HikariPool        : HikariPool-1 - Thread starvation or clock leap detected (housekeeper delta=16m57s108ms).
04:50:03:642  WARN 2383 --- [HikariPool-1 housekeeper] com.zaxxer.hikari.pool.HikariPool        : HikariPool-1 - Thread starvation or clock leap detected (housekeeper delta=16m45s899ms).
04:52:13:244  WARN 2383 --- [HikariPool-1 housekeeper] com.zaxxer.hikari.pool.HikariPool        : HikariPool-1 - Thread starvation or clock leap detected (housekeeper delta=2m9s602ms).
05:11:08:001  WARN 2383 --- [HikariPool-1 housekeeper] com.zaxxer.hikari.pool.HikariPool        : HikariPool-1 - Thread starvation or clock leap detected (housekeeper delta=18m54s757ms).
05:44:46:252  WARN 2383 --- [HikariPool-1 housekeeper] com.zaxxer.hikari.pool.HikariPool        : HikariPool-1 - Thread starvation or clock leap detected (housekeeper delta=33m38s251ms).
05:46:31:052  WARN 2383 --- [HikariPool-1 housekeeper] com.zaxxer.hikari.pool.HikariPool        : HikariPool-1 - Thread starvation or clock leap detected (housekeeper delta=1m44s800ms).
06:02:50:873  WARN 2383 --- [HikariPool-1 housekeeper] com.zaxxer.hikari.pool.HikariPool        : HikariPool-1 - Thread starvation or clock leap detected (housekeeper delta=16m19s821ms).
06:19:53:400  WARN 2383 --- [HikariPool-1 housekeeper] com.zaxxer.hikari.pool.HikariPool        : HikariPool-1 - Thread starvation or clock leap detected (housekeeper delta=17m2s527ms).
06:37:02:993  WARN 2383 --- [HikariPool-1 housekeeper] com.zaxxer.hikari.pool.HikariPool        : HikariPool-1 - Thread starvation or clock leap detected (housekeeper delta=17m9s592ms).
06:55:21:469  WARN 2383 --- [HikariPool-1 housekeeper] com.zaxxer.hikari.pool.HikariPool        : HikariPool-1 - Thread starvation or clock leap detected (housekeeper delta=18m18s477ms).
07:12:31:077  WARN 2383 --- [HikariPool-1 housekeeper] com.zaxxer.hikari.pool.HikariPool        : HikariPool-1 - Thread starvation or clock leap detected (housekeeper delta=17m9s607ms).
07:30:26:201  WARN 2383 --- [HikariPool-1 housekeeper] com.zaxxer.hikari.pool.HikariPool        : HikariPool-1 - Thread starvation or clock leap detected (housekeeper delta=17m55s125ms).
07:47:10:923  WARN 2383 --- [HikariPool-1 housekeeper] com.zaxxer.hikari.pool.HikariPool        : HikariPool-1 - Thread starvation or clock leap detected (housekeeper delta=16m44s722ms).
08:05:45:326  WARN 2383 --- [HikariPool-1 housekeeper] com.zaxxer.hikari.pool.HikariPool        : HikariPool-1 - Thread starvation or clock leap detected (housekeeper delta=18m34s403ms).
08:07:29:877  WARN 2383 --- [HikariPool-1 housekeeper] com.zaxxer.hikari.pool.HikariPool        : HikariPool-1 - Thread starvation or clock leap detected (housekeeper delta=1m44s550ms).
08:27:57:938  WARN 2383 --- [HikariPool-1 housekeeper] com.zaxxer.hikari.pool.HikariPool        : HikariPool-1 - Thread starvation or clock leap detected (housekeeper delta=20m28s62ms).
08:40:56:783  WARN 2383 --- [HikariPool-1 housekeeper] com.zaxxer.hikari.pool.HikariPool        : HikariPool-1 - Thread starvation or clock leap detected (housekeeper delta=12m58s845ms).
08:42:36:886  WARN 2383 --- [HikariPool-1 housekeeper] com.zaxxer.hikari.pool.HikariPool        : HikariPool-1 - Thread starvation or clock leap detected (housekeeper delta=1m40s102ms).
08:48:02:261  WARN 2383 --- [Thread-7] c.a.n.common.http.HttpClientBeanHolder   : [HttpClientBeanHolder] Start destroying common HttpClient
08:48:02:261  WARN 2383 --- [Thread-4] c.a.nacos.common.notify.NotifyCenter     : [NotifyCenter] Start destroying Publisher
08:48:02:263  WARN 2383 --- [Thread-4] c.a.nacos.common.notify.NotifyCenter     : [NotifyCenter] Destruction of the end
08:48:02:264  WARN 2383 --- [Thread-7] c.a.n.common.http.HttpClientBeanHolder   : [HttpClientBeanHolder] Destruction of the end
08:48:02:309  INFO 2383 --- [SpringApplicationShutdownHook] c.a.c.n.registry.NacosServiceRegistry    : De-registering from Nacos Server now...
08:48:02:314  INFO 2383 --- [SpringApplicationShutdownHook] c.a.c.n.registry.NacosServiceRegistry    : De-registration finished.
08:48:02:631  INFO 2383 --- [SpringApplicationShutdownHook] com.alibaba.nacos.common.remote.client   : Shutdown rpc client, set status to shutdown
08:48:02:631  INFO 2383 --- [SpringApplicationShutdownHook] com.alibaba.nacos.common.remote.client   : Shutdown client event executor java.util.concurrent.ScheduledThreadPoolExecutor@5e8cd57e[Running, pool size = 2, active threads = 2, queued tasks = 0, completed tasks = 0]
08:48:02:631  INFO 2383 --- [SpringApplicationShutdownHook] com.alibaba.nacos.common.remote.client   : Close current connection 1724485980513_192.168.121.1_56753
08:48:02:632  INFO 2383 --- [nacos-grpc-client-executor-1043] c.a.n.c.remote.client.grpc.GrpcClient    : [1724485980513_192.168.121.1_56753]Ignore complete event,isRunning:false,isAbandon=false
08:48:02:635  INFO 2383 --- [SpringApplicationShutdownHook] c.a.n.c.remote.client.grpc.GrpcClient    : Shutdown grpc executor java.util.concurrent.ThreadPoolExecutor@104254d7[Running, pool size = 8, active threads = 0, queued tasks = 0, completed tasks = 1044]
08:48:02:639  INFO 2383 --- [SpringApplicationShutdownHook] com.zaxxer.hikari.HikariDataSource       : HikariPool-1 - Shutdown initiated...
08:48:02:671  INFO 2383 --- [SpringApplicationShutdownHook] com.zaxxer.hikari.HikariDataSource       : HikariPool-1 - Shutdown completed.
08:48:04:803  INFO 6875 --- [main] com.zjn.cart.CartApplication             : Starting CartApplication using Java 11.0.14.1 on bbcall3.local with PID 6875 (/Users/zjn_11/Desktop/HMALL/hmall/cart-service/target/classes started by zjn_11 in /Users/zjn_11/Desktop/HMALL/hmall)
08:48:04:804 DEBUG 6875 --- [main] com.zjn.cart.CartApplication             : Running with Spring Boot v2.7.5, Spring v5.3.23
08:48:04:804  INFO 6875 --- [main] com.zjn.cart.CartApplication             : The following 1 profile is active: "local"
08:48:05:257  INFO 6875 --- [main] .s.d.r.c.RepositoryConfigurationDelegate : Multiple Spring Data modules found, entering strict repository configuration mode
08:48:05:258  INFO 6875 --- [main] .s.d.r.c.RepositoryConfigurationDelegate : Bootstrapping Spring Data Redis repositories in DEFAULT mode.
08:48:05:268  INFO 6875 --- [main] .s.d.r.c.RepositoryConfigurationDelegate : Finished Spring Data repository scanning in 3 ms. Found 0 Redis repository interfaces.
08:48:05:420  INFO 6875 --- [main] o.s.cloud.context.scope.GenericScope     : BeanFactory id=7f1722d6-0a64-3767-8fdd-b6b85fd90299
08:48:05:651  INFO 6875 --- [main] o.s.b.w.embedded.tomcat.TomcatWebServer  : Tomcat initialized with port(s): 8082 (http)
08:48:05:655  INFO 6875 --- [main] o.apache.catalina.core.StandardService   : Starting service [Tomcat]
08:48:05:656  INFO 6875 --- [main] org.apache.catalina.core.StandardEngine  : Starting Servlet engine: [Apache Tomcat/9.0.68]
08:48:05:727  INFO 6875 --- [main] o.a.c.c.C.[Tomcat].[localhost].[/]       : Initializing Spring embedded WebApplicationContext
08:48:05:727  INFO 6875 --- [main] w.s.c.ServletWebServerApplicationContext : Root WebApplicationContext: initialization completed in 900 ms
08:48:05:871  INFO 6875 --- [main] o.s.c.openfeign.FeignClientFactoryBean   : For 'item-service' URL not provided. Will try picking an instance via load-balancing.
08:48:06:473  INFO 6875 --- [main] pertySourcedRequestMappingHandlerMapping : Mapped URL path [/v2/api-docs] onto method [springfox.documentation.swagger2.web.Swagger2ControllerWebMvc#getDocumentation(String, HttpServletRequest)]
08:48:06:746  INFO 6875 --- [main] com.alibaba.nacos.common.remote.client   : [RpcClientFactory] create a new rpc client of 82ad98b0-8d5e-4135-b2c4-2fb0e7401dfb
08:48:06:791  INFO 6875 --- [main] org.reflections.Reflections              : Reflections took 33 ms to scan 1 urls, producing 3 keys and 6 values 
08:48:06:810  INFO 6875 --- [main] org.reflections.Reflections              : Reflections took 7 ms to scan 1 urls, producing 4 keys and 9 values 
08:48:06:816  INFO 6875 --- [main] org.reflections.Reflections              : Reflections took 5 ms to scan 1 urls, producing 3 keys and 10 values 
08:48:06:818  WARN 6875 --- [main] org.reflections.Reflections              : given scan urls are empty. set urls in the configuration
08:48:06:823  INFO 6875 --- [main] org.reflections.Reflections              : Reflections took 5 ms to scan 1 urls, producing 1 keys and 5 values 
08:48:06:829  INFO 6875 --- [main] org.reflections.Reflections              : Reflections took 5 ms to scan 1 urls, producing 1 keys and 7 values 
08:48:06:835  INFO 6875 --- [main] org.reflections.Reflections              : Reflections took 5 ms to scan 1 urls, producing 2 keys and 8 values 
08:48:06:836  WARN 6875 --- [main] org.reflections.Reflections              : given scan urls are empty. set urls in the configuration
08:48:06:837  INFO 6875 --- [main] com.alibaba.nacos.common.remote.client   : [82ad98b0-8d5e-4135-b2c4-2fb0e7401dfb] RpcClient init label, labels = {module=naming, source=sdk}
08:48:06:838  INFO 6875 --- [main] com.alibaba.nacos.common.remote.client   : [82ad98b0-8d5e-4135-b2c4-2fb0e7401dfb] RpcClient init, ServerListFactory = com.alibaba.nacos.client.naming.core.ServerListManager
08:48:06:838  INFO 6875 --- [main] com.alibaba.nacos.common.remote.client   : [82ad98b0-8d5e-4135-b2c4-2fb0e7401dfb] Registry connection listener to current client:com.alibaba.nacos.client.naming.remote.gprc.redo.NamingGrpcRedoService
08:48:06:839  INFO 6875 --- [main] com.alibaba.nacos.common.remote.client   : [82ad98b0-8d5e-4135-b2c4-2fb0e7401dfb] Register server push request handler:com.alibaba.nacos.client.naming.remote.gprc.NamingPushRequestHandler
08:48:06:840  INFO 6875 --- [main] com.alibaba.nacos.common.remote.client   : [82ad98b0-8d5e-4135-b2c4-2fb0e7401dfb] Try to connect to server on start up, server: {serverIp = '192.168.121.128', server main port = 8848}
08:48:07:276  INFO 6875 --- [main] com.alibaba.nacos.common.remote.client   : [82ad98b0-8d5e-4135-b2c4-2fb0e7401dfb] Success to connect to server [192.168.121.128:8848] on start up, connectionId = 1724489546902_192.168.121.1_49284
08:48:07:276  INFO 6875 --- [main] com.alibaba.nacos.common.remote.client   : [82ad98b0-8d5e-4135-b2c4-2fb0e7401dfb] Register server push request handler:com.alibaba.nacos.common.remote.client.RpcClient$ConnectResetRequestHandler
08:48:07:277  INFO 6875 --- [main] com.alibaba.nacos.common.remote.client   : [82ad98b0-8d5e-4135-b2c4-2fb0e7401dfb] Register server push request handler:com.alibaba.nacos.common.remote.client.RpcClient$$Lambda$1122/0x00000008007e3040
08:48:07:277  INFO 6875 --- [com.alibaba.nacos.client.remote.worker] com.alibaba.nacos.common.remote.client   : [82ad98b0-8d5e-4135-b2c4-2fb0e7401dfb] Notify connected event to listeners.
08:48:07:348  INFO 6875 --- [main] o.s.b.w.embedded.tomcat.TomcatWebServer  : Tomcat started on port(s): 8082 (http) with context path ''
08:48:07:355  INFO 6875 --- [main] c.a.c.n.registry.NacosServiceRegistry    : nacos registry, DEFAULT_GROUP cart-service 10.71.59.104:8082 register finished
08:48:07:358  INFO 6875 --- [main] d.s.w.p.DocumentationPluginsBootstrapper : Documentation plugins bootstrapped
08:48:07:359  INFO 6875 --- [main] d.s.w.p.DocumentationPluginsBootstrapper : Found 1 custom documentation plugin(s)
08:48:07:372  INFO 6875 --- [main] s.d.s.w.s.ApiListingReferenceScanner     : Scanning for api listing references
08:48:07:429  INFO 6875 --- [main] com.zjn.cart.CartApplication             : Started CartApplication in 2.903 seconds (JVM running for 3.564)
08:48:07:921  INFO 6875 --- [nacos-grpc-client-executor-9] com.alibaba.nacos.common.remote.client   : [82ad98b0-8d5e-4135-b2c4-2fb0e7401dfb] Receive server push request, request = NotifySubscriberRequest, requestId = 81
08:48:07:931  INFO 6875 --- [nacos-grpc-client-executor-9] com.alibaba.nacos.common.remote.client   : [82ad98b0-8d5e-4135-b2c4-2fb0e7401dfb] Ack server push request, request = NotifySubscriberRequest, requestId = 81
08:58:18:415  WARN 6875 --- [Thread-7] c.a.n.common.http.HttpClientBeanHolder   : [HttpClientBeanHolder] Start destroying common HttpClient
08:58:18:415  WARN 6875 --- [Thread-4] c.a.nacos.common.notify.NotifyCenter     : [NotifyCenter] Start destroying Publisher
08:58:18:416  WARN 6875 --- [Thread-4] c.a.nacos.common.notify.NotifyCenter     : [NotifyCenter] Destruction of the end
08:58:18:416  WARN 6875 --- [Thread-7] c.a.n.common.http.HttpClientBeanHolder   : [HttpClientBeanHolder] Destruction of the end
08:58:18:460  INFO 6875 --- [SpringApplicationShutdownHook] c.a.c.n.registry.NacosServiceRegistry    : De-registering from Nacos Server now...
08:58:18:464  INFO 6875 --- [SpringApplicationShutdownHook] c.a.c.n.registry.NacosServiceRegistry    : De-registration finished.
08:58:18:777  INFO 6875 --- [SpringApplicationShutdownHook] com.alibaba.nacos.common.remote.client   : Shutdown rpc client, set status to shutdown
08:58:18:777  INFO 6875 --- [SpringApplicationShutdownHook] com.alibaba.nacos.common.remote.client   : Shutdown client event executor java.util.concurrent.ScheduledThreadPoolExecutor@13d1174a[Running, pool size = 2, active threads = 2, queued tasks = 0, completed tasks = 0]
08:58:18:777  INFO 6875 --- [SpringApplicationShutdownHook] com.alibaba.nacos.common.remote.client   : Close current connection 1724489546902_192.168.121.1_49284
08:58:18:779  INFO 6875 --- [nacos-grpc-client-executor-217] c.a.n.c.remote.client.grpc.GrpcClient    : [1724489546902_192.168.121.1_49284]Ignore complete event,isRunning:false,isAbandon=false
08:58:18:781  INFO 6875 --- [SpringApplicationShutdownHook] c.a.n.c.remote.client.grpc.GrpcClient    : Shutdown grpc executor java.util.concurrent.ThreadPoolExecutor@7b5b6d10[Running, pool size = 6, active threads = 0, queued tasks = 0, completed tasks = 218]
08:58:30:163  INFO 7717 --- [main] com.zjn.cart.CartApplication             : Starting CartApplication using Java 11.0.14.1 on bbcall3.local with PID 7717 (/Users/zjn_11/Desktop/HMALL/hmall/cart-service/target/classes started by zjn_11 in /Users/zjn_11/Desktop/HMALL/hmall)
08:58:30:164 DEBUG 7717 --- [main] com.zjn.cart.CartApplication             : Running with Spring Boot v2.7.5, Spring v5.3.23
08:58:30:164  INFO 7717 --- [main] com.zjn.cart.CartApplication             : The following 1 profile is active: "local"
08:58:30:295 ERROR 7717 --- [main] o.s.boot.SpringApplication               : Application run failed

java.lang.IllegalStateException: Unable to read meta-data for class #  com.hmall.common.config.MvcConfig
	at org.springframework.boot.autoconfigure.AutoConfigurationSorter$AutoConfigurationClass.getAnnotationMetadata(AutoConfigurationSorter.java:237) ~[spring-boot-autoconfigure-2.7.5.jar:2.7.5]
	at org.springframework.boot.autoconfigure.AutoConfigurationSorter$AutoConfigurationClass.getOrder(AutoConfigurationSorter.java:208) ~[spring-boot-autoconfigure-2.7.5.jar:2.7.5]
	at org.springframework.boot.autoconfigure.AutoConfigurationSorter$AutoConfigurationClass.access$000(AutoConfigurationSorter.java:154) ~[spring-boot-autoconfigure-2.7.5.jar:2.7.5]
	at org.springframework.boot.autoconfigure.AutoConfigurationSorter.lambda$getInPriorityOrder$0(AutoConfigurationSorter.java:64) ~[spring-boot-autoconfigure-2.7.5.jar:2.7.5]
	at java.base/java.util.TimSort.countRunAndMakeAscending(TimSort.java:355) ~[na:na]
	at java.base/java.util.TimSort.sort(TimSort.java:234) ~[na:na]
	at java.base/java.util.Arrays.sort(Arrays.java:1515) ~[na:na]
	at java.base/java.util.ArrayList.sort(ArrayList.java:1750) ~[na:na]
	at org.springframework.boot.autoconfigure.AutoConfigurationSorter.getInPriorityOrder(AutoConfigurationSorter.java:62) ~[spring-boot-autoconfigure-2.7.5.jar:2.7.5]
	at org.springframework.boot.autoconfigure.AutoConfigurationImportSelector$AutoConfigurationGroup.sortAutoConfigurations(AutoConfigurationImportSelector.java:474) ~[spring-boot-autoconfigure-2.7.5.jar:2.7.5]
	at org.springframework.boot.autoconfigure.AutoConfigurationImportSelector$AutoConfigurationGroup.selectImports(AutoConfigurationImportSelector.java:459) ~[spring-boot-autoconfigure-2.7.5.jar:2.7.5]
	at org.springframework.context.annotation.ConfigurationClassParser$DeferredImportSelectorGrouping.getImports(ConfigurationClassParser.java:882) ~[spring-context-5.3.23.jar:5.3.23]
	at org.springframework.context.annotation.ConfigurationClassParser$DeferredImportSelectorGroupingHandler.processGroupImports(ConfigurationClassParser.java:809) ~[spring-context-5.3.23.jar:5.3.23]
	at org.springframework.context.annotation.ConfigurationClassParser$DeferredImportSelectorHandler.process(ConfigurationClassParser.java:780) ~[spring-context-5.3.23.jar:5.3.23]
	at org.springframework.context.annotation.ConfigurationClassParser.parse(ConfigurationClassParser.java:192) ~[spring-context-5.3.23.jar:5.3.23]
	at org.springframework.context.annotation.ConfigurationClassPostProcessor.processConfigBeanDefinitions(ConfigurationClassPostProcessor.java:331) ~[spring-context-5.3.23.jar:5.3.23]
	at org.springframework.context.annotation.ConfigurationClassPostProcessor.postProcessBeanDefinitionRegistry(ConfigurationClassPostProcessor.java:247) ~[spring-context-5.3.23.jar:5.3.23]
	at org.springframework.context.support.PostProcessorRegistrationDelegate.invokeBeanDefinitionRegistryPostProcessors(PostProcessorRegistrationDelegate.java:311) ~[spring-context-5.3.23.jar:5.3.23]
	at org.springframework.context.support.PostProcessorRegistrationDelegate.invokeBeanFactoryPostProcessors(PostProcessorRegistrationDelegate.java:112) ~[spring-context-5.3.23.jar:5.3.23]
	at org.springframework.context.support.AbstractApplicationContext.invokeBeanFactoryPostProcessors(AbstractApplicationContext.java:746) ~[spring-context-5.3.23.jar:5.3.23]
	at org.springframework.context.support.AbstractApplicationContext.refresh(AbstractApplicationContext.java:564) ~[spring-context-5.3.23.jar:5.3.23]
	at org.springframework.boot.web.servlet.context.ServletWebServerApplicationContext.refresh(ServletWebServerApplicationContext.java:147) ~[spring-boot-2.7.5.jar:2.7.5]
	at org.springframework.boot.SpringApplication.refresh(SpringApplication.java:734) ~[spring-boot-2.7.5.jar:2.7.5]
	at org.springframework.boot.SpringApplication.refreshContext(SpringApplication.java:408) ~[spring-boot-2.7.5.jar:2.7.5]
	at org.springframework.boot.SpringApplication.run(SpringApplication.java:308) ~[spring-boot-2.7.5.jar:2.7.5]
	at org.springframework.boot.SpringApplication.run(SpringApplication.java:1306) ~[spring-boot-2.7.5.jar:2.7.5]
	at org.springframework.boot.SpringApplication.run(SpringApplication.java:1295) ~[spring-boot-2.7.5.jar:2.7.5]
	at com.zjn.cart.CartApplication.main(CartApplication.java:14) ~[classes/:na]
Caused by: java.io.FileNotFoundException: class path resource [#  com/hmall/common/config/MvcConfig.class] cannot be opened because it does not exist
	at org.springframework.core.io.ClassPathResource.getInputStream(ClassPathResource.java:199) ~[spring-core-5.3.23.jar:5.3.23]
	at org.springframework.core.type.classreading.SimpleMetadataReader.getClassReader(SimpleMetadataReader.java:55) ~[spring-core-5.3.23.jar:5.3.23]
	at org.springframework.core.type.classreading.SimpleMetadataReader.<init>(SimpleMetadataReader.java:48) ~[spring-core-5.3.23.jar:5.3.23]
	at org.springframework.core.type.classreading.SimpleMetadataReaderFactory.getMetadataReader(SimpleMetadataReaderFactory.java:103) ~[spring-core-5.3.23.jar:5.3.23]
	at org.springframework.boot.type.classreading.ConcurrentReferenceCachingMetadataReaderFactory.createMetadataReader(ConcurrentReferenceCachingMetadataReaderFactory.java:86) ~[spring-boot-2.7.5.jar:2.7.5]
	at org.springframework.boot.type.classreading.ConcurrentReferenceCachingMetadataReaderFactory.getMetadataReader(ConcurrentReferenceCachingMetadataReaderFactory.java:73) ~[spring-boot-2.7.5.jar:2.7.5]
	at org.springframework.core.type.classreading.SimpleMetadataReaderFactory.getMetadataReader(SimpleMetadataReaderFactory.java:81) ~[spring-core-5.3.23.jar:5.3.23]
	at org.springframework.boot.autoconfigure.AutoConfigurationSorter$AutoConfigurationClass.getAnnotationMetadata(AutoConfigurationSorter.java:233) ~[spring-boot-autoconfigure-2.7.5.jar:2.7.5]
	... 27 common frames omitted

09:00:44:227  INFO 7849 --- [main] com.zjn.cart.CartApplication             : Starting CartApplication using Java 11.0.14.1 on bbcall3.local with PID 7849 (/Users/zjn_11/Desktop/HMALL/hmall/cart-service/target/classes started by zjn_11 in /Users/zjn_11/Desktop/HMALL/hmall)
09:00:44:228 DEBUG 7849 --- [main] com.zjn.cart.CartApplication             : Running with Spring Boot v2.7.5, Spring v5.3.23
09:00:44:228  INFO 7849 --- [main] com.zjn.cart.CartApplication             : The following 1 profile is active: "local"
09:00:44:581  INFO 7849 --- [main] .s.d.r.c.RepositoryConfigurationDelegate : Multiple Spring Data modules found, entering strict repository configuration mode
09:00:44:582  INFO 7849 --- [main] .s.d.r.c.RepositoryConfigurationDelegate : Bootstrapping Spring Data Redis repositories in DEFAULT mode.
09:00:44:589  INFO 7849 --- [main] .s.d.r.c.RepositoryConfigurationDelegate : Finished Spring Data repository scanning in 3 ms. Found 0 Redis repository interfaces.
09:00:44:707  INFO 7849 --- [main] o.s.cloud.context.scope.GenericScope     : BeanFactory id=d0a8d003-6ec7-347b-94f0-c93f416ab0aa
09:00:44:864  INFO 7849 --- [main] o.s.b.w.embedded.tomcat.TomcatWebServer  : Tomcat initialized with port(s): 8082 (http)
09:00:44:867  INFO 7849 --- [main] o.apache.catalina.core.StandardService   : Starting service [Tomcat]
09:00:44:868  INFO 7849 --- [main] org.apache.catalina.core.StandardEngine  : Starting Servlet engine: [Apache Tomcat/9.0.68]
09:00:44:923  INFO 7849 --- [main] o.a.c.c.C.[Tomcat].[localhost].[/]       : Initializing Spring embedded WebApplicationContext
09:00:44:923  INFO 7849 --- [main] w.s.c.ServletWebServerApplicationContext : Root WebApplicationContext: initialization completed in 678 ms
09:00:45:020  INFO 7849 --- [main] o.s.c.openfeign.FeignClientFactoryBean   : For 'item-service' URL not provided. Will try picking an instance via load-balancing.
09:00:45:495  INFO 7849 --- [main] pertySourcedRequestMappingHandlerMapping : Mapped URL path [/v2/api-docs] onto method [springfox.documentation.swagger2.web.Swagger2ControllerWebMvc#getDocumentation(String, HttpServletRequest)]
09:00:45:701  INFO 7849 --- [main] com.alibaba.nacos.common.remote.client   : [RpcClientFactory] create a new rpc client of 64c33f5b-5268-4e86-9d1e-37ae6ae5f1d2
09:00:45:740  INFO 7849 --- [main] org.reflections.Reflections              : Reflections took 32 ms to scan 1 urls, producing 3 keys and 6 values 
09:00:45:754  INFO 7849 --- [main] org.reflections.Reflections              : Reflections took 5 ms to scan 1 urls, producing 4 keys and 9 values 
09:00:45:759  INFO 7849 --- [main] org.reflections.Reflections              : Reflections took 4 ms to scan 1 urls, producing 3 keys and 10 values 
09:00:45:761  WARN 7849 --- [main] org.reflections.Reflections              : given scan urls are empty. set urls in the configuration
09:00:45:765  INFO 7849 --- [main] org.reflections.Reflections              : Reflections took 4 ms to scan 1 urls, producing 1 keys and 5 values 
09:00:45:770  INFO 7849 --- [main] org.reflections.Reflections              : Reflections took 4 ms to scan 1 urls, producing 1 keys and 7 values 
09:00:45:775  INFO 7849 --- [main] org.reflections.Reflections              : Reflections took 4 ms to scan 1 urls, producing 2 keys and 8 values 
09:00:45:776  WARN 7849 --- [main] org.reflections.Reflections              : given scan urls are empty. set urls in the configuration
09:00:45:776  INFO 7849 --- [main] com.alibaba.nacos.common.remote.client   : [64c33f5b-5268-4e86-9d1e-37ae6ae5f1d2] RpcClient init label, labels = {module=naming, source=sdk}
09:00:45:777  INFO 7849 --- [main] com.alibaba.nacos.common.remote.client   : [64c33f5b-5268-4e86-9d1e-37ae6ae5f1d2] RpcClient init, ServerListFactory = com.alibaba.nacos.client.naming.core.ServerListManager
09:00:45:777  INFO 7849 --- [main] com.alibaba.nacos.common.remote.client   : [64c33f5b-5268-4e86-9d1e-37ae6ae5f1d2] Registry connection listener to current client:com.alibaba.nacos.client.naming.remote.gprc.redo.NamingGrpcRedoService
09:00:45:777  INFO 7849 --- [main] com.alibaba.nacos.common.remote.client   : [64c33f5b-5268-4e86-9d1e-37ae6ae5f1d2] Register server push request handler:com.alibaba.nacos.client.naming.remote.gprc.NamingPushRequestHandler
09:00:45:778  INFO 7849 --- [main] com.alibaba.nacos.common.remote.client   : [64c33f5b-5268-4e86-9d1e-37ae6ae5f1d2] Try to connect to server on start up, server: {serverIp = '192.168.121.128', server main port = 8848}
09:00:46:117  INFO 7849 --- [main] com.alibaba.nacos.common.remote.client   : [64c33f5b-5268-4e86-9d1e-37ae6ae5f1d2] Success to connect to server [192.168.121.128:8848] on start up, connectionId = 1724490305754_192.168.121.1_51328
09:00:46:118  INFO 7849 --- [com.alibaba.nacos.client.remote.worker] com.alibaba.nacos.common.remote.client   : [64c33f5b-5268-4e86-9d1e-37ae6ae5f1d2] Notify connected event to listeners.
09:00:46:119  INFO 7849 --- [main] com.alibaba.nacos.common.remote.client   : [64c33f5b-5268-4e86-9d1e-37ae6ae5f1d2] Register server push request handler:com.alibaba.nacos.common.remote.client.RpcClient$ConnectResetRequestHandler
09:00:46:120  INFO 7849 --- [main] com.alibaba.nacos.common.remote.client   : [64c33f5b-5268-4e86-9d1e-37ae6ae5f1d2] Register server push request handler:com.alibaba.nacos.common.remote.client.RpcClient$$Lambda$1122/0x00000008007e3040
09:00:46:187  INFO 7849 --- [main] o.s.b.w.embedded.tomcat.TomcatWebServer  : Tomcat started on port(s): 8082 (http) with context path ''
09:00:46:196  INFO 7849 --- [main] c.a.c.n.registry.NacosServiceRegistry    : nacos registry, DEFAULT_GROUP cart-service 10.71.59.104:8082 register finished
09:00:46:201  INFO 7849 --- [main] d.s.w.p.DocumentationPluginsBootstrapper : Documentation plugins bootstrapped
09:00:46:203  INFO 7849 --- [main] d.s.w.p.DocumentationPluginsBootstrapper : Found 1 custom documentation plugin(s)
09:00:46:215  INFO 7849 --- [main] s.d.s.w.s.ApiListingReferenceScanner     : Scanning for api listing references
09:00:46:258  INFO 7849 --- [main] com.zjn.cart.CartApplication             : Started CartApplication in 2.245 seconds (JVM running for 2.724)
09:00:46:689  INFO 7849 --- [nacos-grpc-client-executor-11] com.alibaba.nacos.common.remote.client   : [64c33f5b-5268-4e86-9d1e-37ae6ae5f1d2] Receive server push request, request = NotifySubscriberRequest, requestId = 89
09:00:46:693  INFO 7849 --- [nacos-grpc-client-executor-11] com.alibaba.nacos.common.remote.client   : [64c33f5b-5268-4e86-9d1e-37ae6ae5f1d2] Ack server push request, request = NotifySubscriberRequest, requestId = 89
09:08:31:309  INFO 7849 --- [http-nio-8082-exec-1] o.a.c.c.C.[Tomcat].[localhost].[/]       : Initializing Spring DispatcherServlet 'dispatcherServlet'
09:08:31:310  INFO 7849 --- [http-nio-8082-exec-1] o.s.web.servlet.DispatcherServlet        : Initializing Servlet 'dispatcherServlet'
09:08:31:312  INFO 7849 --- [http-nio-8082-exec-1] o.s.web.servlet.DispatcherServlet        : Completed initialization in 2 ms
09:08:31:363  INFO 7849 --- [http-nio-8082-exec-1] com.zaxxer.hikari.HikariDataSource       : HikariPool-1 - Starting...
09:08:31:521  INFO 7849 --- [http-nio-8082-exec-1] com.zaxxer.hikari.HikariDataSource       : HikariPool-1 - Start completed.
09:08:31:525 DEBUG 7849 --- [http-nio-8082-exec-1] c.zjn.cart.mapper.CartMapper.selectList  : ==>  Preparing: SELECT id,user_id,item_id,num,name,spec,price,image,create_time,update_time FROM cart WHERE (user_id = ?)
09:08:31:535 DEBUG 7849 --- [http-nio-8082-exec-1] c.zjn.cart.mapper.CartMapper.selectList  : ==> Parameters: null
09:08:31:544 DEBUG 7849 --- [http-nio-8082-exec-1] c.zjn.cart.mapper.CartMapper.selectList  : <==      Total: 0
09:09:06:605  WARN 7849 --- [Thread-7] c.a.n.common.http.HttpClientBeanHolder   : [HttpClientBeanHolder] Start destroying common HttpClient
09:09:06:605  WARN 7849 --- [Thread-4] c.a.nacos.common.notify.NotifyCenter     : [NotifyCenter] Start destroying Publisher
09:09:06:606  WARN 7849 --- [Thread-4] c.a.nacos.common.notify.NotifyCenter     : [NotifyCenter] Destruction of the end
09:09:06:606  WARN 7849 --- [Thread-7] c.a.n.common.http.HttpClientBeanHolder   : [HttpClientBeanHolder] Destruction of the end
09:09:06:631  INFO 7849 --- [SpringApplicationShutdownHook] c.a.c.n.registry.NacosServiceRegistry    : De-registering from Nacos Server now...
09:09:06:640  INFO 7849 --- [SpringApplicationShutdownHook] c.a.c.n.registry.NacosServiceRegistry    : De-registration finished.
09:09:06:954  INFO 7849 --- [SpringApplicationShutdownHook] com.alibaba.nacos.common.remote.client   : Shutdown rpc client, set status to shutdown
09:09:06:954  INFO 7849 --- [SpringApplicationShutdownHook] com.alibaba.nacos.common.remote.client   : Shutdown client event executor java.util.concurrent.ScheduledThreadPoolExecutor@357c89a[Running, pool size = 2, active threads = 2, queued tasks = 0, completed tasks = 0]
09:09:06:954  INFO 7849 --- [SpringApplicationShutdownHook] com.alibaba.nacos.common.remote.client   : Close current connection 1724490305754_192.168.121.1_51328
09:09:06:955  INFO 7849 --- [nacos-grpc-client-executor-192] c.a.n.c.remote.client.grpc.GrpcClient    : [1724490305754_192.168.121.1_51328]Ignore complete event,isRunning:false,isAbandon=false
09:09:06:956  INFO 7849 --- [SpringApplicationShutdownHook] c.a.n.c.remote.client.grpc.GrpcClient    : Shutdown grpc executor java.util.concurrent.ThreadPoolExecutor@705841c4[Running, pool size = 7, active threads = 0, queued tasks = 0, completed tasks = 193]
09:09:06:959  INFO 7849 --- [SpringApplicationShutdownHook] com.zaxxer.hikari.HikariDataSource       : HikariPool-1 - Shutdown initiated...
09:09:06:973  INFO 7849 --- [SpringApplicationShutdownHook] com.zaxxer.hikari.HikariDataSource       : HikariPool-1 - Shutdown completed.
09:09:09:529  INFO 8518 --- [main] com.zjn.cart.CartApplication             : Starting CartApplication using Java 11.0.14.1 on bbcall3.local with PID 8518 (/Users/zjn_11/Desktop/HMALL/hmall/cart-service/target/classes started by zjn_11 in /Users/zjn_11/Desktop/HMALL/hmall)
09:09:09:530 DEBUG 8518 --- [main] com.zjn.cart.CartApplication             : Running with Spring Boot v2.7.5, Spring v5.3.23
09:09:09:530  INFO 8518 --- [main] com.zjn.cart.CartApplication             : The following 1 profile is active: "local"
09:09:09:899  INFO 8518 --- [main] .s.d.r.c.RepositoryConfigurationDelegate : Multiple Spring Data modules found, entering strict repository configuration mode
09:09:09:900  INFO 8518 --- [main] .s.d.r.c.RepositoryConfigurationDelegate : Bootstrapping Spring Data Redis repositories in DEFAULT mode.
09:09:09:908  INFO 8518 --- [main] .s.d.r.c.RepositoryConfigurationDelegate : Finished Spring Data repository scanning in 3 ms. Found 0 Redis repository interfaces.
09:09:10:013  INFO 8518 --- [main] o.s.cloud.context.scope.GenericScope     : BeanFactory id=7f1722d6-0a64-3767-8fdd-b6b85fd90299
09:09:10:178  INFO 8518 --- [main] o.s.b.w.embedded.tomcat.TomcatWebServer  : Tomcat initialized with port(s): 8082 (http)
09:09:10:182  INFO 8518 --- [main] o.apache.catalina.core.StandardService   : Starting service [Tomcat]
09:09:10:182  INFO 8518 --- [main] org.apache.catalina.core.StandardEngine  : Starting Servlet engine: [Apache Tomcat/9.0.68]
09:09:10:235  INFO 8518 --- [main] o.a.c.c.C.[Tomcat].[localhost].[/]       : Initializing Spring embedded WebApplicationContext
09:09:10:235  INFO 8518 --- [main] w.s.c.ServletWebServerApplicationContext : Root WebApplicationContext: initialization completed in 688 ms
09:09:10:324  INFO 8518 --- [main] o.s.c.openfeign.FeignClientFactoryBean   : For 'item-service' URL not provided. Will try picking an instance via load-balancing.
09:09:10:783  INFO 8518 --- [main] pertySourcedRequestMappingHandlerMapping : Mapped URL path [/v2/api-docs] onto method [springfox.documentation.swagger2.web.Swagger2ControllerWebMvc#getDocumentation(String, HttpServletRequest)]
09:09:10:984  INFO 8518 --- [main] com.alibaba.nacos.common.remote.client   : [RpcClientFactory] create a new rpc client of 5cc63815-11a1-42a1-b46d-7ff0184a2d26
09:09:11:003  INFO 8518 --- [main] org.reflections.Reflections              : Reflections took 10 ms to scan 1 urls, producing 3 keys and 6 values 
09:09:11:014  INFO 8518 --- [main] org.reflections.Reflections              : Reflections took 5 ms to scan 1 urls, producing 4 keys and 9 values 
09:09:11:020  INFO 8518 --- [main] org.reflections.Reflections              : Reflections took 5 ms to scan 1 urls, producing 3 keys and 10 values 
09:09:11:021  WARN 8518 --- [main] org.reflections.Reflections              : given scan urls are empty. set urls in the configuration
09:09:11:026  INFO 8518 --- [main] org.reflections.Reflections              : Reflections took 4 ms to scan 1 urls, producing 1 keys and 5 values 
09:09:11:040  INFO 8518 --- [main] org.reflections.Reflections              : Reflections took 13 ms to scan 1 urls, producing 1 keys and 7 values 
09:09:11:046  INFO 8518 --- [main] org.reflections.Reflections              : Reflections took 5 ms to scan 1 urls, producing 2 keys and 8 values 
09:09:11:047  WARN 8518 --- [main] org.reflections.Reflections              : given scan urls are empty. set urls in the configuration
09:09:11:047  INFO 8518 --- [main] com.alibaba.nacos.common.remote.client   : [5cc63815-11a1-42a1-b46d-7ff0184a2d26] RpcClient init label, labels = {module=naming, source=sdk}
09:09:11:048  INFO 8518 --- [main] com.alibaba.nacos.common.remote.client   : [5cc63815-11a1-42a1-b46d-7ff0184a2d26] RpcClient init, ServerListFactory = com.alibaba.nacos.client.naming.core.ServerListManager
09:09:11:048  INFO 8518 --- [main] com.alibaba.nacos.common.remote.client   : [5cc63815-11a1-42a1-b46d-7ff0184a2d26] Registry connection listener to current client:com.alibaba.nacos.client.naming.remote.gprc.redo.NamingGrpcRedoService
09:09:11:048  INFO 8518 --- [main] com.alibaba.nacos.common.remote.client   : [5cc63815-11a1-42a1-b46d-7ff0184a2d26] Register server push request handler:com.alibaba.nacos.client.naming.remote.gprc.NamingPushRequestHandler
09:09:11:049  INFO 8518 --- [main] com.alibaba.nacos.common.remote.client   : [5cc63815-11a1-42a1-b46d-7ff0184a2d26] Try to connect to server on start up, server: {serverIp = '192.168.121.128', server main port = 8848}
09:09:11:378  INFO 8518 --- [main] com.alibaba.nacos.common.remote.client   : [5cc63815-11a1-42a1-b46d-7ff0184a2d26] Success to connect to server [192.168.121.128:8848] on start up, connectionId = 1724490811002_192.168.121.1_54569
09:09:11:379  INFO 8518 --- [com.alibaba.nacos.client.remote.worker] com.alibaba.nacos.common.remote.client   : [5cc63815-11a1-42a1-b46d-7ff0184a2d26] Notify connected event to listeners.
09:09:11:380  INFO 8518 --- [main] com.alibaba.nacos.common.remote.client   : [5cc63815-11a1-42a1-b46d-7ff0184a2d26] Register server push request handler:com.alibaba.nacos.common.remote.client.RpcClient$ConnectResetRequestHandler
09:09:11:381  INFO 8518 --- [main] com.alibaba.nacos.common.remote.client   : [5cc63815-11a1-42a1-b46d-7ff0184a2d26] Register server push request handler:com.alibaba.nacos.common.remote.client.RpcClient$$Lambda$1122/0x00000008007e3040
09:09:11:446  INFO 8518 --- [main] o.s.b.w.embedded.tomcat.TomcatWebServer  : Tomcat started on port(s): 8082 (http) with context path ''
09:09:11:452  INFO 8518 --- [main] c.a.c.n.registry.NacosServiceRegistry    : nacos registry, DEFAULT_GROUP cart-service 10.71.59.104:8082 register finished
09:09:11:455  INFO 8518 --- [main] d.s.w.p.DocumentationPluginsBootstrapper : Documentation plugins bootstrapped
09:09:11:457  INFO 8518 --- [main] d.s.w.p.DocumentationPluginsBootstrapper : Found 1 custom documentation plugin(s)
09:09:11:467  INFO 8518 --- [main] s.d.s.w.s.ApiListingReferenceScanner     : Scanning for api listing references
09:09:11:508  INFO 8518 --- [main] com.zjn.cart.CartApplication             : Started CartApplication in 2.194 seconds (JVM running for 2.713)
09:09:12:009  INFO 8518 --- [nacos-grpc-client-executor-11] com.alibaba.nacos.common.remote.client   : [5cc63815-11a1-42a1-b46d-7ff0184a2d26] Receive server push request, request = NotifySubscriberRequest, requestId = 103
09:09:12:011  INFO 8518 --- [nacos-grpc-client-executor-11] com.alibaba.nacos.common.remote.client   : [5cc63815-11a1-42a1-b46d-7ff0184a2d26] Ack server push request, request = NotifySubscriberRequest, requestId = 103
09:09:15:146  INFO 8518 --- [http-nio-8082-exec-1] o.a.c.c.C.[Tomcat].[localhost].[/]       : Initializing Spring DispatcherServlet 'dispatcherServlet'
09:09:15:148  INFO 8518 --- [http-nio-8082-exec-1] o.s.web.servlet.DispatcherServlet        : Initializing Servlet 'dispatcherServlet'
09:09:15:150  INFO 8518 --- [http-nio-8082-exec-1] o.s.web.servlet.DispatcherServlet        : Completed initialization in 2 ms
09:09:15:238  INFO 8518 --- [http-nio-8082-exec-1] com.zaxxer.hikari.HikariDataSource       : HikariPool-1 - Starting...
09:09:15:387  INFO 8518 --- [http-nio-8082-exec-1] com.zaxxer.hikari.HikariDataSource       : HikariPool-1 - Start completed.
09:09:15:396 DEBUG 8518 --- [http-nio-8082-exec-1] c.zjn.cart.mapper.CartMapper.selectList  : ==>  Preparing: SELECT id,user_id,item_id,num,name,spec,price,image,create_time,update_time FROM cart WHERE (user_id = ?)
09:09:15:427 DEBUG 8518 --- [http-nio-8082-exec-1] c.zjn.cart.mapper.CartMapper.selectList  : ==> Parameters: 1(Long)
09:09:15:455 DEBUG 8518 --- [http-nio-8082-exec-1] c.zjn.cart.mapper.CartMapper.selectList  : <==      Total: 1
09:09:16:131  INFO 8518 --- [nacos-grpc-client-executor-16] com.alibaba.nacos.common.remote.client   : [5cc63815-11a1-42a1-b46d-7ff0184a2d26] Receive server push request, request = NotifySubscriberRequest, requestId = 104
09:09:16:131  INFO 8518 --- [nacos-grpc-client-executor-16] com.alibaba.nacos.common.remote.client   : [5cc63815-11a1-42a1-b46d-7ff0184a2d26] Ack server push request, request = NotifySubscriberRequest, requestId = 104
09:09:36:651 DEBUG 8518 --- [http-nio-8082-exec-3] c.zjn.cart.mapper.CartMapper.selectList  : ==>  Preparing: SELECT id,user_id,item_id,num,name,spec,price,image,create_time,update_time FROM cart WHERE (user_id = ?)
09:09:36:656 DEBUG 8518 --- [http-nio-8082-exec-3] c.zjn.cart.mapper.CartMapper.selectList  : ==> Parameters: 1(Long)
09:09:36:662 DEBUG 8518 --- [http-nio-8082-exec-3] c.zjn.cart.mapper.CartMapper.selectList  : <==      Total: 1
09:11:40:204 DEBUG 8518 --- [http-nio-8082-exec-5] c.zjn.cart.mapper.CartMapper.selectList  : ==>  Preparing: SELECT id,user_id,item_id,num,name,spec,price,image,create_time,update_time FROM cart WHERE (user_id = ?)
09:11:40:207 DEBUG 8518 --- [http-nio-8082-exec-5] c.zjn.cart.mapper.CartMapper.selectList  : ==> Parameters: 1(Long)
09:11:40:236 DEBUG 8518 --- [http-nio-8082-exec-5] c.zjn.cart.mapper.CartMapper.selectList  : <==      Total: 1
09:11:53:930 DEBUG 8518 --- [http-nio-8082-exec-2] c.zjn.cart.mapper.CartMapper.selectList  : ==>  Preparing: SELECT id,user_id,item_id,num,name,spec,price,image,create_time,update_time FROM cart WHERE (user_id = ?)
09:11:53:931 DEBUG 8518 --- [http-nio-8082-exec-2] c.zjn.cart.mapper.CartMapper.selectList  : ==> Parameters: 1(Long)
09:11:53:941 DEBUG 8518 --- [http-nio-8082-exec-2] c.zjn.cart.mapper.CartMapper.selectList  : <==      Total: 1
09:12:06:695 DEBUG 8518 --- [http-nio-8082-exec-5] c.zjn.cart.mapper.CartMapper.selectList  : ==>  Preparing: SELECT id,user_id,item_id,num,name,spec,price,image,create_time,update_time FROM cart WHERE (user_id = ?)
09:12:06:695 DEBUG 8518 --- [http-nio-8082-exec-5] c.zjn.cart.mapper.CartMapper.selectList  : ==> Parameters: 1(Long)
09:12:06:705 DEBUG 8518 --- [http-nio-8082-exec-5] c.zjn.cart.mapper.CartMapper.selectList  : <==      Total: 1
09:18:15:053 DEBUG 8518 --- [http-nio-8082-exec-6] c.zjn.cart.mapper.CartMapper.selectList  : ==>  Preparing: SELECT id,user_id,item_id,num,name,spec,price,image,create_time,update_time FROM cart WHERE (user_id = ?)
09:18:15:061 DEBUG 8518 --- [http-nio-8082-exec-6] c.zjn.cart.mapper.CartMapper.selectList  : ==> Parameters: 1(Long)
09:18:15:069 DEBUG 8518 --- [http-nio-8082-exec-6] c.zjn.cart.mapper.CartMapper.selectList  : <==      Total: 1
09:18:15:844 DEBUG 8518 --- [http-nio-8082-exec-1] c.zjn.cart.mapper.CartMapper.selectList  : ==>  Preparing: SELECT id,user_id,item_id,num,name,spec,price,image,create_time,update_time FROM cart WHERE (user_id = ?)
09:18:15:846 DEBUG 8518 --- [http-nio-8082-exec-1] c.zjn.cart.mapper.CartMapper.selectList  : ==> Parameters: 1(Long)
09:18:15:854 DEBUG 8518 --- [http-nio-8082-exec-1] c.zjn.cart.mapper.CartMapper.selectList  : <==      Total: 1
09:58:29:285  WARN 8518 --- [Thread-7] c.a.n.common.http.HttpClientBeanHolder   : [HttpClientBeanHolder] Start destroying common HttpClient
09:58:29:285  WARN 8518 --- [Thread-4] c.a.nacos.common.notify.NotifyCenter     : [NotifyCenter] Start destroying Publisher
09:58:29:287  WARN 8518 --- [Thread-4] c.a.nacos.common.notify.NotifyCenter     : [NotifyCenter] Destruction of the end
09:58:29:287  WARN 8518 --- [Thread-7] c.a.n.common.http.HttpClientBeanHolder   : [HttpClientBeanHolder] Destruction of the end
09:58:29:323  INFO 8518 --- [SpringApplicationShutdownHook] c.a.c.n.registry.NacosServiceRegistry    : De-registering from Nacos Server now...
09:58:29:326  INFO 8518 --- [SpringApplicationShutdownHook] c.a.c.n.registry.NacosServiceRegistry    : De-registration finished.
09:58:29:638  INFO 8518 --- [SpringApplicationShutdownHook] com.alibaba.nacos.common.remote.client   : Shutdown rpc client, set status to shutdown
09:58:29:638  INFO 8518 --- [SpringApplicationShutdownHook] com.alibaba.nacos.common.remote.client   : Shutdown client event executor java.util.concurrent.ScheduledThreadPoolExecutor@4582a1e[Running, pool size = 2, active threads = 2, queued tasks = 0, completed tasks = 0]
09:58:29:638  INFO 8518 --- [SpringApplicationShutdownHook] com.alibaba.nacos.common.remote.client   : Close current connection 1724490811002_192.168.121.1_54569
09:58:29:639  INFO 8518 --- [nacos-grpc-client-executor-900] c.a.n.c.remote.client.grpc.GrpcClient    : [1724490811002_192.168.121.1_54569]Ignore complete event,isRunning:false,isAbandon=false
09:58:29:640  INFO 8518 --- [SpringApplicationShutdownHook] c.a.n.c.remote.client.grpc.GrpcClient    : Shutdown grpc executor java.util.concurrent.ThreadPoolExecutor@677e6d98[Running, pool size = 6, active threads = 0, queued tasks = 0, completed tasks = 901]
09:58:29:644  INFO 8518 --- [SpringApplicationShutdownHook] com.zaxxer.hikari.HikariDataSource       : HikariPool-1 - Shutdown initiated...
09:58:29:690  INFO 8518 --- [SpringApplicationShutdownHook] com.zaxxer.hikari.HikariDataSource       : HikariPool-1 - Shutdown completed.
10:00:25:180  INFO 12049 --- [main] com.zjn.cart.CartApplication             : Starting CartApplication using Java 11.0.14.1 on bbcall3.local with PID 12049 (/Users/zjn_11/Desktop/HMALL/hmall/cart-service/target/classes started by zjn_11 in /Users/zjn_11/Desktop/HMALL/hmall)
10:00:25:181 DEBUG 12049 --- [main] com.zjn.cart.CartApplication             : Running with Spring Boot v2.7.5, Spring v5.3.23
10:00:25:181  INFO 12049 --- [main] com.zjn.cart.CartApplication             : The following 1 profile is active: "local"
10:00:25:613  INFO 12049 --- [main] .s.d.r.c.RepositoryConfigurationDelegate : Multiple Spring Data modules found, entering strict repository configuration mode
10:00:25:614  INFO 12049 --- [main] .s.d.r.c.RepositoryConfigurationDelegate : Bootstrapping Spring Data Redis repositories in DEFAULT mode.
10:00:25:624  INFO 12049 --- [main] .s.d.r.c.RepositoryConfigurationDelegate : Finished Spring Data repository scanning in 3 ms. Found 0 Redis repository interfaces.
10:00:25:773  INFO 12049 --- [main] o.s.cloud.context.scope.GenericScope     : BeanFactory id=7f1722d6-0a64-3767-8fdd-b6b85fd90299
10:00:25:973  INFO 12049 --- [main] o.s.b.w.embedded.tomcat.TomcatWebServer  : Tomcat initialized with port(s): 8082 (http)
10:00:25:978  INFO 12049 --- [main] o.apache.catalina.core.StandardService   : Starting service [Tomcat]
10:00:25:978  INFO 12049 --- [main] org.apache.catalina.core.StandardEngine  : Starting Servlet engine: [Apache Tomcat/9.0.68]
10:00:26:068  INFO 12049 --- [main] o.a.c.c.C.[Tomcat].[localhost].[/]       : Initializing Spring embedded WebApplicationContext
10:00:26:068  INFO 12049 --- [main] w.s.c.ServletWebServerApplicationContext : Root WebApplicationContext: initialization completed in 866 ms
10:00:26:187  INFO 12049 --- [main] o.s.c.openfeign.FeignClientFactoryBean   : For 'item-service' URL not provided. Will try picking an instance via load-balancing.
10:00:26:724  INFO 12049 --- [main] pertySourcedRequestMappingHandlerMapping : Mapped URL path [/v2/api-docs] onto method [springfox.documentation.swagger2.web.Swagger2ControllerWebMvc#getDocumentation(String, HttpServletRequest)]
10:00:26:994  INFO 12049 --- [main] com.alibaba.nacos.common.remote.client   : [RpcClientFactory] create a new rpc client of f6639a2f-8b26-4478-ac02-12d31b8360e9
10:00:27:014  INFO 12049 --- [main] org.reflections.Reflections              : Reflections took 11 ms to scan 1 urls, producing 3 keys and 6 values 
10:00:27:027  INFO 12049 --- [main] org.reflections.Reflections              : Reflections took 6 ms to scan 1 urls, producing 4 keys and 9 values 
10:00:27:033  INFO 12049 --- [main] org.reflections.Reflections              : Reflections took 5 ms to scan 1 urls, producing 3 keys and 10 values 
10:00:27:036  WARN 12049 --- [main] org.reflections.Reflections              : given scan urls are empty. set urls in the configuration
10:00:27:052  INFO 12049 --- [main] org.reflections.Reflections              : Reflections took 16 ms to scan 1 urls, producing 1 keys and 5 values 
10:00:27:058  INFO 12049 --- [main] org.reflections.Reflections              : Reflections took 5 ms to scan 1 urls, producing 1 keys and 7 values 
10:00:27:063  INFO 12049 --- [main] org.reflections.Reflections              : Reflections took 4 ms to scan 1 urls, producing 2 keys and 8 values 
10:00:27:064  WARN 12049 --- [main] org.reflections.Reflections              : given scan urls are empty. set urls in the configuration
10:00:27:064  INFO 12049 --- [main] com.alibaba.nacos.common.remote.client   : [f6639a2f-8b26-4478-ac02-12d31b8360e9] RpcClient init label, labels = {module=naming, source=sdk}
10:00:27:065  INFO 12049 --- [main] com.alibaba.nacos.common.remote.client   : [f6639a2f-8b26-4478-ac02-12d31b8360e9] RpcClient init, ServerListFactory = com.alibaba.nacos.client.naming.core.ServerListManager
10:00:27:066  INFO 12049 --- [main] com.alibaba.nacos.common.remote.client   : [f6639a2f-8b26-4478-ac02-12d31b8360e9] Registry connection listener to current client:com.alibaba.nacos.client.naming.remote.gprc.redo.NamingGrpcRedoService
10:00:27:066  INFO 12049 --- [main] com.alibaba.nacos.common.remote.client   : [f6639a2f-8b26-4478-ac02-12d31b8360e9] Register server push request handler:com.alibaba.nacos.client.naming.remote.gprc.NamingPushRequestHandler
10:00:27:068  INFO 12049 --- [main] com.alibaba.nacos.common.remote.client   : [f6639a2f-8b26-4478-ac02-12d31b8360e9] Try to connect to server on start up, server: {serverIp = '192.168.121.128', server main port = 8848}
10:00:27:465  INFO 12049 --- [main] com.alibaba.nacos.common.remote.client   : [f6639a2f-8b26-4478-ac02-12d31b8360e9] Success to connect to server [192.168.121.128:8848] on start up, connectionId = 1724493887125_192.168.121.1_57751
10:00:27:466  INFO 12049 --- [main] com.alibaba.nacos.common.remote.client   : [f6639a2f-8b26-4478-ac02-12d31b8360e9] Register server push request handler:com.alibaba.nacos.common.remote.client.RpcClient$ConnectResetRequestHandler
10:00:27:466  INFO 12049 --- [com.alibaba.nacos.client.remote.worker] com.alibaba.nacos.common.remote.client   : [f6639a2f-8b26-4478-ac02-12d31b8360e9] Notify connected event to listeners.
10:00:27:468  INFO 12049 --- [main] com.alibaba.nacos.common.remote.client   : [f6639a2f-8b26-4478-ac02-12d31b8360e9] Register server push request handler:com.alibaba.nacos.common.remote.client.RpcClient$$Lambda$1122/0x00000008007ec440
10:00:27:535  INFO 12049 --- [main] o.s.b.w.embedded.tomcat.TomcatWebServer  : Tomcat started on port(s): 8082 (http) with context path ''
10:00:27:542  INFO 12049 --- [main] c.a.c.n.registry.NacosServiceRegistry    : nacos registry, DEFAULT_GROUP cart-service 10.71.59.104:8082 register finished
10:00:27:545  INFO 12049 --- [main] d.s.w.p.DocumentationPluginsBootstrapper : Documentation plugins bootstrapped
10:00:27:547  INFO 12049 --- [main] d.s.w.p.DocumentationPluginsBootstrapper : Found 1 custom documentation plugin(s)
10:00:27:560  INFO 12049 --- [main] s.d.s.w.s.ApiListingReferenceScanner     : Scanning for api listing references
10:00:27:633  INFO 12049 --- [main] com.zjn.cart.CartApplication             : Started CartApplication in 2.719 seconds (JVM running for 3.223)
10:00:28:022  INFO 12049 --- [nacos-grpc-client-executor-8] com.alibaba.nacos.common.remote.client   : [f6639a2f-8b26-4478-ac02-12d31b8360e9] Receive server push request, request = NotifySubscriberRequest, requestId = 108
10:00:28:024  INFO 12049 --- [nacos-grpc-client-executor-8] com.alibaba.nacos.common.remote.client   : [f6639a2f-8b26-4478-ac02-12d31b8360e9] Ack server push request, request = NotifySubscriberRequest, requestId = 108
10:04:43:709  INFO 12049 --- [http-nio-8082-exec-1] o.a.c.c.C.[Tomcat].[localhost].[/]       : Initializing Spring DispatcherServlet 'dispatcherServlet'
10:04:43:709  INFO 12049 --- [http-nio-8082-exec-1] o.s.web.servlet.DispatcherServlet        : Initializing Servlet 'dispatcherServlet'
10:04:43:722  INFO 12049 --- [http-nio-8082-exec-1] o.s.web.servlet.DispatcherServlet        : Completed initialization in 13 ms
10:04:43:785  INFO 12049 --- [http-nio-8082-exec-1] com.zaxxer.hikari.HikariDataSource       : HikariPool-1 - Starting...
10:04:43:988  INFO 12049 --- [http-nio-8082-exec-1] com.zaxxer.hikari.HikariDataSource       : HikariPool-1 - Start completed.
10:04:43:991 DEBUG 12049 --- [http-nio-8082-exec-1] c.zjn.cart.mapper.CartMapper.selectList  : ==>  Preparing: SELECT id,user_id,item_id,num,name,spec,price,image,create_time,update_time FROM cart WHERE (user_id = ?)
10:04:44:003 DEBUG 12049 --- [http-nio-8082-exec-1] c.zjn.cart.mapper.CartMapper.selectList  : ==> Parameters: 1(Long)
10:04:44:015 DEBUG 12049 --- [http-nio-8082-exec-1] c.zjn.cart.mapper.CartMapper.selectList  : <==      Total: 1
10:04:44:676  INFO 12049 --- [nacos-grpc-client-executor-97] com.alibaba.nacos.common.remote.client   : [f6639a2f-8b26-4478-ac02-12d31b8360e9] Receive server push request, request = NotifySubscriberRequest, requestId = 117
10:04:44:678  INFO 12049 --- [nacos-grpc-client-executor-97] com.alibaba.nacos.common.remote.client   : [f6639a2f-8b26-4478-ac02-12d31b8360e9] Ack server push request, request = NotifySubscriberRequest, requestId = 117
10:04:45:033 DEBUG 12049 --- [http-nio-8082-exec-2] c.zjn.cart.mapper.CartMapper.selectList  : ==>  Preparing: SELECT id,user_id,item_id,num,name,spec,price,image,create_time,update_time FROM cart WHERE (user_id = ?)
10:04:45:033 DEBUG 12049 --- [http-nio-8082-exec-2] c.zjn.cart.mapper.CartMapper.selectList  : ==> Parameters: 1(Long)
10:04:45:035 DEBUG 12049 --- [http-nio-8082-exec-2] c.zjn.cart.mapper.CartMapper.selectList  : <==      Total: 1
10:05:00:308 DEBUG 12049 --- [http-nio-8082-exec-3] c.zjn.cart.mapper.CartMapper.selectList  : ==>  Preparing: SELECT id,user_id,item_id,num,name,spec,price,image,create_time,update_time FROM cart WHERE (user_id = ?)
10:05:00:308 DEBUG 12049 --- [http-nio-8082-exec-3] c.zjn.cart.mapper.CartMapper.selectList  : ==> Parameters: 1(Long)
10:05:00:310 DEBUG 12049 --- [http-nio-8082-exec-3] c.zjn.cart.mapper.CartMapper.selectList  : <==      Total: 1
10:05:30:620  WARN 12049 --- [Thread-4] c.a.nacos.common.notify.NotifyCenter     : [NotifyCenter] Start destroying Publisher
10:05:30:620  WARN 12049 --- [Thread-7] c.a.n.common.http.HttpClientBeanHolder   : [HttpClientBeanHolder] Start destroying common HttpClient
10:05:30:623  WARN 12049 --- [Thread-4] c.a.nacos.common.notify.NotifyCenter     : [NotifyCenter] Destruction of the end
10:05:30:624  WARN 12049 --- [Thread-7] c.a.n.common.http.HttpClientBeanHolder   : [HttpClientBeanHolder] Destruction of the end
10:05:30:663  INFO 12049 --- [SpringApplicationShutdownHook] c.a.c.n.registry.NacosServiceRegistry    : De-registering from Nacos Server now...
10:05:30:676  INFO 12049 --- [SpringApplicationShutdownHook] c.a.c.n.registry.NacosServiceRegistry    : De-registration finished.
10:05:30:993  INFO 12049 --- [SpringApplicationShutdownHook] com.alibaba.nacos.common.remote.client   : Shutdown rpc client, set status to shutdown
10:05:30:993  INFO 12049 --- [SpringApplicationShutdownHook] com.alibaba.nacos.common.remote.client   : Shutdown client event executor java.util.concurrent.ScheduledThreadPoolExecutor@39871250[Running, pool size = 2, active threads = 2, queued tasks = 0, completed tasks = 0]
10:05:30:993  INFO 12049 --- [SpringApplicationShutdownHook] com.alibaba.nacos.common.remote.client   : Close current connection 1724493887125_192.168.121.1_57751
10:05:30:997  INFO 12049 --- [SpringApplicationShutdownHook] c.a.n.c.remote.client.grpc.GrpcClient    : Shutdown grpc executor java.util.concurrent.ThreadPoolExecutor@88662a2[Running, pool size = 9, active threads = 0, queued tasks = 0, completed tasks = 119]
10:05:31:000  INFO 12049 --- [SpringApplicationShutdownHook] com.zaxxer.hikari.HikariDataSource       : HikariPool-1 - Shutdown initiated...
10:05:31:019  INFO 12049 --- [SpringApplicationShutdownHook] com.zaxxer.hikari.HikariDataSource       : HikariPool-1 - Shutdown completed.
10:05:33:428  INFO 16163 --- [main] com.zjn.cart.CartApplication             : Starting CartApplication using Java 11.0.14.1 on bbcall3.local with PID 16163 (/Users/zjn_11/Desktop/HMALL/hmall/cart-service/target/classes started by zjn_11 in /Users/zjn_11/Desktop/HMALL/hmall)
10:05:33:429 DEBUG 16163 --- [main] com.zjn.cart.CartApplication             : Running with Spring Boot v2.7.5, Spring v5.3.23
10:05:33:429  INFO 16163 --- [main] com.zjn.cart.CartApplication             : The following 1 profile is active: "local"
10:05:33:813  INFO 16163 --- [main] .s.d.r.c.RepositoryConfigurationDelegate : Multiple Spring Data modules found, entering strict repository configuration mode
10:05:33:814  INFO 16163 --- [main] .s.d.r.c.RepositoryConfigurationDelegate : Bootstrapping Spring Data Redis repositories in DEFAULT mode.
10:05:33:823  INFO 16163 --- [main] .s.d.r.c.RepositoryConfigurationDelegate : Finished Spring Data repository scanning in 3 ms. Found 0 Redis repository interfaces.
10:05:33:936  INFO 16163 --- [main] o.s.cloud.context.scope.GenericScope     : BeanFactory id=7f1722d6-0a64-3767-8fdd-b6b85fd90299
10:05:34:091  INFO 16163 --- [main] o.s.b.w.embedded.tomcat.TomcatWebServer  : Tomcat initialized with port(s): 8082 (http)
10:05:34:098  INFO 16163 --- [main] o.apache.catalina.core.StandardService   : Starting service [Tomcat]
10:05:34:098  INFO 16163 --- [main] org.apache.catalina.core.StandardEngine  : Starting Servlet engine: [Apache Tomcat/9.0.68]
10:05:34:155  INFO 16163 --- [main] o.a.c.c.C.[Tomcat].[localhost].[/]       : Initializing Spring embedded WebApplicationContext
10:05:34:155  INFO 16163 --- [main] w.s.c.ServletWebServerApplicationContext : Root WebApplicationContext: initialization completed in 706 ms
10:05:34:246  INFO 16163 --- [main] o.s.c.openfeign.FeignClientFactoryBean   : For 'item-service' URL not provided. Will try picking an instance via load-balancing.
10:05:34:678  INFO 16163 --- [main] pertySourcedRequestMappingHandlerMapping : Mapped URL path [/v2/api-docs] onto method [springfox.documentation.swagger2.web.Swagger2ControllerWebMvc#getDocumentation(String, HttpServletRequest)]
10:05:34:895  INFO 16163 --- [main] com.alibaba.nacos.common.remote.client   : [RpcClientFactory] create a new rpc client of af98f882-9588-47f7-9d85-1e286bd3a737
10:05:34:915  INFO 16163 --- [main] org.reflections.Reflections              : Reflections took 10 ms to scan 1 urls, producing 3 keys and 6 values 
10:05:34:926  INFO 16163 --- [main] org.reflections.Reflections              : Reflections took 5 ms to scan 1 urls, producing 4 keys and 9 values 
10:05:34:931  INFO 16163 --- [main] org.reflections.Reflections              : Reflections took 4 ms to scan 1 urls, producing 3 keys and 10 values 
10:05:34:932  WARN 16163 --- [main] org.reflections.Reflections              : given scan urls are empty. set urls in the configuration
10:05:34:936  INFO 16163 --- [main] org.reflections.Reflections              : Reflections took 4 ms to scan 1 urls, producing 1 keys and 5 values 
10:05:34:941  INFO 16163 --- [main] org.reflections.Reflections              : Reflections took 4 ms to scan 1 urls, producing 1 keys and 7 values 
10:05:34:947  INFO 16163 --- [main] org.reflections.Reflections              : Reflections took 5 ms to scan 1 urls, producing 2 keys and 8 values 
10:05:34:948  WARN 16163 --- [main] org.reflections.Reflections              : given scan urls are empty. set urls in the configuration
10:05:34:948  INFO 16163 --- [main] com.alibaba.nacos.common.remote.client   : [af98f882-9588-47f7-9d85-1e286bd3a737] RpcClient init label, labels = {module=naming, source=sdk}
10:05:34:949  INFO 16163 --- [main] com.alibaba.nacos.common.remote.client   : [af98f882-9588-47f7-9d85-1e286bd3a737] RpcClient init, ServerListFactory = com.alibaba.nacos.client.naming.core.ServerListManager
10:05:34:949  INFO 16163 --- [main] com.alibaba.nacos.common.remote.client   : [af98f882-9588-47f7-9d85-1e286bd3a737] Registry connection listener to current client:com.alibaba.nacos.client.naming.remote.gprc.redo.NamingGrpcRedoService
10:05:34:949  INFO 16163 --- [main] com.alibaba.nacos.common.remote.client   : [af98f882-9588-47f7-9d85-1e286bd3a737] Register server push request handler:com.alibaba.nacos.client.naming.remote.gprc.NamingPushRequestHandler
10:05:34:950  INFO 16163 --- [main] com.alibaba.nacos.common.remote.client   : [af98f882-9588-47f7-9d85-1e286bd3a737] Try to connect to server on start up, server: {serverIp = '192.168.121.128', server main port = 8848}
10:05:35:280  INFO 16163 --- [main] com.alibaba.nacos.common.remote.client   : [af98f882-9588-47f7-9d85-1e286bd3a737] Success to connect to server [192.168.121.128:8848] on start up, connectionId = 1724494194954_192.168.121.1_59876
10:05:35:281  INFO 16163 --- [com.alibaba.nacos.client.remote.worker] com.alibaba.nacos.common.remote.client   : [af98f882-9588-47f7-9d85-1e286bd3a737] Notify connected event to listeners.
10:05:35:282  INFO 16163 --- [main] com.alibaba.nacos.common.remote.client   : [af98f882-9588-47f7-9d85-1e286bd3a737] Register server push request handler:com.alibaba.nacos.common.remote.client.RpcClient$ConnectResetRequestHandler
10:05:35:283  INFO 16163 --- [main] com.alibaba.nacos.common.remote.client   : [af98f882-9588-47f7-9d85-1e286bd3a737] Register server push request handler:com.alibaba.nacos.common.remote.client.RpcClient$$Lambda$1122/0x00000008007e3040
10:05:35:338  INFO 16163 --- [main] o.s.b.w.embedded.tomcat.TomcatWebServer  : Tomcat started on port(s): 8082 (http) with context path ''
10:05:35:345  INFO 16163 --- [main] c.a.c.n.registry.NacosServiceRegistry    : nacos registry, DEFAULT_GROUP cart-service 10.71.59.104:8082 register finished
10:05:35:348  INFO 16163 --- [main] d.s.w.p.DocumentationPluginsBootstrapper : Documentation plugins bootstrapped
10:05:35:350  INFO 16163 --- [main] d.s.w.p.DocumentationPluginsBootstrapper : Found 1 custom documentation plugin(s)
10:05:35:360  INFO 16163 --- [main] s.d.s.w.s.ApiListingReferenceScanner     : Scanning for api listing references
10:05:35:401  INFO 16163 --- [main] com.zjn.cart.CartApplication             : Started CartApplication in 2.254 seconds (JVM running for 2.579)
10:05:35:876  INFO 16163 --- [nacos-grpc-client-executor-11] com.alibaba.nacos.common.remote.client   : [af98f882-9588-47f7-9d85-1e286bd3a737] Receive server push request, request = NotifySubscriberRequest, requestId = 120
10:05:35:881  INFO 16163 --- [nacos-grpc-client-executor-11] com.alibaba.nacos.common.remote.client   : [af98f882-9588-47f7-9d85-1e286bd3a737] Ack server push request, request = NotifySubscriberRequest, requestId = 120
10:05:38:232  INFO 16163 --- [http-nio-8082-exec-1] o.a.c.c.C.[Tomcat].[localhost].[/]       : Initializing Spring DispatcherServlet 'dispatcherServlet'
10:05:38:232  INFO 16163 --- [http-nio-8082-exec-1] o.s.web.servlet.DispatcherServlet        : Initializing Servlet 'dispatcherServlet'
10:05:38:234  INFO 16163 --- [http-nio-8082-exec-1] o.s.web.servlet.DispatcherServlet        : Completed initialization in 2 ms
10:05:38:283  INFO 16163 --- [http-nio-8082-exec-1] com.zaxxer.hikari.HikariDataSource       : HikariPool-1 - Starting...
10:05:38:427  INFO 16163 --- [http-nio-8082-exec-1] com.zaxxer.hikari.HikariDataSource       : HikariPool-1 - Start completed.
10:05:38:430 DEBUG 16163 --- [http-nio-8082-exec-1] c.zjn.cart.mapper.CartMapper.selectList  : ==>  Preparing: SELECT id,user_id,item_id,num,name,spec,price,image,create_time,update_time FROM cart WHERE (user_id = ?)
10:05:38:441 DEBUG 16163 --- [http-nio-8082-exec-1] c.zjn.cart.mapper.CartMapper.selectList  : ==> Parameters: 2(Long)
10:05:38:454 DEBUG 16163 --- [http-nio-8082-exec-1] c.zjn.cart.mapper.CartMapper.selectList  : <==      Total: 0
10:05:44:190 DEBUG 16163 --- [http-nio-8082-exec-2] c.z.cart.mapper.CartMapper.selectCount   : ==>  Preparing: SELECT COUNT( * ) FROM cart WHERE (user_id = ? AND item_id = ?)
10:05:44:190 DEBUG 16163 --- [http-nio-8082-exec-2] c.z.cart.mapper.CartMapper.selectCount   : ==> Parameters: 2(Long), 40305713537(Long)
10:05:44:192 DEBUG 16163 --- [http-nio-8082-exec-2] c.z.cart.mapper.CartMapper.selectCount   : <==      Total: 1
10:05:44:193 DEBUG 16163 --- [http-nio-8082-exec-2] c.z.cart.mapper.CartMapper.selectCount   : ==>  Preparing: SELECT COUNT( * ) FROM cart WHERE (user_id = ?)
10:05:44:194 DEBUG 16163 --- [http-nio-8082-exec-2] c.z.cart.mapper.CartMapper.selectCount   : ==> Parameters: 2(Long)
10:05:44:195 DEBUG 16163 --- [http-nio-8082-exec-2] c.z.cart.mapper.CartMapper.selectCount   : <==      Total: 1
10:05:44:214 DEBUG 16163 --- [http-nio-8082-exec-2] com.zjn.cart.mapper.CartMapper.insert    : ==>  Preparing: INSERT INTO cart ( user_id, item_id, name, spec, price, image ) VALUES ( ?, ?, ?, ?, ?, ? )
10:05:44:215 DEBUG 16163 --- [http-nio-8082-exec-2] com.zjn.cart.mapper.CartMapper.insert    : ==> Parameters: 2(Long), 40305713537(Long),  2018  41(String), {"": "", "": "41"}(String), 35400(Integer), https://m.360buyimg.com/mobilecms/s720x720_jfs/t1/14147/34/2890/275451/5c225484Ebd346404/e61513be4639ee2e.jpg!q70.jpg.webp(String)
10:05:44:251 DEBUG 16163 --- [http-nio-8082-exec-2] com.zjn.cart.mapper.CartMapper.insert    : <==    Updates: 1
10:05:44:313 DEBUG 16163 --- [http-nio-8082-exec-3] c.zjn.cart.mapper.CartMapper.selectList  : ==>  Preparing: SELECT id,user_id,item_id,num,name,spec,price,image,create_time,update_time FROM cart WHERE (user_id = ?)
10:05:44:313 DEBUG 16163 --- [http-nio-8082-exec-3] c.zjn.cart.mapper.CartMapper.selectList  : ==> Parameters: 2(Long)
10:05:44:316 DEBUG 16163 --- [http-nio-8082-exec-3] c.zjn.cart.mapper.CartMapper.selectList  : <==      Total: 1
10:05:44:948  INFO 16163 --- [nacos-grpc-client-executor-17] com.alibaba.nacos.common.remote.client   : [af98f882-9588-47f7-9d85-1e286bd3a737] Receive server push request, request = NotifySubscriberRequest, requestId = 123
10:05:44:949  INFO 16163 --- [nacos-grpc-client-executor-17] com.alibaba.nacos.common.remote.client   : [af98f882-9588-47f7-9d85-1e286bd3a737] Ack server push request, request = NotifySubscriberRequest, requestId = 123
10:05:57:029 DEBUG 16163 --- [http-nio-8082-exec-4] c.z.cart.mapper.CartMapper.selectCount   : ==>  Preparing: SELECT COUNT( * ) FROM cart WHERE (user_id = ? AND item_id = ?)
10:05:57:032 DEBUG 16163 --- [http-nio-8082-exec-4] c.z.cart.mapper.CartMapper.selectCount   : ==> Parameters: 2(Long), 1713453(Long)
10:05:57:035 DEBUG 16163 --- [http-nio-8082-exec-4] c.z.cart.mapper.CartMapper.selectCount   : <==      Total: 1
10:05:57:039 DEBUG 16163 --- [http-nio-8082-exec-4] c.z.cart.mapper.CartMapper.selectCount   : ==>  Preparing: SELECT COUNT( * ) FROM cart WHERE (user_id = ?)
10:05:57:041 DEBUG 16163 --- [http-nio-8082-exec-4] c.z.cart.mapper.CartMapper.selectCount   : ==> Parameters: 2(Long)
10:05:57:045 DEBUG 16163 --- [http-nio-8082-exec-4] c.z.cart.mapper.CartMapper.selectCount   : <==      Total: 1
10:05:57:046 DEBUG 16163 --- [http-nio-8082-exec-4] com.zjn.cart.mapper.CartMapper.insert    : ==>  Preparing: INSERT INTO cart ( user_id, item_id, name, spec, price, image ) VALUES ( ?, ?, ?, ?, ?, ? )
10:05:57:047 DEBUG 16163 --- [http-nio-8082-exec-4] com.zjn.cart.mapper.CartMapper.insert    : ==> Parameters: 2(Long), 1713453(Long),      L849-14kg(String), {}(String), 12800(Integer), https://m.360buyimg.com/mobilecms/s720x720_jfs/t22591/39/1930198982/188975/7385556d/5b6d33bdNa455e2b0.jpg!q70.jpg.webp(String)
10:05:57:055 DEBUG 16163 --- [http-nio-8082-exec-4] com.zjn.cart.mapper.CartMapper.insert    : <==    Updates: 1
10:05:57:130 DEBUG 16163 --- [http-nio-8082-exec-5] c.zjn.cart.mapper.CartMapper.selectList  : ==>  Preparing: SELECT id,user_id,item_id,num,name,spec,price,image,create_time,update_time FROM cart WHERE (user_id = ?)
10:05:57:131 DEBUG 16163 --- [http-nio-8082-exec-5] c.zjn.cart.mapper.CartMapper.selectList  : ==> Parameters: 2(Long)
10:05:57:133 DEBUG 16163 --- [http-nio-8082-exec-5] c.zjn.cart.mapper.CartMapper.selectList  : <==      Total: 2
