10:45:33:445  INFO 92070 --- [nacos-grpc-client-executor-3782] com.alibaba.nacos.common.remote.client   : [26ad4276-e68f-465d-8db1-4bfea9367774] Receive server push request, request = NotifySubscriberRequest, requestId = 247
10:45:33:476  INFO 92070 --- [nacos-grpc-client-executor-3782] com.alibaba.nacos.common.remote.client   : [26ad4276-e68f-465d-8db1-4bfea9367774] Ack server push request, request = NotifySubscriberRequest, requestId = 247
10:45:45:392  INFO 92070 --- [nacos-grpc-client-executor-3785] com.alibaba.nacos.common.remote.client   : [26ad4276-e68f-465d-8db1-4bfea9367774] Receive server push request, request = NotifySubscriberRequest, requestId = 250
10:45:45:402  INFO 92070 --- [nacos-grpc-client-executor-3785] com.alibaba.nacos.common.remote.client   : [26ad4276-e68f-465d-8db1-4bfea9367774] Ack server push request, request = NotifySubscriberRequest, requestId = 250
11:02:57:460  WARN 92070 --- [Thread-5] c.a.nacos.common.notify.NotifyCenter     : [NotifyCenter] Start destroying Publisher
11:02:57:460  WARN 92070 --- [Thread-1] c.a.n.common.http.HttpClientBeanHolder   : [HttpClientBeanHolder] Start destroying common HttpClient
11:02:57:462  WARN 92070 --- [Thread-5] c.a.nacos.common.notify.NotifyCenter     : [NotifyCenter] Destruction of the end
11:02:57:463  WARN 92070 --- [Thread-1] c.a.n.common.http.HttpClientBeanHolder   : [HttpClientBeanHolder] Destruction of the end
11:02:57:534  INFO 92070 --- [SpringApplicationShutdownHook] c.a.c.n.registry.NacosServiceRegistry    : De-registering from Nacos Server now...
11:02:57:539  INFO 92070 --- [SpringApplicationShutdownHook] c.a.c.n.registry.NacosServiceRegistry    : De-registration finished.
11:02:57:857  INFO 92070 --- [SpringApplicationShutdownHook] com.alibaba.nacos.common.remote.client   : Shutdown rpc client, set status to shutdown
11:02:57:858  INFO 92070 --- [SpringApplicationShutdownHook] com.alibaba.nacos.common.remote.client   : Shutdown client event executor java.util.concurrent.ScheduledThreadPoolExecutor@75571018[Running, pool size = 2, active threads = 2, queued tasks = 0, completed tasks = 0]
11:02:57:858  INFO 92070 --- [SpringApplicationShutdownHook] com.alibaba.nacos.common.remote.client   : Close current connection 1724527524731_192.168.121.1_53670
11:02:57:864  INFO 92070 --- [nacos-grpc-client-executor-4028] c.a.n.c.remote.client.grpc.GrpcClient    : [1724527524731_192.168.121.1_53670]Ignore complete event,isRunning:false,isAbandon=false
11:02:57:865  INFO 92070 --- [SpringApplicationShutdownHook] c.a.n.c.remote.client.grpc.GrpcClient    : Shutdown grpc executor java.util.concurrent.ThreadPoolExecutor@2a72d8ef[Running, pool size = 5, active threads = 0, queued tasks = 0, completed tasks = 4029]
11:03:04:809  INFO 14073 --- [main] com.zjn.gateway.GatewayApplication       : The following 1 profile is active: "local"
11:03:05:227  INFO 14073 --- [main] o.s.cloud.context.scope.GenericScope     : BeanFactory id=320b0646-4797-3aae-bfd1-4afe8e3bd673
11:03:05:318  INFO 14073 --- [main] trationDelegate$BeanPostProcessorChecker : Bean 'org.springframework.cloud.client.loadbalancer.reactive.LoadBalancerBeanPostProcessorAutoConfiguration' of type [org.springframework.cloud.client.loadbalancer.reactive.LoadBalancerBeanPostProcessorAutoConfiguration] is not eligible for getting processed by all BeanPostProcessors (for example: not eligible for auto-proxying)
11:03:05:319  INFO 14073 --- [main] trationDelegate$BeanPostProcessorChecker : Bean 'org.springframework.cloud.client.loadbalancer.reactive.LoadBalancerBeanPostProcessorAutoConfiguration$ReactorDeferringLoadBalancerFilterConfig' of type [org.springframework.cloud.client.loadbalancer.reactive.LoadBalancerBeanPostProcessorAutoConfiguration$ReactorDeferringLoadBalancerFilterConfig] is not eligible for getting processed by all BeanPostProcessors (for example: not eligible for auto-proxying)
11:03:05:322  INFO 14073 --- [main] trationDelegate$BeanPostProcessorChecker : Bean 'reactorDeferringLoadBalancerExchangeFilterFunction' of type [org.springframework.cloud.client.loadbalancer.reactive.DeferringLoadBalancerExchangeFilterFunction] is not eligible for getting processed by all BeanPostProcessors (for example: not eligible for auto-proxying)
11:03:05:765 DEBUG 14073 --- [main] c.z.gateway.routers.DynamicRouteLoader   : 监听到的路由配置信息：[
    {
        "id": "item-service",
        "predicates": [{
            "name": "Path",
            "args": {"_genkey_0":"/items/**", "_genkey_1":"/search/**"}
        }],
        "filters": [],
        "uri": "lb://item-service"
    },
    {
        "id": "cart-service",
        "predicates": [{
            "name": "Path",
            "args": {"_genkey_0":"/carts/**"}
        }],
        "filters": [],
        "uri": "lb://cart-service"
    },
    {
        "id": "user-service",
        "predicates": [{
            "name": "Path",
            "args": {"_genkey_0":"/users/**", "_genkey_1":"/addresses/**"}
        }],
        "filters": [],
        "uri": "lb://user-service"
    },
    {
        "id": "trade-service",
        "predicates": [{
            "name": "Path",
            "args": {"_genkey_0":"/orders/**"}
        }],
        "filters": [],
        "uri": "lb://trade-service"
    },
    {
        "id": "pay-service",
        "predicates": [{
            "name": "Path",
            "args": {"_genkey_0":"/pay-orders/**"}
        }],
        "filters": [],
        "uri": "lb://pay-service"
    }
]
11:03:06:004  INFO 14073 --- [main] o.s.c.g.r.RouteDefinitionRouteLocator    : Loaded RoutePredicateFactory [After]
11:03:06:004  INFO 14073 --- [main] o.s.c.g.r.RouteDefinitionRouteLocator    : Loaded RoutePredicateFactory [Before]
11:03:06:005  INFO 14073 --- [main] o.s.c.g.r.RouteDefinitionRouteLocator    : Loaded RoutePredicateFactory [Between]
11:03:06:005  INFO 14073 --- [main] o.s.c.g.r.RouteDefinitionRouteLocator    : Loaded RoutePredicateFactory [Cookie]
11:03:06:005  INFO 14073 --- [main] o.s.c.g.r.RouteDefinitionRouteLocator    : Loaded RoutePredicateFactory [Header]
11:03:06:005  INFO 14073 --- [main] o.s.c.g.r.RouteDefinitionRouteLocator    : Loaded RoutePredicateFactory [Host]
11:03:06:005  INFO 14073 --- [main] o.s.c.g.r.RouteDefinitionRouteLocator    : Loaded RoutePredicateFactory [Method]
11:03:06:005  INFO 14073 --- [main] o.s.c.g.r.RouteDefinitionRouteLocator    : Loaded RoutePredicateFactory [Path]
11:03:06:005  INFO 14073 --- [main] o.s.c.g.r.RouteDefinitionRouteLocator    : Loaded RoutePredicateFactory [Query]
11:03:06:005  INFO 14073 --- [main] o.s.c.g.r.RouteDefinitionRouteLocator    : Loaded RoutePredicateFactory [ReadBody]
11:03:06:005  INFO 14073 --- [main] o.s.c.g.r.RouteDefinitionRouteLocator    : Loaded RoutePredicateFactory [RemoteAddr]
11:03:06:005  INFO 14073 --- [main] o.s.c.g.r.RouteDefinitionRouteLocator    : Loaded RoutePredicateFactory [XForwardedRemoteAddr]
11:03:06:005  INFO 14073 --- [main] o.s.c.g.r.RouteDefinitionRouteLocator    : Loaded RoutePredicateFactory [Weight]
11:03:06:005  INFO 14073 --- [main] o.s.c.g.r.RouteDefinitionRouteLocator    : Loaded RoutePredicateFactory [CloudFoundryRouteService]
11:03:06:175  INFO 14073 --- [main] com.alibaba.nacos.common.remote.client   : [RpcClientFactory] create a new rpc client of 20967c07-d49c-429a-a613-369bc1938a88
11:03:06:176  INFO 14073 --- [main] com.alibaba.nacos.common.remote.client   : [20967c07-d49c-429a-a613-369bc1938a88] RpcClient init label, labels = {module=naming, source=sdk}
11:03:06:176  INFO 14073 --- [main] com.alibaba.nacos.common.remote.client   : [20967c07-d49c-429a-a613-369bc1938a88] RpcClient init, ServerListFactory = com.alibaba.nacos.client.naming.core.ServerListManager
11:03:06:176  INFO 14073 --- [main] com.alibaba.nacos.common.remote.client   : [20967c07-d49c-429a-a613-369bc1938a88] Registry connection listener to current client:com.alibaba.nacos.client.naming.remote.gprc.redo.NamingGrpcRedoService
11:03:06:176  INFO 14073 --- [main] com.alibaba.nacos.common.remote.client   : [20967c07-d49c-429a-a613-369bc1938a88] Register server push request handler:com.alibaba.nacos.client.naming.remote.gprc.NamingPushRequestHandler
11:03:06:177  INFO 14073 --- [main] com.alibaba.nacos.common.remote.client   : [20967c07-d49c-429a-a613-369bc1938a88] Try to connect to server on start up, server: {serverIp = '192.168.121.128', server main port = 8848}
11:03:06:295  INFO 14073 --- [main] com.alibaba.nacos.common.remote.client   : [20967c07-d49c-429a-a613-369bc1938a88] Success to connect to server [192.168.121.128:8848] on start up, connectionId = 1724544535073_192.168.121.1_57612
11:03:06:295  INFO 14073 --- [main] com.alibaba.nacos.common.remote.client   : [20967c07-d49c-429a-a613-369bc1938a88] Register server push request handler:com.alibaba.nacos.common.remote.client.RpcClient$ConnectResetRequestHandler
11:03:06:295  INFO 14073 --- [main] com.alibaba.nacos.common.remote.client   : [20967c07-d49c-429a-a613-369bc1938a88] Register server push request handler:com.alibaba.nacos.common.remote.client.RpcClient$$Lambda$460/0x0000000800540440
11:03:06:295  INFO 14073 --- [com.alibaba.nacos.client.remote.worker] com.alibaba.nacos.common.remote.client   : [20967c07-d49c-429a-a613-369bc1938a88] Notify connected event to listeners.
11:03:06:364  INFO 14073 --- [main] o.s.b.web.embedded.netty.NettyWebServer  : Netty started on port 8080
11:03:06:375  INFO 14073 --- [main] c.a.c.n.registry.NacosServiceRegistry    : nacos registry, DEFAULT_GROUP gateway 192.168.0.103:8080 register finished
11:03:06:385  INFO 14073 --- [main] com.zjn.gateway.GatewayApplication       : Started GatewayApplication in 2.636 seconds (JVM running for 2.981)
11:03:06:387  INFO 14073 --- [main] c.a.c.n.refresh.NacosContextRefresher    : [Nacos Config] Listening config: dataId=gateway.yaml, group=DEFAULT_GROUP
11:03:06:387  INFO 14073 --- [main] c.a.c.n.refresh.NacosContextRefresher    : [Nacos Config] Listening config: dataId=gateway, group=DEFAULT_GROUP
11:03:06:387  INFO 14073 --- [main] c.a.c.n.refresh.NacosContextRefresher    : [Nacos Config] Listening config: dataId=gateway-local.yaml, group=DEFAULT_GROUP
11:03:06:891  INFO 14073 --- [nacos-grpc-client-executor-9] com.alibaba.nacos.common.remote.client   : [20967c07-d49c-429a-a613-369bc1938a88] Receive server push request, request = NotifySubscriberRequest, requestId = 259
11:03:06:894  INFO 14073 --- [nacos-grpc-client-executor-9] com.alibaba.nacos.common.remote.client   : [20967c07-d49c-429a-a613-369bc1938a88] Ack server push request, request = NotifySubscriberRequest, requestId = 259
11:05:08:797  INFO 14073 --- [nacos-grpc-client-executor-58] com.alibaba.nacos.common.remote.client   : [20967c07-d49c-429a-a613-369bc1938a88] Receive server push request, request = NotifySubscriberRequest, requestId = 263
11:05:08:800  INFO 14073 --- [nacos-grpc-client-executor-58] com.alibaba.nacos.common.remote.client   : [20967c07-d49c-429a-a613-369bc1938a88] Ack server push request, request = NotifySubscriberRequest, requestId = 263
11:07:28:740  INFO 14073 --- [nacos-grpc-client-executor-107] com.alibaba.nacos.common.remote.client   : [20967c07-d49c-429a-a613-369bc1938a88] Receive server push request, request = NotifySubscriberRequest, requestId = 269
11:07:28:748  INFO 14073 --- [nacos-grpc-client-executor-107] com.alibaba.nacos.common.remote.client   : [20967c07-d49c-429a-a613-369bc1938a88] Ack server push request, request = NotifySubscriberRequest, requestId = 269
11:07:33:256  INFO 14073 --- [nacos-grpc-client-executor-108] com.alibaba.nacos.common.remote.client   : [20967c07-d49c-429a-a613-369bc1938a88] Receive server push request, request = NotifySubscriberRequest, requestId = 271
11:07:33:258  INFO 14073 --- [nacos-grpc-client-executor-108] com.alibaba.nacos.common.remote.client   : [20967c07-d49c-429a-a613-369bc1938a88] Ack server push request, request = NotifySubscriberRequest, requestId = 271
11:11:53:180  INFO 14073 --- [nacos-grpc-client-executor-189] com.alibaba.nacos.common.remote.client   : [20967c07-d49c-429a-a613-369bc1938a88] Receive server push request, request = NotifySubscriberRequest, requestId = 273
11:11:53:181  INFO 14073 --- [nacos-grpc-client-executor-189] com.alibaba.nacos.common.remote.client   : [20967c07-d49c-429a-a613-369bc1938a88] Ack server push request, request = NotifySubscriberRequest, requestId = 273
11:12:28:962  INFO 14073 --- [nacos-grpc-client-executor-200] com.alibaba.nacos.common.remote.client   : [20967c07-d49c-429a-a613-369bc1938a88] Receive server push request, request = NotifySubscriberRequest, requestId = 275
11:12:28:965  INFO 14073 --- [nacos-grpc-client-executor-200] com.alibaba.nacos.common.remote.client   : [20967c07-d49c-429a-a613-369bc1938a88] Ack server push request, request = NotifySubscriberRequest, requestId = 275
11:12:35:816  INFO 14073 --- [nacos-grpc-client-executor-201] com.alibaba.nacos.common.remote.client   : [20967c07-d49c-429a-a613-369bc1938a88] Receive server push request, request = NotifySubscriberRequest, requestId = 277
11:12:35:818  INFO 14073 --- [nacos-grpc-client-executor-201] com.alibaba.nacos.common.remote.client   : [20967c07-d49c-429a-a613-369bc1938a88] Ack server push request, request = NotifySubscriberRequest, requestId = 277
11:17:02:882  INFO 14073 --- [nacos-grpc-client-executor-265] com.alibaba.nacos.common.remote.client   : [20967c07-d49c-429a-a613-369bc1938a88] Receive server push request, request = NotifySubscriberRequest, requestId = 283
11:17:02:882  INFO 14073 --- [nacos-grpc-client-executor-265] com.alibaba.nacos.common.remote.client   : [20967c07-d49c-429a-a613-369bc1938a88] Ack server push request, request = NotifySubscriberRequest, requestId = 283
11:33:09:954  WARN 14073 --- [Thread-1] c.a.n.common.http.HttpClientBeanHolder   : [HttpClientBeanHolder] Start destroying common HttpClient
11:33:09:954  WARN 14073 --- [Thread-5] c.a.nacos.common.notify.NotifyCenter     : [NotifyCenter] Start destroying Publisher
11:33:09:955  WARN 14073 --- [Thread-5] c.a.nacos.common.notify.NotifyCenter     : [NotifyCenter] Destruction of the end
11:33:09:956  WARN 14073 --- [Thread-1] c.a.n.common.http.HttpClientBeanHolder   : [HttpClientBeanHolder] Destruction of the end
11:33:09:971  INFO 14073 --- [SpringApplicationShutdownHook] c.a.c.n.registry.NacosServiceRegistry    : De-registering from Nacos Server now...
11:33:09:995  INFO 14073 --- [SpringApplicationShutdownHook] c.a.c.n.registry.NacosServiceRegistry    : De-registration finished.
11:33:10:304  INFO 14073 --- [SpringApplicationShutdownHook] com.alibaba.nacos.common.remote.client   : Shutdown rpc client, set status to shutdown
11:33:10:305  INFO 14073 --- [SpringApplicationShutdownHook] com.alibaba.nacos.common.remote.client   : Shutdown client event executor java.util.concurrent.ScheduledThreadPoolExecutor@d866d6b[Running, pool size = 2, active threads = 2, queued tasks = 0, completed tasks = 0]
11:33:10:305  INFO 14073 --- [SpringApplicationShutdownHook] com.alibaba.nacos.common.remote.client   : Close current connection 1724544535073_192.168.121.1_57612
11:33:10:306  INFO 14073 --- [nacos-grpc-client-executor-497] c.a.n.c.remote.client.grpc.GrpcClient    : [1724544535073_192.168.121.1_57612]Ignore complete event,isRunning:false,isAbandon=false
11:33:10:310  INFO 14073 --- [SpringApplicationShutdownHook] c.a.n.c.remote.client.grpc.GrpcClient    : Shutdown grpc executor java.util.concurrent.ThreadPoolExecutor@24d850bc[Running, pool size = 7, active threads = 0, queued tasks = 0, completed tasks = 498]
11:33:20:055  INFO 16573 --- [main] com.zjn.gateway.GatewayApplication       : The following 1 profile is active: "local"
11:33:20:558  INFO 16573 --- [main] o.s.cloud.context.scope.GenericScope     : BeanFactory id=320b0646-4797-3aae-bfd1-4afe8e3bd673
11:33:20:611  INFO 16573 --- [main] trationDelegate$BeanPostProcessorChecker : Bean 'org.springframework.cloud.client.loadbalancer.reactive.LoadBalancerBeanPostProcessorAutoConfiguration' of type [org.springframework.cloud.client.loadbalancer.reactive.LoadBalancerBeanPostProcessorAutoConfiguration] is not eligible for getting processed by all BeanPostProcessors (for example: not eligible for auto-proxying)
11:33:20:611  INFO 16573 --- [main] trationDelegate$BeanPostProcessorChecker : Bean 'org.springframework.cloud.client.loadbalancer.reactive.LoadBalancerBeanPostProcessorAutoConfiguration$ReactorDeferringLoadBalancerFilterConfig' of type [org.springframework.cloud.client.loadbalancer.reactive.LoadBalancerBeanPostProcessorAutoConfiguration$ReactorDeferringLoadBalancerFilterConfig] is not eligible for getting processed by all BeanPostProcessors (for example: not eligible for auto-proxying)
11:33:20:612  INFO 16573 --- [main] trationDelegate$BeanPostProcessorChecker : Bean 'reactorDeferringLoadBalancerExchangeFilterFunction' of type [org.springframework.cloud.client.loadbalancer.reactive.DeferringLoadBalancerExchangeFilterFunction] is not eligible for getting processed by all BeanPostProcessors (for example: not eligible for auto-proxying)
11:33:21:220 DEBUG 16573 --- [main] c.z.gateway.routers.DynamicRouteLoader   : 监听到的路由配置信息：[
    {
        "id": "item-service",
        "predicates": [{
            "name": "Path",
            "args": {"_genkey_0":"/items/**", "_genkey_1":"/search/**"}
        }],
        "filters": [],
        "uri": "lb://item-service"
    },
    {
        "id": "cart-service",
        "predicates": [{
            "name": "Path",
            "args": {"_genkey_0":"/carts/**"}
        }],
        "filters": [],
        "uri": "lb://cart-service"
    },
    {
        "id": "user-service",
        "predicates": [{
            "name": "Path",
            "args": {"_genkey_0":"/users/**", "_genkey_1":"/addresses/**"}
        }],
        "filters": [],
        "uri": "lb://user-service"
    },
    {
        "id": "trade-service",
        "predicates": [{
            "name": "Path",
            "args": {"_genkey_0":"/orders/**"}
        }],
        "filters": [],
        "uri": "lb://trade-service"
    },
    {
        "id": "pay-service",
        "predicates": [{
            "name": "Path",
            "args": {"_genkey_0":"/pay-orders/**"}
        }],
        "filters": [],
        "uri": "lb://pay-service"
    }
]
11:33:21:505  INFO 16573 --- [main] o.s.c.g.r.RouteDefinitionRouteLocator    : Loaded RoutePredicateFactory [After]
11:33:21:505  INFO 16573 --- [main] o.s.c.g.r.RouteDefinitionRouteLocator    : Loaded RoutePredicateFactory [Before]
11:33:21:505  INFO 16573 --- [main] o.s.c.g.r.RouteDefinitionRouteLocator    : Loaded RoutePredicateFactory [Between]
11:33:21:505  INFO 16573 --- [main] o.s.c.g.r.RouteDefinitionRouteLocator    : Loaded RoutePredicateFactory [Cookie]
11:33:21:505  INFO 16573 --- [main] o.s.c.g.r.RouteDefinitionRouteLocator    : Loaded RoutePredicateFactory [Header]
11:33:21:505  INFO 16573 --- [main] o.s.c.g.r.RouteDefinitionRouteLocator    : Loaded RoutePredicateFactory [Host]
11:33:21:505  INFO 16573 --- [main] o.s.c.g.r.RouteDefinitionRouteLocator    : Loaded RoutePredicateFactory [Method]
11:33:21:505  INFO 16573 --- [main] o.s.c.g.r.RouteDefinitionRouteLocator    : Loaded RoutePredicateFactory [Path]
11:33:21:505  INFO 16573 --- [main] o.s.c.g.r.RouteDefinitionRouteLocator    : Loaded RoutePredicateFactory [Query]
11:33:21:505  INFO 16573 --- [main] o.s.c.g.r.RouteDefinitionRouteLocator    : Loaded RoutePredicateFactory [ReadBody]
11:33:21:505  INFO 16573 --- [main] o.s.c.g.r.RouteDefinitionRouteLocator    : Loaded RoutePredicateFactory [RemoteAddr]
11:33:21:505  INFO 16573 --- [main] o.s.c.g.r.RouteDefinitionRouteLocator    : Loaded RoutePredicateFactory [XForwardedRemoteAddr]
11:33:21:505  INFO 16573 --- [main] o.s.c.g.r.RouteDefinitionRouteLocator    : Loaded RoutePredicateFactory [Weight]
11:33:21:505  INFO 16573 --- [main] o.s.c.g.r.RouteDefinitionRouteLocator    : Loaded RoutePredicateFactory [CloudFoundryRouteService]
11:33:21:722  INFO 16573 --- [main] com.alibaba.nacos.common.remote.client   : [RpcClientFactory] create a new rpc client of 7acae7b7-28cc-4eea-ab67-aa86941e2999
11:33:21:724  INFO 16573 --- [main] com.alibaba.nacos.common.remote.client   : [7acae7b7-28cc-4eea-ab67-aa86941e2999] RpcClient init label, labels = {module=naming, source=sdk}
11:33:21:725  INFO 16573 --- [main] com.alibaba.nacos.common.remote.client   : [7acae7b7-28cc-4eea-ab67-aa86941e2999] RpcClient init, ServerListFactory = com.alibaba.nacos.client.naming.core.ServerListManager
11:33:21:725  INFO 16573 --- [main] com.alibaba.nacos.common.remote.client   : [7acae7b7-28cc-4eea-ab67-aa86941e2999] Registry connection listener to current client:com.alibaba.nacos.client.naming.remote.gprc.redo.NamingGrpcRedoService
11:33:21:726  INFO 16573 --- [main] com.alibaba.nacos.common.remote.client   : [7acae7b7-28cc-4eea-ab67-aa86941e2999] Register server push request handler:com.alibaba.nacos.client.naming.remote.gprc.NamingPushRequestHandler
11:33:21:727  INFO 16573 --- [main] com.alibaba.nacos.common.remote.client   : [7acae7b7-28cc-4eea-ab67-aa86941e2999] Try to connect to server on start up, server: {serverIp = '192.168.121.128', server main port = 8848}
11:33:21:846  INFO 16573 --- [main] com.alibaba.nacos.common.remote.client   : [7acae7b7-28cc-4eea-ab67-aa86941e2999] Success to connect to server [192.168.121.128:8848] on start up, connectionId = 1724546350712_192.168.121.1_54467
11:33:21:847  INFO 16573 --- [main] com.alibaba.nacos.common.remote.client   : [7acae7b7-28cc-4eea-ab67-aa86941e2999] Register server push request handler:com.alibaba.nacos.common.remote.client.RpcClient$ConnectResetRequestHandler
11:33:21:847  INFO 16573 --- [main] com.alibaba.nacos.common.remote.client   : [7acae7b7-28cc-4eea-ab67-aa86941e2999] Register server push request handler:com.alibaba.nacos.common.remote.client.RpcClient$$Lambda$460/0x0000000800508440
11:33:21:848  INFO 16573 --- [com.alibaba.nacos.client.remote.worker] com.alibaba.nacos.common.remote.client   : [7acae7b7-28cc-4eea-ab67-aa86941e2999] Notify connected event to listeners.
11:33:21:959  INFO 16573 --- [main] o.s.b.web.embedded.netty.NettyWebServer  : Netty started on port 8080
11:33:21:979  INFO 16573 --- [main] c.a.c.n.registry.NacosServiceRegistry    : nacos registry, DEFAULT_GROUP gateway 192.168.0.103:8080 register finished
11:33:21:997  INFO 16573 --- [main] com.zjn.gateway.GatewayApplication       : Started GatewayApplication in 3.367 seconds (JVM running for 3.948)
11:33:21:999  INFO 16573 --- [main] c.a.c.n.refresh.NacosContextRefresher    : [Nacos Config] Listening config: dataId=gateway.yaml, group=DEFAULT_GROUP
11:33:21:999  INFO 16573 --- [main] c.a.c.n.refresh.NacosContextRefresher    : [Nacos Config] Listening config: dataId=gateway, group=DEFAULT_GROUP
11:33:22:000  INFO 16573 --- [main] c.a.c.n.refresh.NacosContextRefresher    : [Nacos Config] Listening config: dataId=gateway-local.yaml, group=DEFAULT_GROUP
11:33:22:380  INFO 16573 --- [nacos-grpc-client-executor-7] com.alibaba.nacos.common.remote.client   : [7acae7b7-28cc-4eea-ab67-aa86941e2999] Receive server push request, request = NotifySubscriberRequest, requestId = 288
11:33:22:383  INFO 16573 --- [nacos-grpc-client-executor-7] com.alibaba.nacos.common.remote.client   : [7acae7b7-28cc-4eea-ab67-aa86941e2999] Ack server push request, request = NotifySubscriberRequest, requestId = 288
11:57:25:491  WARN 16573 --- [Thread-5] c.a.nacos.common.notify.NotifyCenter     : [NotifyCenter] Start destroying Publisher
11:57:25:492  WARN 16573 --- [Thread-1] c.a.n.common.http.HttpClientBeanHolder   : [HttpClientBeanHolder] Start destroying common HttpClient
11:57:25:493  WARN 16573 --- [Thread-5] c.a.nacos.common.notify.NotifyCenter     : [NotifyCenter] Destruction of the end
11:57:25:495  WARN 16573 --- [Thread-1] c.a.n.common.http.HttpClientBeanHolder   : [HttpClientBeanHolder] Destruction of the end
11:57:25:524  INFO 16573 --- [SpringApplicationShutdownHook] c.a.c.n.registry.NacosServiceRegistry    : De-registering from Nacos Server now...
11:57:25:536  INFO 16573 --- [SpringApplicationShutdownHook] c.a.c.n.registry.NacosServiceRegistry    : De-registration finished.
11:57:25:840  INFO 16573 --- [SpringApplicationShutdownHook] com.alibaba.nacos.common.remote.client   : Shutdown rpc client, set status to shutdown
11:57:25:840  INFO 16573 --- [SpringApplicationShutdownHook] com.alibaba.nacos.common.remote.client   : Shutdown client event executor java.util.concurrent.ScheduledThreadPoolExecutor@38a6add1[Running, pool size = 2, active threads = 2, queued tasks = 0, completed tasks = 0]
11:57:25:840  INFO 16573 --- [SpringApplicationShutdownHook] com.alibaba.nacos.common.remote.client   : Close current connection 1724546350712_192.168.121.1_54467
11:57:25:842  INFO 16573 --- [nacos-grpc-client-executor-402] c.a.n.c.remote.client.grpc.GrpcClient    : [1724546350712_192.168.121.1_54467]Ignore complete event,isRunning:false,isAbandon=false
11:57:25:845  INFO 16573 --- [SpringApplicationShutdownHook] c.a.n.c.remote.client.grpc.GrpcClient    : Shutdown grpc executor java.util.concurrent.ThreadPoolExecutor@4a7165eb[Running, pool size = 9, active threads = 0, queued tasks = 0, completed tasks = 403]
11:57:31:952  INFO 18657 --- [main] com.zjn.gateway.GatewayApplication       : The following 1 profile is active: "local"
11:57:32:600  INFO 18657 --- [main] o.s.cloud.context.scope.GenericScope     : BeanFactory id=320b0646-4797-3aae-bfd1-4afe8e3bd673
11:57:32:639  INFO 18657 --- [main] trationDelegate$BeanPostProcessorChecker : Bean 'org.springframework.cloud.client.loadbalancer.reactive.LoadBalancerBeanPostProcessorAutoConfiguration' of type [org.springframework.cloud.client.loadbalancer.reactive.LoadBalancerBeanPostProcessorAutoConfiguration] is not eligible for getting processed by all BeanPostProcessors (for example: not eligible for auto-proxying)
11:57:32:640  INFO 18657 --- [main] trationDelegate$BeanPostProcessorChecker : Bean 'org.springframework.cloud.client.loadbalancer.reactive.LoadBalancerBeanPostProcessorAutoConfiguration$ReactorDeferringLoadBalancerFilterConfig' of type [org.springframework.cloud.client.loadbalancer.reactive.LoadBalancerBeanPostProcessorAutoConfiguration$ReactorDeferringLoadBalancerFilterConfig] is not eligible for getting processed by all BeanPostProcessors (for example: not eligible for auto-proxying)
11:57:32:642  INFO 18657 --- [main] trationDelegate$BeanPostProcessorChecker : Bean 'reactorDeferringLoadBalancerExchangeFilterFunction' of type [org.springframework.cloud.client.loadbalancer.reactive.DeferringLoadBalancerExchangeFilterFunction] is not eligible for getting processed by all BeanPostProcessors (for example: not eligible for auto-proxying)
11:57:33:126 DEBUG 18657 --- [main] c.z.gateway.routers.DynamicRouteLoader   : 监听到的路由配置信息：[
    {
        "id": "item-service",
        "predicates": [{
            "name": "Path",
            "args": {"_genkey_0":"/items/**", "_genkey_1":"/search/**"}
        }],
        "filters": [],
        "uri": "lb://item-service"
    },
    {
        "id": "cart-service",
        "predicates": [{
            "name": "Path",
            "args": {"_genkey_0":"/carts/**"}
        }],
        "filters": [],
        "uri": "lb://cart-service"
    },
    {
        "id": "user-service",
        "predicates": [{
            "name": "Path",
            "args": {"_genkey_0":"/users/**", "_genkey_1":"/addresses/**"}
        }],
        "filters": [],
        "uri": "lb://user-service"
    },
    {
        "id": "trade-service",
        "predicates": [{
            "name": "Path",
            "args": {"_genkey_0":"/orders/**"}
        }],
        "filters": [],
        "uri": "lb://trade-service"
    },
    {
        "id": "pay-service",
        "predicates": [{
            "name": "Path",
            "args": {"_genkey_0":"/pay-orders/**"}
        }],
        "filters": [],
        "uri": "lb://pay-service"
    }
]
11:57:33:424  INFO 18657 --- [main] o.s.c.g.r.RouteDefinitionRouteLocator    : Loaded RoutePredicateFactory [After]
11:57:33:425  INFO 18657 --- [main] o.s.c.g.r.RouteDefinitionRouteLocator    : Loaded RoutePredicateFactory [Before]
11:57:33:425  INFO 18657 --- [main] o.s.c.g.r.RouteDefinitionRouteLocator    : Loaded RoutePredicateFactory [Between]
11:57:33:425  INFO 18657 --- [main] o.s.c.g.r.RouteDefinitionRouteLocator    : Loaded RoutePredicateFactory [Cookie]
11:57:33:425  INFO 18657 --- [main] o.s.c.g.r.RouteDefinitionRouteLocator    : Loaded RoutePredicateFactory [Header]
11:57:33:425  INFO 18657 --- [main] o.s.c.g.r.RouteDefinitionRouteLocator    : Loaded RoutePredicateFactory [Host]
11:57:33:425  INFO 18657 --- [main] o.s.c.g.r.RouteDefinitionRouteLocator    : Loaded RoutePredicateFactory [Method]
11:57:33:425  INFO 18657 --- [main] o.s.c.g.r.RouteDefinitionRouteLocator    : Loaded RoutePredicateFactory [Path]
11:57:33:425  INFO 18657 --- [main] o.s.c.g.r.RouteDefinitionRouteLocator    : Loaded RoutePredicateFactory [Query]
11:57:33:425  INFO 18657 --- [main] o.s.c.g.r.RouteDefinitionRouteLocator    : Loaded RoutePredicateFactory [ReadBody]
11:57:33:425  INFO 18657 --- [main] o.s.c.g.r.RouteDefinitionRouteLocator    : Loaded RoutePredicateFactory [RemoteAddr]
11:57:33:425  INFO 18657 --- [main] o.s.c.g.r.RouteDefinitionRouteLocator    : Loaded RoutePredicateFactory [XForwardedRemoteAddr]
11:57:33:425  INFO 18657 --- [main] o.s.c.g.r.RouteDefinitionRouteLocator    : Loaded RoutePredicateFactory [Weight]
11:57:33:425  INFO 18657 --- [main] o.s.c.g.r.RouteDefinitionRouteLocator    : Loaded RoutePredicateFactory [CloudFoundryRouteService]
11:57:33:654  INFO 18657 --- [main] com.alibaba.nacos.common.remote.client   : [RpcClientFactory] create a new rpc client of 451e8318-5ade-4c91-a4be-3dbbd8971cc9
11:57:33:655  INFO 18657 --- [main] com.alibaba.nacos.common.remote.client   : [451e8318-5ade-4c91-a4be-3dbbd8971cc9] RpcClient init label, labels = {module=naming, source=sdk}
11:57:33:656  INFO 18657 --- [main] com.alibaba.nacos.common.remote.client   : [451e8318-5ade-4c91-a4be-3dbbd8971cc9] RpcClient init, ServerListFactory = com.alibaba.nacos.client.naming.core.ServerListManager
11:57:33:657  INFO 18657 --- [main] com.alibaba.nacos.common.remote.client   : [451e8318-5ade-4c91-a4be-3dbbd8971cc9] Registry connection listener to current client:com.alibaba.nacos.client.naming.remote.gprc.redo.NamingGrpcRedoService
11:57:33:657  INFO 18657 --- [main] com.alibaba.nacos.common.remote.client   : [451e8318-5ade-4c91-a4be-3dbbd8971cc9] Register server push request handler:com.alibaba.nacos.client.naming.remote.gprc.NamingPushRequestHandler
11:57:33:657  INFO 18657 --- [main] com.alibaba.nacos.common.remote.client   : [451e8318-5ade-4c91-a4be-3dbbd8971cc9] Try to connect to server on start up, server: {serverIp = '192.168.121.128', server main port = 8848}
11:57:33:774  INFO 18657 --- [main] com.alibaba.nacos.common.remote.client   : [451e8318-5ade-4c91-a4be-3dbbd8971cc9] Success to connect to server [192.168.121.128:8848] on start up, connectionId = 1724547802539_192.168.121.1_64666
11:57:33:774  INFO 18657 --- [main] com.alibaba.nacos.common.remote.client   : [451e8318-5ade-4c91-a4be-3dbbd8971cc9] Register server push request handler:com.alibaba.nacos.common.remote.client.RpcClient$ConnectResetRequestHandler
11:57:33:774  INFO 18657 --- [main] com.alibaba.nacos.common.remote.client   : [451e8318-5ade-4c91-a4be-3dbbd8971cc9] Register server push request handler:com.alibaba.nacos.common.remote.client.RpcClient$$Lambda$460/0x0000000800508440
11:57:33:774  INFO 18657 --- [com.alibaba.nacos.client.remote.worker] com.alibaba.nacos.common.remote.client   : [451e8318-5ade-4c91-a4be-3dbbd8971cc9] Notify connected event to listeners.
11:57:33:864  INFO 18657 --- [main] o.s.b.web.embedded.netty.NettyWebServer  : Netty started on port 8080
11:57:33:895  INFO 18657 --- [main] c.a.c.n.registry.NacosServiceRegistry    : nacos registry, DEFAULT_GROUP gateway 192.168.0.103:8080 register finished
11:57:33:936  INFO 18657 --- [main] com.zjn.gateway.GatewayApplication       : Started GatewayApplication in 3.138 seconds (JVM running for 3.518)
11:57:33:940  INFO 18657 --- [main] c.a.c.n.refresh.NacosContextRefresher    : [Nacos Config] Listening config: dataId=gateway.yaml, group=DEFAULT_GROUP
11:57:33:940  INFO 18657 --- [main] c.a.c.n.refresh.NacosContextRefresher    : [Nacos Config] Listening config: dataId=gateway, group=DEFAULT_GROUP
11:57:33:940  INFO 18657 --- [main] c.a.c.n.refresh.NacosContextRefresher    : [Nacos Config] Listening config: dataId=gateway-local.yaml, group=DEFAULT_GROUP
11:57:34:378  INFO 18657 --- [nacos-grpc-client-executor-6] com.alibaba.nacos.common.remote.client   : [451e8318-5ade-4c91-a4be-3dbbd8971cc9] Receive server push request, request = NotifySubscriberRequest, requestId = 294
11:57:34:384  INFO 18657 --- [nacos-grpc-client-executor-6] com.alibaba.nacos.common.remote.client   : [451e8318-5ade-4c91-a4be-3dbbd8971cc9] Ack server push request, request = NotifySubscriberRequest, requestId = 294
12:59:53:171  INFO 18657 --- [nacos-grpc-client-executor-903] com.alibaba.nacos.common.remote.client   : [451e8318-5ade-4c91-a4be-3dbbd8971cc9] Receive server push request, request = NotifySubscriberRequest, requestId = 317
12:59:53:171  INFO 18657 --- [nacos-grpc-client-executor-903] com.alibaba.nacos.common.remote.client   : [451e8318-5ade-4c91-a4be-3dbbd8971cc9] Ack server push request, request = NotifySubscriberRequest, requestId = 317
12:59:54:467  INFO 18657 --- [nacos-grpc-client-executor-906] com.alibaba.nacos.common.remote.client   : [451e8318-5ade-4c91-a4be-3dbbd8971cc9] Receive server push request, request = NotifySubscriberRequest, requestId = 318
12:59:54:467  INFO 18657 --- [nacos-grpc-client-executor-906] com.alibaba.nacos.common.remote.client   : [451e8318-5ade-4c91-a4be-3dbbd8971cc9] Ack server push request, request = NotifySubscriberRequest, requestId = 318
13:00:37:029  INFO 18657 --- [nacos-grpc-client-executor-918] com.alibaba.nacos.common.remote.client   : [451e8318-5ade-4c91-a4be-3dbbd8971cc9] Receive server push request, request = NotifySubscriberRequest, requestId = 320
13:00:37:030  INFO 18657 --- [nacos-grpc-client-executor-918] com.alibaba.nacos.common.remote.client   : [451e8318-5ade-4c91-a4be-3dbbd8971cc9] Ack server push request, request = NotifySubscriberRequest, requestId = 320
13:01:23:169  INFO 18657 --- [nacos-grpc-client-executor-931] com.alibaba.nacos.common.remote.client   : [451e8318-5ade-4c91-a4be-3dbbd8971cc9] Receive server push request, request = NotifySubscriberRequest, requestId = 321
13:01:23:170  INFO 18657 --- [nacos-grpc-client-executor-931] com.alibaba.nacos.common.remote.client   : [451e8318-5ade-4c91-a4be-3dbbd8971cc9] Ack server push request, request = NotifySubscriberRequest, requestId = 321
13:16:33:087  INFO 18657 --- [nacos-grpc-client-executor-1166] com.alibaba.nacos.common.remote.client   : [451e8318-5ade-4c91-a4be-3dbbd8971cc9] Receive server push request, request = NotifySubscriberRequest, requestId = 324
13:16:33:090  INFO 18657 --- [nacos-grpc-client-executor-1166] com.alibaba.nacos.common.remote.client   : [451e8318-5ade-4c91-a4be-3dbbd8971cc9] Ack server push request, request = NotifySubscriberRequest, requestId = 324
13:16:33:094  INFO 18657 --- [nacos-grpc-client-executor-1167] com.alibaba.nacos.common.remote.client   : [451e8318-5ade-4c91-a4be-3dbbd8971cc9] Receive server push request, request = NotifySubscriberRequest, requestId = 325
13:16:33:096  INFO 18657 --- [nacos-grpc-client-executor-1167] com.alibaba.nacos.common.remote.client   : [451e8318-5ade-4c91-a4be-3dbbd8971cc9] Ack server push request, request = NotifySubscriberRequest, requestId = 325
13:16:33:187  INFO 18657 --- [nacos-grpc-client-executor-1168] com.alibaba.nacos.common.remote.client   : [451e8318-5ade-4c91-a4be-3dbbd8971cc9] Receive server push request, request = NotifySubscriberRequest, requestId = 327
13:16:33:188  INFO 18657 --- [nacos-grpc-client-executor-1168] com.alibaba.nacos.common.remote.client   : [451e8318-5ade-4c91-a4be-3dbbd8971cc9] Ack server push request, request = NotifySubscriberRequest, requestId = 327
13:16:40:248  INFO 18657 --- [nacos-grpc-client-executor-1170] com.alibaba.nacos.common.remote.client   : [451e8318-5ade-4c91-a4be-3dbbd8971cc9] Receive server push request, request = NotifySubscriberRequest, requestId = 330
13:16:40:262  INFO 18657 --- [nacos-grpc-client-executor-1170] com.alibaba.nacos.common.remote.client   : [451e8318-5ade-4c91-a4be-3dbbd8971cc9] Ack server push request, request = NotifySubscriberRequest, requestId = 330
13:16:40:745  INFO 18657 --- [nacos-grpc-client-executor-1171] com.alibaba.nacos.common.remote.client   : [451e8318-5ade-4c91-a4be-3dbbd8971cc9] Receive server push request, request = NotifySubscriberRequest, requestId = 332
13:16:40:746  INFO 18657 --- [nacos-grpc-client-executor-1171] com.alibaba.nacos.common.remote.client   : [451e8318-5ade-4c91-a4be-3dbbd8971cc9] Ack server push request, request = NotifySubscriberRequest, requestId = 332
13:16:45:372  INFO 18657 --- [nacos-grpc-client-executor-1172] com.alibaba.nacos.common.remote.client   : [451e8318-5ade-4c91-a4be-3dbbd8971cc9] Receive server push request, request = NotifySubscriberRequest, requestId = 335
13:16:45:375  INFO 18657 --- [nacos-grpc-client-executor-1172] com.alibaba.nacos.common.remote.client   : [451e8318-5ade-4c91-a4be-3dbbd8971cc9] Ack server push request, request = NotifySubscriberRequest, requestId = 335
13:16:46:278  INFO 18657 --- [nacos-grpc-client-executor-1173] com.alibaba.nacos.common.remote.client   : [451e8318-5ade-4c91-a4be-3dbbd8971cc9] Receive server push request, request = NotifySubscriberRequest, requestId = 336
13:16:46:280  INFO 18657 --- [nacos-grpc-client-executor-1173] com.alibaba.nacos.common.remote.client   : [451e8318-5ade-4c91-a4be-3dbbd8971cc9] Ack server push request, request = NotifySubscriberRequest, requestId = 336
