08:48:02:441  WARN 2400 --- [Thread-4] c.a.nacos.common.notify.NotifyCenter     : [NotifyCenter] Start destroying Publisher
08:48:02:441  WARN 2400 --- [Thread-7] c.a.n.common.http.HttpClientBeanHolder   : [HttpClientBeanHolder] Start destroying common HttpClient
08:48:02:446  WARN 2400 --- [Thread-4] c.a.nacos.common.notify.NotifyCenter     : [NotifyCenter] Destruction of the end
08:48:02:446  WARN 2400 --- [Thread-7] c.a.n.common.http.HttpClientBeanHolder   : [HttpClientBeanHolder] Destruction of the end
08:48:02:484  INFO 2400 --- [SpringApplicationShutdownHook] c.a.c.n.registry.NacosServiceRegistry    : De-registering from Nacos Server now...
08:48:02:488  INFO 2400 --- [SpringApplicationShutdownHook] c.a.c.n.registry.NacosServiceRegistry    : De-registration finished.
08:48:02:803  INFO 2400 --- [SpringApplicationShutdownHook] com.alibaba.nacos.common.remote.client   : Shutdown rpc client, set status to shutdown
08:48:02:803  INFO 2400 --- [SpringApplicationShutdownHook] com.alibaba.nacos.common.remote.client   : Shutdown client event executor java.util.concurrent.ScheduledThreadPoolExecutor@1fc61d1a[Running, pool size = 2, active threads = 2, queued tasks = 0, completed tasks = 0]
08:48:02:803  INFO 2400 --- [SpringApplicationShutdownHook] com.alibaba.nacos.common.remote.client   : Close current connection 1724485986901_192.168.121.1_56829
08:48:02:805  INFO 2400 --- [SpringApplicationShutdownHook] c.a.n.c.remote.client.grpc.GrpcClient    : Shutdown grpc executor java.util.concurrent.ThreadPoolExecutor@1d530dd1[Running, pool size = 4, active threads = 0, queued tasks = 0, completed tasks = 1005]
08:48:11:414  INFO 6891 --- [main] com.zjn.trade.TradeApplication           : Starting TradeApplication using Java 11.0.14.1 on bbcall3.local with PID 6891 (/Users/zjn_11/Desktop/HMALL/hmall/trade-service/target/classes started by zjn_11 in /Users/zjn_11/Desktop/HMALL/hmall)
08:48:11:414 DEBUG 6891 --- [main] com.zjn.trade.TradeApplication           : Running with Spring Boot v2.7.5, Spring v5.3.23
08:48:11:415  INFO 6891 --- [main] com.zjn.trade.TradeApplication           : The following 1 profile is active: "local"
08:48:11:880  INFO 6891 --- [main] .s.d.r.c.RepositoryConfigurationDelegate : Multiple Spring Data modules found, entering strict repository configuration mode
08:48:11:881  INFO 6891 --- [main] .s.d.r.c.RepositoryConfigurationDelegate : Bootstrapping Spring Data Redis repositories in DEFAULT mode.
08:48:11:890  INFO 6891 --- [main] .s.d.r.c.RepositoryConfigurationDelegate : Finished Spring Data repository scanning in 3 ms. Found 0 Redis repository interfaces.
08:48:12:039  INFO 6891 --- [main] o.s.cloud.context.scope.GenericScope     : BeanFactory id=70eeee8c-f07f-3004-ae5b-c07a1b1661d5
08:48:12:271  INFO 6891 --- [main] o.s.b.w.embedded.tomcat.TomcatWebServer  : Tomcat initialized with port(s): 8085 (http)
08:48:12:277  INFO 6891 --- [main] o.apache.catalina.core.StandardService   : Starting service [Tomcat]
08:48:12:277  INFO 6891 --- [main] org.apache.catalina.core.StandardEngine  : Starting Servlet engine: [Apache Tomcat/9.0.68]
08:48:12:360  INFO 6891 --- [main] o.a.c.c.C.[Tomcat].[localhost].[/]       : Initializing Spring embedded WebApplicationContext
08:48:12:360  INFO 6891 --- [main] w.s.c.ServletWebServerApplicationContext : Root WebApplicationContext: initialization completed in 925 ms
08:48:12:546  INFO 6891 --- [main] o.s.c.openfeign.FeignClientFactoryBean   : For 'item-service' URL not provided. Will try picking an instance via load-balancing.
08:48:12:859  INFO 6891 --- [main] o.s.c.openfeign.FeignClientFactoryBean   : For 'cart-service' URL not provided. Will try picking an instance via load-balancing.
08:48:13:146  INFO 6891 --- [main] pertySourcedRequestMappingHandlerMapping : Mapped URL path [/v2/api-docs] onto method [springfox.documentation.swagger2.web.Swagger2ControllerWebMvc#getDocumentation(String, HttpServletRequest)]
08:48:13:387  INFO 6891 --- [main] com.alibaba.nacos.common.remote.client   : [RpcClientFactory] create a new rpc client of a0010fc2-8a13-4dbf-a371-94eb72d0ae40
08:48:13:409  INFO 6891 --- [main] org.reflections.Reflections              : Reflections took 11 ms to scan 1 urls, producing 3 keys and 6 values 
08:48:13:422  INFO 6891 --- [main] org.reflections.Reflections              : Reflections took 5 ms to scan 1 urls, producing 4 keys and 9 values 
08:48:13:428  INFO 6891 --- [main] org.reflections.Reflections              : Reflections took 5 ms to scan 1 urls, producing 3 keys and 10 values 
08:48:13:429  WARN 6891 --- [main] org.reflections.Reflections              : given scan urls are empty. set urls in the configuration
08:48:13:433  INFO 6891 --- [main] org.reflections.Reflections              : Reflections took 4 ms to scan 1 urls, producing 1 keys and 5 values 
08:48:13:438  INFO 6891 --- [main] org.reflections.Reflections              : Reflections took 4 ms to scan 1 urls, producing 1 keys and 7 values 
08:48:13:444  INFO 6891 --- [main] org.reflections.Reflections              : Reflections took 4 ms to scan 1 urls, producing 2 keys and 8 values 
08:48:13:444  WARN 6891 --- [main] org.reflections.Reflections              : given scan urls are empty. set urls in the configuration
08:48:13:445  INFO 6891 --- [main] com.alibaba.nacos.common.remote.client   : [a0010fc2-8a13-4dbf-a371-94eb72d0ae40] RpcClient init label, labels = {module=naming, source=sdk}
08:48:13:446  INFO 6891 --- [main] com.alibaba.nacos.common.remote.client   : [a0010fc2-8a13-4dbf-a371-94eb72d0ae40] RpcClient init, ServerListFactory = com.alibaba.nacos.client.naming.core.ServerListManager
08:48:13:446  INFO 6891 --- [main] com.alibaba.nacos.common.remote.client   : [a0010fc2-8a13-4dbf-a371-94eb72d0ae40] Registry connection listener to current client:com.alibaba.nacos.client.naming.remote.gprc.redo.NamingGrpcRedoService
08:48:13:446  INFO 6891 --- [main] com.alibaba.nacos.common.remote.client   : [a0010fc2-8a13-4dbf-a371-94eb72d0ae40] Register server push request handler:com.alibaba.nacos.client.naming.remote.gprc.NamingPushRequestHandler
08:48:13:447  INFO 6891 --- [main] com.alibaba.nacos.common.remote.client   : [a0010fc2-8a13-4dbf-a371-94eb72d0ae40] Try to connect to server on start up, server: {serverIp = '192.168.121.128', server main port = 8848}
08:48:13:831  INFO 6891 --- [main] com.alibaba.nacos.common.remote.client   : [a0010fc2-8a13-4dbf-a371-94eb72d0ae40] Success to connect to server [192.168.121.128:8848] on start up, connectionId = 1724489553468_192.168.121.1_49360
08:48:13:832  INFO 6891 --- [main] com.alibaba.nacos.common.remote.client   : [a0010fc2-8a13-4dbf-a371-94eb72d0ae40] Register server push request handler:com.alibaba.nacos.common.remote.client.RpcClient$ConnectResetRequestHandler
08:48:13:832  INFO 6891 --- [com.alibaba.nacos.client.remote.worker] com.alibaba.nacos.common.remote.client   : [a0010fc2-8a13-4dbf-a371-94eb72d0ae40] Notify connected event to listeners.
08:48:13:833  INFO 6891 --- [main] com.alibaba.nacos.common.remote.client   : [a0010fc2-8a13-4dbf-a371-94eb72d0ae40] Register server push request handler:com.alibaba.nacos.common.remote.client.RpcClient$$Lambda$1119/0x00000008008e7840
08:48:13:891  INFO 6891 --- [main] o.s.b.w.embedded.tomcat.TomcatWebServer  : Tomcat started on port(s): 8085 (http) with context path ''
08:48:13:901  INFO 6891 --- [main] c.a.c.n.registry.NacosServiceRegistry    : nacos registry, DEFAULT_GROUP trade-service 10.71.59.104:8085 register finished
08:48:13:906  INFO 6891 --- [main] d.s.w.p.DocumentationPluginsBootstrapper : Documentation plugins bootstrapped
08:48:13:908  INFO 6891 --- [main] d.s.w.p.DocumentationPluginsBootstrapper : Found 1 custom documentation plugin(s)
08:48:13:919  INFO 6891 --- [main] s.d.s.w.s.ApiListingReferenceScanner     : Scanning for api listing references
08:48:13:960  INFO 6891 --- [main] com.zjn.trade.TradeApplication           : Started TradeApplication in 2.811 seconds (JVM running for 3.147)
08:48:14:464  INFO 6891 --- [nacos-grpc-client-executor-12] com.alibaba.nacos.common.remote.client   : [a0010fc2-8a13-4dbf-a371-94eb72d0ae40] Receive server push request, request = NotifySubscriberRequest, requestId = 87
08:48:14:467  INFO 6891 --- [nacos-grpc-client-executor-12] com.alibaba.nacos.common.remote.client   : [a0010fc2-8a13-4dbf-a371-94eb72d0ae40] Ack server push request, request = NotifySubscriberRequest, requestId = 87
08:58:18:522  WARN 6891 --- [Thread-4] c.a.nacos.common.notify.NotifyCenter     : [NotifyCenter] Start destroying Publisher
08:58:18:522  WARN 6891 --- [Thread-7] c.a.n.common.http.HttpClientBeanHolder   : [HttpClientBeanHolder] Start destroying common HttpClient
08:58:18:523  WARN 6891 --- [Thread-4] c.a.nacos.common.notify.NotifyCenter     : [NotifyCenter] Destruction of the end
08:58:18:524  WARN 6891 --- [Thread-7] c.a.n.common.http.HttpClientBeanHolder   : [HttpClientBeanHolder] Destruction of the end
08:58:18:571  INFO 6891 --- [SpringApplicationShutdownHook] c.a.c.n.registry.NacosServiceRegistry    : De-registering from Nacos Server now...
08:58:18:574  INFO 6891 --- [SpringApplicationShutdownHook] c.a.c.n.registry.NacosServiceRegistry    : De-registration finished.
08:58:18:886  INFO 6891 --- [SpringApplicationShutdownHook] com.alibaba.nacos.common.remote.client   : Shutdown rpc client, set status to shutdown
08:58:18:886  INFO 6891 --- [SpringApplicationShutdownHook] com.alibaba.nacos.common.remote.client   : Shutdown client event executor java.util.concurrent.ScheduledThreadPoolExecutor@384a8273[Running, pool size = 2, active threads = 2, queued tasks = 0, completed tasks = 0]
08:58:18:886  INFO 6891 --- [SpringApplicationShutdownHook] com.alibaba.nacos.common.remote.client   : Close current connection 1724489553468_192.168.121.1_49360
08:58:18:888  INFO 6891 --- [nacos-grpc-client-executor-231] c.a.n.c.remote.client.grpc.GrpcClient    : [1724489553468_192.168.121.1_49360]Ignore complete event,isRunning:false,isAbandon=false
08:58:18:888  INFO 6891 --- [SpringApplicationShutdownHook] c.a.n.c.remote.client.grpc.GrpcClient    : Shutdown grpc executor java.util.concurrent.ThreadPoolExecutor@b0966b7[Running, pool size = 8, active threads = 0, queued tasks = 0, completed tasks = 232]
08:58:37:273  INFO 7737 --- [main] com.zjn.trade.TradeApplication           : Starting TradeApplication using Java 11.0.14.1 on bbcall3.local with PID 7737 (/Users/zjn_11/Desktop/HMALL/hmall/trade-service/target/classes started by zjn_11 in /Users/zjn_11/Desktop/HMALL/hmall)
08:58:37:274 DEBUG 7737 --- [main] com.zjn.trade.TradeApplication           : Running with Spring Boot v2.7.5, Spring v5.3.23
08:58:37:274  INFO 7737 --- [main] com.zjn.trade.TradeApplication           : The following 1 profile is active: "local"
08:58:37:408 ERROR 7737 --- [main] o.s.boot.SpringApplication               : Application run failed

java.lang.IllegalStateException: Unable to read meta-data for class #  com.hmall.common.config.MvcConfig
	at org.springframework.boot.autoconfigure.AutoConfigurationSorter$AutoConfigurationClass.getAnnotationMetadata(AutoConfigurationSorter.java:237) ~[spring-boot-autoconfigure-2.7.5.jar:2.7.5]
	at org.springframework.boot.autoconfigure.AutoConfigurationSorter$AutoConfigurationClass.getOrder(AutoConfigurationSorter.java:208) ~[spring-boot-autoconfigure-2.7.5.jar:2.7.5]
	at org.springframework.boot.autoconfigure.AutoConfigurationSorter$AutoConfigurationClass.access$000(AutoConfigurationSorter.java:154) ~[spring-boot-autoconfigure-2.7.5.jar:2.7.5]
	at org.springframework.boot.autoconfigure.AutoConfigurationSorter.lambda$getInPriorityOrder$0(AutoConfigurationSorter.java:64) ~[spring-boot-autoconfigure-2.7.5.jar:2.7.5]
	at java.base/java.util.TimSort.countRunAndMakeAscending(TimSort.java:355) ~[na:na]
	at java.base/java.util.TimSort.sort(TimSort.java:234) ~[na:na]
	at java.base/java.util.Arrays.sort(Arrays.java:1515) ~[na:na]
	at java.base/java.util.ArrayList.sort(ArrayList.java:1750) ~[na:na]
	at org.springframework.boot.autoconfigure.AutoConfigurationSorter.getInPriorityOrder(AutoConfigurationSorter.java:62) ~[spring-boot-autoconfigure-2.7.5.jar:2.7.5]
	at org.springframework.boot.autoconfigure.AutoConfigurationImportSelector$AutoConfigurationGroup.sortAutoConfigurations(AutoConfigurationImportSelector.java:474) ~[spring-boot-autoconfigure-2.7.5.jar:2.7.5]
	at org.springframework.boot.autoconfigure.AutoConfigurationImportSelector$AutoConfigurationGroup.selectImports(AutoConfigurationImportSelector.java:459) ~[spring-boot-autoconfigure-2.7.5.jar:2.7.5]
	at org.springframework.context.annotation.ConfigurationClassParser$DeferredImportSelectorGrouping.getImports(ConfigurationClassParser.java:882) ~[spring-context-5.3.23.jar:5.3.23]
	at org.springframework.context.annotation.ConfigurationClassParser$DeferredImportSelectorGroupingHandler.processGroupImports(ConfigurationClassParser.java:809) ~[spring-context-5.3.23.jar:5.3.23]
	at org.springframework.context.annotation.ConfigurationClassParser$DeferredImportSelectorHandler.process(ConfigurationClassParser.java:780) ~[spring-context-5.3.23.jar:5.3.23]
	at org.springframework.context.annotation.ConfigurationClassParser.parse(ConfigurationClassParser.java:192) ~[spring-context-5.3.23.jar:5.3.23]
	at org.springframework.context.annotation.ConfigurationClassPostProcessor.processConfigBeanDefinitions(ConfigurationClassPostProcessor.java:331) ~[spring-context-5.3.23.jar:5.3.23]
	at org.springframework.context.annotation.ConfigurationClassPostProcessor.postProcessBeanDefinitionRegistry(ConfigurationClassPostProcessor.java:247) ~[spring-context-5.3.23.jar:5.3.23]
	at org.springframework.context.support.PostProcessorRegistrationDelegate.invokeBeanDefinitionRegistryPostProcessors(PostProcessorRegistrationDelegate.java:311) ~[spring-context-5.3.23.jar:5.3.23]
	at org.springframework.context.support.PostProcessorRegistrationDelegate.invokeBeanFactoryPostProcessors(PostProcessorRegistrationDelegate.java:112) ~[spring-context-5.3.23.jar:5.3.23]
	at org.springframework.context.support.AbstractApplicationContext.invokeBeanFactoryPostProcessors(AbstractApplicationContext.java:746) ~[spring-context-5.3.23.jar:5.3.23]
	at org.springframework.context.support.AbstractApplicationContext.refresh(AbstractApplicationContext.java:564) ~[spring-context-5.3.23.jar:5.3.23]
	at org.springframework.boot.web.servlet.context.ServletWebServerApplicationContext.refresh(ServletWebServerApplicationContext.java:147) ~[spring-boot-2.7.5.jar:2.7.5]
	at org.springframework.boot.SpringApplication.refresh(SpringApplication.java:734) ~[spring-boot-2.7.5.jar:2.7.5]
	at org.springframework.boot.SpringApplication.refreshContext(SpringApplication.java:408) ~[spring-boot-2.7.5.jar:2.7.5]
	at org.springframework.boot.SpringApplication.run(SpringApplication.java:308) ~[spring-boot-2.7.5.jar:2.7.5]
	at org.springframework.boot.SpringApplication.run(SpringApplication.java:1306) ~[spring-boot-2.7.5.jar:2.7.5]
	at org.springframework.boot.SpringApplication.run(SpringApplication.java:1295) ~[spring-boot-2.7.5.jar:2.7.5]
	at com.zjn.trade.TradeApplication.main(TradeApplication.java:14) ~[classes/:na]
Caused by: java.io.FileNotFoundException: class path resource [#  com/hmall/common/config/MvcConfig.class] cannot be opened because it does not exist
	at org.springframework.core.io.ClassPathResource.getInputStream(ClassPathResource.java:199) ~[spring-core-5.3.23.jar:5.3.23]
	at org.springframework.core.type.classreading.SimpleMetadataReader.getClassReader(SimpleMetadataReader.java:55) ~[spring-core-5.3.23.jar:5.3.23]
	at org.springframework.core.type.classreading.SimpleMetadataReader.<init>(SimpleMetadataReader.java:48) ~[spring-core-5.3.23.jar:5.3.23]
	at org.springframework.core.type.classreading.SimpleMetadataReaderFactory.getMetadataReader(SimpleMetadataReaderFactory.java:103) ~[spring-core-5.3.23.jar:5.3.23]
	at org.springframework.boot.type.classreading.ConcurrentReferenceCachingMetadataReaderFactory.createMetadataReader(ConcurrentReferenceCachingMetadataReaderFactory.java:86) ~[spring-boot-2.7.5.jar:2.7.5]
	at org.springframework.boot.type.classreading.ConcurrentReferenceCachingMetadataReaderFactory.getMetadataReader(ConcurrentReferenceCachingMetadataReaderFactory.java:73) ~[spring-boot-2.7.5.jar:2.7.5]
	at org.springframework.core.type.classreading.SimpleMetadataReaderFactory.getMetadataReader(SimpleMetadataReaderFactory.java:81) ~[spring-core-5.3.23.jar:5.3.23]
	at org.springframework.boot.autoconfigure.AutoConfigurationSorter$AutoConfigurationClass.getAnnotationMetadata(AutoConfigurationSorter.java:233) ~[spring-boot-autoconfigure-2.7.5.jar:2.7.5]
	... 27 common frames omitted

09:01:02:047  INFO 7872 --- [main] com.zjn.trade.TradeApplication           : Starting TradeApplication using Java 11.0.14.1 on bbcall3.local with PID 7872 (/Users/zjn_11/Desktop/HMALL/hmall/trade-service/target/classes started by zjn_11 in /Users/zjn_11/Desktop/HMALL/hmall)
09:01:02:049 DEBUG 7872 --- [main] com.zjn.trade.TradeApplication           : Running with Spring Boot v2.7.5, Spring v5.3.23
09:01:02:049  INFO 7872 --- [main] com.zjn.trade.TradeApplication           : The following 1 profile is active: "local"
09:01:02:489  INFO 7872 --- [main] .s.d.r.c.RepositoryConfigurationDelegate : Multiple Spring Data modules found, entering strict repository configuration mode
09:01:02:490  INFO 7872 --- [main] .s.d.r.c.RepositoryConfigurationDelegate : Bootstrapping Spring Data Redis repositories in DEFAULT mode.
09:01:02:499  INFO 7872 --- [main] .s.d.r.c.RepositoryConfigurationDelegate : Finished Spring Data repository scanning in 3 ms. Found 0 Redis repository interfaces.
09:01:02:640  INFO 7872 --- [main] o.s.cloud.context.scope.GenericScope     : BeanFactory id=300819ab-6d0a-385d-aa1b-9d80b0e0f04c
09:01:02:825  INFO 7872 --- [main] o.s.b.w.embedded.tomcat.TomcatWebServer  : Tomcat initialized with port(s): 8085 (http)
09:01:02:832  INFO 7872 --- [main] o.apache.catalina.core.StandardService   : Starting service [Tomcat]
09:01:02:832  INFO 7872 --- [main] org.apache.catalina.core.StandardEngine  : Starting Servlet engine: [Apache Tomcat/9.0.68]
09:01:02:888  INFO 7872 --- [main] o.a.c.c.C.[Tomcat].[localhost].[/]       : Initializing Spring embedded WebApplicationContext
09:01:02:888  INFO 7872 --- [main] w.s.c.ServletWebServerApplicationContext : Root WebApplicationContext: initialization completed in 818 ms
09:01:02:998  INFO 7872 --- [main] o.s.c.openfeign.FeignClientFactoryBean   : For 'item-service' URL not provided. Will try picking an instance via load-balancing.
09:01:03:295  INFO 7872 --- [main] o.s.c.openfeign.FeignClientFactoryBean   : For 'cart-service' URL not provided. Will try picking an instance via load-balancing.
09:01:03:558  INFO 7872 --- [main] pertySourcedRequestMappingHandlerMapping : Mapped URL path [/v2/api-docs] onto method [springfox.documentation.swagger2.web.Swagger2ControllerWebMvc#getDocumentation(String, HttpServletRequest)]
09:01:03:792  INFO 7872 --- [main] com.alibaba.nacos.common.remote.client   : [RpcClientFactory] create a new rpc client of 58d7141d-9db7-407e-aeee-42488d72c897
09:01:03:811  INFO 7872 --- [main] org.reflections.Reflections              : Reflections took 10 ms to scan 1 urls, producing 3 keys and 6 values 
09:01:03:822  INFO 7872 --- [main] org.reflections.Reflections              : Reflections took 5 ms to scan 1 urls, producing 4 keys and 9 values 
09:01:03:836  INFO 7872 --- [main] org.reflections.Reflections              : Reflections took 13 ms to scan 1 urls, producing 3 keys and 10 values 
09:01:03:838  WARN 7872 --- [main] org.reflections.Reflections              : given scan urls are empty. set urls in the configuration
09:01:03:842  INFO 7872 --- [main] org.reflections.Reflections              : Reflections took 4 ms to scan 1 urls, producing 1 keys and 5 values 
09:01:03:848  INFO 7872 --- [main] org.reflections.Reflections              : Reflections took 5 ms to scan 1 urls, producing 1 keys and 7 values 
09:01:03:853  INFO 7872 --- [main] org.reflections.Reflections              : Reflections took 4 ms to scan 1 urls, producing 2 keys and 8 values 
09:01:03:854  WARN 7872 --- [main] org.reflections.Reflections              : given scan urls are empty. set urls in the configuration
09:01:03:855  INFO 7872 --- [main] com.alibaba.nacos.common.remote.client   : [58d7141d-9db7-407e-aeee-42488d72c897] RpcClient init label, labels = {module=naming, source=sdk}
09:01:03:855  INFO 7872 --- [main] com.alibaba.nacos.common.remote.client   : [58d7141d-9db7-407e-aeee-42488d72c897] RpcClient init, ServerListFactory = com.alibaba.nacos.client.naming.core.ServerListManager
09:01:03:856  INFO 7872 --- [main] com.alibaba.nacos.common.remote.client   : [58d7141d-9db7-407e-aeee-42488d72c897] Registry connection listener to current client:com.alibaba.nacos.client.naming.remote.gprc.redo.NamingGrpcRedoService
09:01:03:856  INFO 7872 --- [main] com.alibaba.nacos.common.remote.client   : [58d7141d-9db7-407e-aeee-42488d72c897] Register server push request handler:com.alibaba.nacos.client.naming.remote.gprc.NamingPushRequestHandler
09:01:03:857  INFO 7872 --- [main] com.alibaba.nacos.common.remote.client   : [58d7141d-9db7-407e-aeee-42488d72c897] Try to connect to server on start up, server: {serverIp = '192.168.121.128', server main port = 8848}
09:01:04:210  INFO 7872 --- [main] com.alibaba.nacos.common.remote.client   : [58d7141d-9db7-407e-aeee-42488d72c897] Success to connect to server [192.168.121.128:8848] on start up, connectionId = 1724490323848_192.168.121.1_51449
09:01:04:210  INFO 7872 --- [com.alibaba.nacos.client.remote.worker] com.alibaba.nacos.common.remote.client   : [58d7141d-9db7-407e-aeee-42488d72c897] Notify connected event to listeners.
09:01:04:211  INFO 7872 --- [main] com.alibaba.nacos.common.remote.client   : [58d7141d-9db7-407e-aeee-42488d72c897] Register server push request handler:com.alibaba.nacos.common.remote.client.RpcClient$ConnectResetRequestHandler
09:01:04:211  INFO 7872 --- [main] com.alibaba.nacos.common.remote.client   : [58d7141d-9db7-407e-aeee-42488d72c897] Register server push request handler:com.alibaba.nacos.common.remote.client.RpcClient$$Lambda$1119/0x00000008008e7840
09:01:04:269  INFO 7872 --- [main] o.s.b.w.embedded.tomcat.TomcatWebServer  : Tomcat started on port(s): 8085 (http) with context path ''
09:01:04:278  INFO 7872 --- [main] c.a.c.n.registry.NacosServiceRegistry    : nacos registry, DEFAULT_GROUP trade-service 10.71.59.104:8085 register finished
09:01:04:280  INFO 7872 --- [main] d.s.w.p.DocumentationPluginsBootstrapper : Documentation plugins bootstrapped
09:01:04:282  INFO 7872 --- [main] d.s.w.p.DocumentationPluginsBootstrapper : Found 1 custom documentation plugin(s)
09:01:04:291  INFO 7872 --- [main] s.d.s.w.s.ApiListingReferenceScanner     : Scanning for api listing references
09:01:04:329  INFO 7872 --- [main] com.zjn.trade.TradeApplication           : Started TradeApplication in 2.603 seconds (JVM running for 3.077)
09:01:04:793  INFO 7872 --- [nacos-grpc-client-executor-11] com.alibaba.nacos.common.remote.client   : [58d7141d-9db7-407e-aeee-42488d72c897] Receive server push request, request = NotifySubscriberRequest, requestId = 95
09:01:04:795  INFO 7872 --- [nacos-grpc-client-executor-11] com.alibaba.nacos.common.remote.client   : [58d7141d-9db7-407e-aeee-42488d72c897] Ack server push request, request = NotifySubscriberRequest, requestId = 95
09:58:29:382  WARN 7872 --- [Thread-7] c.a.n.common.http.HttpClientBeanHolder   : [HttpClientBeanHolder] Start destroying common HttpClient
09:58:29:382  WARN 7872 --- [Thread-4] c.a.nacos.common.notify.NotifyCenter     : [NotifyCenter] Start destroying Publisher
09:58:29:383  WARN 7872 --- [Thread-4] c.a.nacos.common.notify.NotifyCenter     : [NotifyCenter] Destruction of the end
09:58:29:384  WARN 7872 --- [Thread-7] c.a.n.common.http.HttpClientBeanHolder   : [HttpClientBeanHolder] Destruction of the end
09:58:29:418  INFO 7872 --- [SpringApplicationShutdownHook] c.a.c.n.registry.NacosServiceRegistry    : De-registering from Nacos Server now...
09:58:29:420  INFO 7872 --- [SpringApplicationShutdownHook] c.a.c.n.registry.NacosServiceRegistry    : De-registration finished.
09:58:29:733  INFO 7872 --- [SpringApplicationShutdownHook] com.alibaba.nacos.common.remote.client   : Shutdown rpc client, set status to shutdown
09:58:29:733  INFO 7872 --- [SpringApplicationShutdownHook] com.alibaba.nacos.common.remote.client   : Shutdown client event executor java.util.concurrent.ScheduledThreadPoolExecutor@7197121b[Running, pool size = 2, active threads = 2, queued tasks = 0, completed tasks = 0]
09:58:29:733  INFO 7872 --- [SpringApplicationShutdownHook] com.alibaba.nacos.common.remote.client   : Close current connection 1724490323848_192.168.121.1_51449
09:58:29:735  INFO 7872 --- [nacos-grpc-client-executor-1044] c.a.n.c.remote.client.grpc.GrpcClient    : [1724490323848_192.168.121.1_51449]Ignore complete event,isRunning:false,isAbandon=false
09:58:29:737  INFO 7872 --- [SpringApplicationShutdownHook] c.a.n.c.remote.client.grpc.GrpcClient    : Shutdown grpc executor java.util.concurrent.ThreadPoolExecutor@165bd4bb[Running, pool size = 7, active threads = 0, queued tasks = 0, completed tasks = 1045]
10:00:31:480  INFO 12066 --- [main] com.zjn.trade.TradeApplication           : Starting TradeApplication using Java 11.0.14.1 on bbcall3.local with PID 12066 (/Users/zjn_11/Desktop/HMALL/hmall/trade-service/target/classes started by zjn_11 in /Users/zjn_11/Desktop/HMALL/hmall)
10:00:31:481 DEBUG 12066 --- [main] com.zjn.trade.TradeApplication           : Running with Spring Boot v2.7.5, Spring v5.3.23
10:00:31:481  INFO 12066 --- [main] com.zjn.trade.TradeApplication           : The following 1 profile is active: "local"
10:00:31:956  INFO 12066 --- [main] .s.d.r.c.RepositoryConfigurationDelegate : Multiple Spring Data modules found, entering strict repository configuration mode
10:00:31:958  INFO 12066 --- [main] .s.d.r.c.RepositoryConfigurationDelegate : Bootstrapping Spring Data Redis repositories in DEFAULT mode.
10:00:31:968  INFO 12066 --- [main] .s.d.r.c.RepositoryConfigurationDelegate : Finished Spring Data repository scanning in 4 ms. Found 0 Redis repository interfaces.
10:00:32:118  INFO 12066 --- [main] o.s.cloud.context.scope.GenericScope     : BeanFactory id=70eeee8c-f07f-3004-ae5b-c07a1b1661d5
10:00:32:309  INFO 12066 --- [main] o.s.b.w.embedded.tomcat.TomcatWebServer  : Tomcat initialized with port(s): 8085 (http)
10:00:32:313  INFO 12066 --- [main] o.apache.catalina.core.StandardService   : Starting service [Tomcat]
10:00:32:314  INFO 12066 --- [main] org.apache.catalina.core.StandardEngine  : Starting Servlet engine: [Apache Tomcat/9.0.68]
10:00:32:374  INFO 12066 --- [main] o.a.c.c.C.[Tomcat].[localhost].[/]       : Initializing Spring embedded WebApplicationContext
10:00:32:375  INFO 12066 --- [main] w.s.c.ServletWebServerApplicationContext : Root WebApplicationContext: initialization completed in 872 ms
10:00:32:494  INFO 12066 --- [main] o.s.c.openfeign.FeignClientFactoryBean   : For 'item-service' URL not provided. Will try picking an instance via load-balancing.
10:00:32:796  INFO 12066 --- [main] o.s.c.openfeign.FeignClientFactoryBean   : For 'cart-service' URL not provided. Will try picking an instance via load-balancing.
10:00:33:060  INFO 12066 --- [main] pertySourcedRequestMappingHandlerMapping : Mapped URL path [/v2/api-docs] onto method [springfox.documentation.swagger2.web.Swagger2ControllerWebMvc#getDocumentation(String, HttpServletRequest)]
10:00:33:309  INFO 12066 --- [main] com.alibaba.nacos.common.remote.client   : [RpcClientFactory] create a new rpc client of aad7ccc8-4ba4-4d8c-8172-a872c40e0aec
10:00:33:330  INFO 12066 --- [main] org.reflections.Reflections              : Reflections took 9 ms to scan 1 urls, producing 3 keys and 6 values 
10:00:33:341  INFO 12066 --- [main] org.reflections.Reflections              : Reflections took 6 ms to scan 1 urls, producing 4 keys and 9 values 
10:00:33:347  INFO 12066 --- [main] org.reflections.Reflections              : Reflections took 4 ms to scan 1 urls, producing 3 keys and 10 values 
10:00:33:348  WARN 12066 --- [main] org.reflections.Reflections              : given scan urls are empty. set urls in the configuration
10:00:33:352  INFO 12066 --- [main] org.reflections.Reflections              : Reflections took 4 ms to scan 1 urls, producing 1 keys and 5 values 
10:00:33:358  INFO 12066 --- [main] org.reflections.Reflections              : Reflections took 4 ms to scan 1 urls, producing 1 keys and 7 values 
10:00:33:365  INFO 12066 --- [main] org.reflections.Reflections              : Reflections took 5 ms to scan 1 urls, producing 2 keys and 8 values 
10:00:33:367  WARN 12066 --- [main] org.reflections.Reflections              : given scan urls are empty. set urls in the configuration
10:00:33:368  INFO 12066 --- [main] com.alibaba.nacos.common.remote.client   : [aad7ccc8-4ba4-4d8c-8172-a872c40e0aec] RpcClient init label, labels = {module=naming, source=sdk}
10:00:33:369  INFO 12066 --- [main] com.alibaba.nacos.common.remote.client   : [aad7ccc8-4ba4-4d8c-8172-a872c40e0aec] RpcClient init, ServerListFactory = com.alibaba.nacos.client.naming.core.ServerListManager
10:00:33:369  INFO 12066 --- [main] com.alibaba.nacos.common.remote.client   : [aad7ccc8-4ba4-4d8c-8172-a872c40e0aec] Registry connection listener to current client:com.alibaba.nacos.client.naming.remote.gprc.redo.NamingGrpcRedoService
10:00:33:369  INFO 12066 --- [main] com.alibaba.nacos.common.remote.client   : [aad7ccc8-4ba4-4d8c-8172-a872c40e0aec] Register server push request handler:com.alibaba.nacos.client.naming.remote.gprc.NamingPushRequestHandler
10:00:33:370  INFO 12066 --- [main] com.alibaba.nacos.common.remote.client   : [aad7ccc8-4ba4-4d8c-8172-a872c40e0aec] Try to connect to server on start up, server: {serverIp = '192.168.121.128', server main port = 8848}
10:00:33:712  INFO 12066 --- [main] com.alibaba.nacos.common.remote.client   : [aad7ccc8-4ba4-4d8c-8172-a872c40e0aec] Success to connect to server [192.168.121.128:8848] on start up, connectionId = 1724493893388_192.168.121.1_57844
10:00:33:713  INFO 12066 --- [com.alibaba.nacos.client.remote.worker] com.alibaba.nacos.common.remote.client   : [aad7ccc8-4ba4-4d8c-8172-a872c40e0aec] Notify connected event to listeners.
10:00:33:713  INFO 12066 --- [main] com.alibaba.nacos.common.remote.client   : [aad7ccc8-4ba4-4d8c-8172-a872c40e0aec] Register server push request handler:com.alibaba.nacos.common.remote.client.RpcClient$ConnectResetRequestHandler
10:00:33:714  INFO 12066 --- [main] com.alibaba.nacos.common.remote.client   : [aad7ccc8-4ba4-4d8c-8172-a872c40e0aec] Register server push request handler:com.alibaba.nacos.common.remote.client.RpcClient$$Lambda$1119/0x00000008008e7840
10:00:33:782  INFO 12066 --- [main] o.s.b.w.embedded.tomcat.TomcatWebServer  : Tomcat started on port(s): 8085 (http) with context path ''
10:00:33:789  INFO 12066 --- [main] c.a.c.n.registry.NacosServiceRegistry    : nacos registry, DEFAULT_GROUP trade-service 10.71.59.104:8085 register finished
10:00:33:792  INFO 12066 --- [main] d.s.w.p.DocumentationPluginsBootstrapper : Documentation plugins bootstrapped
10:00:33:793  INFO 12066 --- [main] d.s.w.p.DocumentationPluginsBootstrapper : Found 1 custom documentation plugin(s)
10:00:33:803  INFO 12066 --- [main] s.d.s.w.s.ApiListingReferenceScanner     : Scanning for api listing references
10:00:33:843  INFO 12066 --- [main] com.zjn.trade.TradeApplication           : Started TradeApplication in 2.753 seconds (JVM running for 3.182)
10:00:34:355  INFO 12066 --- [nacos-grpc-client-executor-11] com.alibaba.nacos.common.remote.client   : [aad7ccc8-4ba4-4d8c-8172-a872c40e0aec] Receive server push request, request = NotifySubscriberRequest, requestId = 114
10:00:34:357  INFO 12066 --- [nacos-grpc-client-executor-11] com.alibaba.nacos.common.remote.client   : [aad7ccc8-4ba4-4d8c-8172-a872c40e0aec] Ack server push request, request = NotifySubscriberRequest, requestId = 114
