08:48:02:372  WARN 2394 --- [Thread-4] c.a.nacos.common.notify.NotifyCenter     : [NotifyCenter] Start destroying Publisher
08:48:02:372  WARN 2394 --- [Thread-7] c.a.n.common.http.HttpClientBeanHolder   : [HttpClientBeanHolder] Start destroying common HttpClient
08:48:02:377  WARN 2394 --- [Thread-4] c.a.nacos.common.notify.NotifyCenter     : [NotifyCenter] Destruction of the end
08:48:02:377  WARN 2394 --- [Thread-7] c.a.n.common.http.HttpClientBeanHolder   : [HttpClientBeanHolder] Destruction of the end
08:48:02:413  INFO 2394 --- [SpringApplicationShutdownHook] c.a.c.n.registry.NacosServiceRegistry    : De-registering from Nacos Server now...
08:48:02:416  INFO 2394 --- [SpringApplicationShutdownHook] c.a.c.n.registry.NacosServiceRegistry    : De-registration finished.
08:48:02:727  INFO 2394 --- [SpringApplicationShutdownHook] com.alibaba.nacos.common.remote.client   : Shutdown rpc client, set status to shutdown
08:48:02:728  INFO 2394 --- [SpringApplicationShutdownHook] com.alibaba.nacos.common.remote.client   : Shutdown client event executor java.util.concurrent.ScheduledThreadPoolExecutor@2267a243[Running, pool size = 2, active threads = 2, queued tasks = 0, completed tasks = 0]
08:48:02:728  INFO 2394 --- [SpringApplicationShutdownHook] com.alibaba.nacos.common.remote.client   : Close current connection 1724485984008_192.168.121.1_56795
08:48:02:730  INFO 2394 --- [SpringApplicationShutdownHook] c.a.n.c.remote.client.grpc.GrpcClient    : Shutdown grpc executor java.util.concurrent.ThreadPoolExecutor@23304d43[Running, pool size = 7, active threads = 0, queued tasks = 0, completed tasks = 1084]
08:48:06:080  INFO 6879 --- [main] com.zjn.item.ItemApplication             : Starting ItemApplication using Java 11.0.14.1 on bbcall3.local with PID 6879 (/Users/zjn_11/Desktop/HMALL/hmall/item-service/target/classes started by zjn_11 in /Users/zjn_11/Desktop/HMALL/hmall)
08:48:06:081 DEBUG 6879 --- [main] com.zjn.item.ItemApplication             : Running with Spring Boot v2.7.5, Spring v5.3.23
08:48:06:081  INFO 6879 --- [main] com.zjn.item.ItemApplication             : The following 1 profile is active: "local"
08:48:06:521  INFO 6879 --- [main] .s.d.r.c.RepositoryConfigurationDelegate : Multiple Spring Data modules found, entering strict repository configuration mode
08:48:06:522  INFO 6879 --- [main] .s.d.r.c.RepositoryConfigurationDelegate : Bootstrapping Spring Data Redis repositories in DEFAULT mode.
08:48:06:532  INFO 6879 --- [main] .s.d.r.c.RepositoryConfigurationDelegate : Finished Spring Data repository scanning in 3 ms. Found 0 Redis repository interfaces.
08:48:06:660  INFO 6879 --- [main] o.s.cloud.context.scope.GenericScope     : BeanFactory id=7e26c153-9ea6-3098-abb1-c9c9bc630963
08:48:06:837  INFO 6879 --- [main] o.s.b.w.embedded.tomcat.TomcatWebServer  : Tomcat initialized with port(s): 8081 (http)
08:48:06:841  INFO 6879 --- [main] o.apache.catalina.core.StandardService   : Starting service [Tomcat]
08:48:06:842  INFO 6879 --- [main] org.apache.catalina.core.StandardEngine  : Starting Servlet engine: [Apache Tomcat/9.0.68]
08:48:06:915  INFO 6879 --- [main] o.a.c.c.C.[Tomcat].[localhost].[/]       : Initializing Spring embedded WebApplicationContext
08:48:06:915  INFO 6879 --- [main] w.s.c.ServletWebServerApplicationContext : Root WebApplicationContext: initialization completed in 804 ms
08:48:07:409  INFO 6879 --- [main] pertySourcedRequestMappingHandlerMapping : Mapped URL path [/v2/api-docs] onto method [springfox.documentation.swagger2.web.Swagger2ControllerWebMvc#getDocumentation(String, HttpServletRequest)]
08:48:07:698  INFO 6879 --- [main] com.alibaba.nacos.common.remote.client   : [RpcClientFactory] create a new rpc client of b3990172-38ec-4c6a-8b47-348e11460859
08:48:07:719  INFO 6879 --- [main] org.reflections.Reflections              : Reflections took 11 ms to scan 1 urls, producing 3 keys and 6 values 
08:48:07:730  INFO 6879 --- [main] org.reflections.Reflections              : Reflections took 6 ms to scan 1 urls, producing 4 keys and 9 values 
08:48:07:736  INFO 6879 --- [main] org.reflections.Reflections              : Reflections took 5 ms to scan 1 urls, producing 3 keys and 10 values 
08:48:07:738  WARN 6879 --- [main] org.reflections.Reflections              : given scan urls are empty. set urls in the configuration
08:48:07:743  INFO 6879 --- [main] org.reflections.Reflections              : Reflections took 4 ms to scan 1 urls, producing 1 keys and 5 values 
08:48:07:748  INFO 6879 --- [main] org.reflections.Reflections              : Reflections took 4 ms to scan 1 urls, producing 1 keys and 7 values 
08:48:07:754  INFO 6879 --- [main] org.reflections.Reflections              : Reflections took 4 ms to scan 1 urls, producing 2 keys and 8 values 
08:48:07:755  WARN 6879 --- [main] org.reflections.Reflections              : given scan urls are empty. set urls in the configuration
08:48:07:755  INFO 6879 --- [main] com.alibaba.nacos.common.remote.client   : [b3990172-38ec-4c6a-8b47-348e11460859] RpcClient init label, labels = {module=naming, source=sdk}
08:48:07:756  INFO 6879 --- [main] com.alibaba.nacos.common.remote.client   : [b3990172-38ec-4c6a-8b47-348e11460859] RpcClient init, ServerListFactory = com.alibaba.nacos.client.naming.core.ServerListManager
08:48:07:756  INFO 6879 --- [main] com.alibaba.nacos.common.remote.client   : [b3990172-38ec-4c6a-8b47-348e11460859] Registry connection listener to current client:com.alibaba.nacos.client.naming.remote.gprc.redo.NamingGrpcRedoService
08:48:07:757  INFO 6879 --- [main] com.alibaba.nacos.common.remote.client   : [b3990172-38ec-4c6a-8b47-348e11460859] Register server push request handler:com.alibaba.nacos.client.naming.remote.gprc.NamingPushRequestHandler
08:48:07:758  INFO 6879 --- [main] com.alibaba.nacos.common.remote.client   : [b3990172-38ec-4c6a-8b47-348e11460859] Try to connect to server on start up, server: {serverIp = '192.168.121.128', server main port = 8848}
08:48:08:142  INFO 6879 --- [main] com.alibaba.nacos.common.remote.client   : [b3990172-38ec-4c6a-8b47-348e11460859] Success to connect to server [192.168.121.128:8848] on start up, connectionId = 1724489547766_192.168.121.1_49294
08:48:08:143  INFO 6879 --- [com.alibaba.nacos.client.remote.worker] com.alibaba.nacos.common.remote.client   : [b3990172-38ec-4c6a-8b47-348e11460859] Notify connected event to listeners.
08:48:08:143  INFO 6879 --- [main] com.alibaba.nacos.common.remote.client   : [b3990172-38ec-4c6a-8b47-348e11460859] Register server push request handler:com.alibaba.nacos.common.remote.client.RpcClient$ConnectResetRequestHandler
08:48:08:145  INFO 6879 --- [main] com.alibaba.nacos.common.remote.client   : [b3990172-38ec-4c6a-8b47-348e11460859] Register server push request handler:com.alibaba.nacos.common.remote.client.RpcClient$$Lambda$1068/0x000000080077cc40
08:48:08:201  INFO 6879 --- [main] o.s.b.w.embedded.tomcat.TomcatWebServer  : Tomcat started on port(s): 8081 (http) with context path ''
08:48:08:214  INFO 6879 --- [main] c.a.c.n.registry.NacosServiceRegistry    : nacos registry, DEFAULT_GROUP item-service 10.71.59.104:8081 register finished
08:48:08:217  INFO 6879 --- [main] d.s.w.p.DocumentationPluginsBootstrapper : Documentation plugins bootstrapped
08:48:08:219  INFO 6879 --- [main] d.s.w.p.DocumentationPluginsBootstrapper : Found 1 custom documentation plugin(s)
08:48:08:239  INFO 6879 --- [main] s.d.s.w.s.ApiListingReferenceScanner     : Scanning for api listing references
08:48:08:319  INFO 6879 --- [main] com.zjn.item.ItemApplication             : Started ItemApplication in 2.612 seconds (JVM running for 2.971)
08:48:08:728  INFO 6879 --- [nacos-grpc-client-executor-11] com.alibaba.nacos.common.remote.client   : [b3990172-38ec-4c6a-8b47-348e11460859] Receive server push request, request = NotifySubscriberRequest, requestId = 82
08:48:08:731  INFO 6879 --- [nacos-grpc-client-executor-11] com.alibaba.nacos.common.remote.client   : [b3990172-38ec-4c6a-8b47-348e11460859] Ack server push request, request = NotifySubscriberRequest, requestId = 82
08:48:08:812  INFO 6885 --- [main] com.zjn.item.ItemApplication             : Starting ItemApplication using Java 11.0.14.1 on bbcall3.local with PID 6885 (/Users/zjn_11/Desktop/HMALL/hmall/item-service/target/classes started by zjn_11 in /Users/zjn_11/Desktop/HMALL/hmall)
08:48:08:813 DEBUG 6885 --- [main] com.zjn.item.ItemApplication             : Running with Spring Boot v2.7.5, Spring v5.3.23
08:48:08:814  INFO 6885 --- [main] com.zjn.item.ItemApplication             : The following 1 profile is active: "local"
08:48:09:272  INFO 6885 --- [main] .s.d.r.c.RepositoryConfigurationDelegate : Multiple Spring Data modules found, entering strict repository configuration mode
08:48:09:273  INFO 6885 --- [main] .s.d.r.c.RepositoryConfigurationDelegate : Bootstrapping Spring Data Redis repositories in DEFAULT mode.
08:48:09:282  INFO 6885 --- [main] .s.d.r.c.RepositoryConfigurationDelegate : Finished Spring Data repository scanning in 3 ms. Found 0 Redis repository interfaces.
08:48:09:407  INFO 6885 --- [main] o.s.cloud.context.scope.GenericScope     : BeanFactory id=7e26c153-9ea6-3098-abb1-c9c9bc630963
08:48:09:600  INFO 6885 --- [main] o.s.b.w.embedded.tomcat.TomcatWebServer  : Tomcat initialized with port(s): 8083 (http)
08:48:09:604  INFO 6885 --- [main] o.apache.catalina.core.StandardService   : Starting service [Tomcat]
08:48:09:604  INFO 6885 --- [main] org.apache.catalina.core.StandardEngine  : Starting Servlet engine: [Apache Tomcat/9.0.68]
08:48:09:664  INFO 6885 --- [main] o.a.c.c.C.[Tomcat].[localhost].[/]       : Initializing Spring embedded WebApplicationContext
08:48:09:665  INFO 6885 --- [main] w.s.c.ServletWebServerApplicationContext : Root WebApplicationContext: initialization completed in 820 ms
08:48:10:365  INFO 6885 --- [main] pertySourcedRequestMappingHandlerMapping : Mapped URL path [/v2/api-docs] onto method [springfox.documentation.swagger2.web.Swagger2ControllerWebMvc#getDocumentation(String, HttpServletRequest)]
08:48:10:651  INFO 6885 --- [main] com.alibaba.nacos.common.remote.client   : [RpcClientFactory] create a new rpc client of 96459103-35ae-40d2-854a-4427ea42771e
08:48:10:670  INFO 6885 --- [main] org.reflections.Reflections              : Reflections took 11 ms to scan 1 urls, producing 3 keys and 6 values 
08:48:10:684  INFO 6885 --- [main] org.reflections.Reflections              : Reflections took 6 ms to scan 1 urls, producing 4 keys and 9 values 
08:48:10:690  INFO 6885 --- [main] org.reflections.Reflections              : Reflections took 5 ms to scan 1 urls, producing 3 keys and 10 values 
08:48:10:691  WARN 6885 --- [main] org.reflections.Reflections              : given scan urls are empty. set urls in the configuration
08:48:10:695  INFO 6885 --- [main] org.reflections.Reflections              : Reflections took 4 ms to scan 1 urls, producing 1 keys and 5 values 
08:48:10:700  INFO 6885 --- [main] org.reflections.Reflections              : Reflections took 4 ms to scan 1 urls, producing 1 keys and 7 values 
08:48:10:706  INFO 6885 --- [main] org.reflections.Reflections              : Reflections took 5 ms to scan 1 urls, producing 2 keys and 8 values 
08:48:10:707  WARN 6885 --- [main] org.reflections.Reflections              : given scan urls are empty. set urls in the configuration
08:48:10:707  INFO 6885 --- [main] com.alibaba.nacos.common.remote.client   : [96459103-35ae-40d2-854a-4427ea42771e] RpcClient init label, labels = {module=naming, source=sdk}
08:48:10:709  INFO 6885 --- [main] com.alibaba.nacos.common.remote.client   : [96459103-35ae-40d2-854a-4427ea42771e] RpcClient init, ServerListFactory = com.alibaba.nacos.client.naming.core.ServerListManager
08:48:10:709  INFO 6885 --- [main] com.alibaba.nacos.common.remote.client   : [96459103-35ae-40d2-854a-4427ea42771e] Registry connection listener to current client:com.alibaba.nacos.client.naming.remote.gprc.redo.NamingGrpcRedoService
08:48:10:709  INFO 6885 --- [main] com.alibaba.nacos.common.remote.client   : [96459103-35ae-40d2-854a-4427ea42771e] Register server push request handler:com.alibaba.nacos.client.naming.remote.gprc.NamingPushRequestHandler
08:48:10:710  INFO 6885 --- [main] com.alibaba.nacos.common.remote.client   : [96459103-35ae-40d2-854a-4427ea42771e] Try to connect to server on start up, server: {serverIp = '192.168.121.128', server main port = 8848}
08:48:11:117  INFO 6885 --- [main] com.alibaba.nacos.common.remote.client   : [96459103-35ae-40d2-854a-4427ea42771e] Success to connect to server [192.168.121.128:8848] on start up, connectionId = 1724489550746_192.168.121.1_49332
08:48:11:118  INFO 6885 --- [main] com.alibaba.nacos.common.remote.client   : [96459103-35ae-40d2-854a-4427ea42771e] Register server push request handler:com.alibaba.nacos.common.remote.client.RpcClient$ConnectResetRequestHandler
08:48:11:118  INFO 6885 --- [com.alibaba.nacos.client.remote.worker] com.alibaba.nacos.common.remote.client   : [96459103-35ae-40d2-854a-4427ea42771e] Notify connected event to listeners.
08:48:11:118  INFO 6885 --- [main] com.alibaba.nacos.common.remote.client   : [96459103-35ae-40d2-854a-4427ea42771e] Register server push request handler:com.alibaba.nacos.common.remote.client.RpcClient$$Lambda$1068/0x0000000800784040
08:48:11:178  INFO 6885 --- [main] o.s.b.w.embedded.tomcat.TomcatWebServer  : Tomcat started on port(s): 8083 (http) with context path ''
08:48:11:185  INFO 6885 --- [main] c.a.c.n.registry.NacosServiceRegistry    : nacos registry, DEFAULT_GROUP item-service 10.71.59.104:8083 register finished
08:48:11:188  INFO 6885 --- [main] d.s.w.p.DocumentationPluginsBootstrapper : Documentation plugins bootstrapped
08:48:11:190  INFO 6885 --- [main] d.s.w.p.DocumentationPluginsBootstrapper : Found 1 custom documentation plugin(s)
08:48:11:201  INFO 6885 --- [main] s.d.s.w.s.ApiListingReferenceScanner     : Scanning for api listing references
08:48:11:274  INFO 6885 --- [main] com.zjn.item.ItemApplication             : Started ItemApplication in 2.895 seconds (JVM running for 3.255)
08:48:11:743  INFO 6879 --- [nacos-grpc-client-executor-14] com.alibaba.nacos.common.remote.client   : [b3990172-38ec-4c6a-8b47-348e11460859] Receive server push request, request = NotifySubscriberRequest, requestId = 85
08:48:11:744  INFO 6879 --- [nacos-grpc-client-executor-14] com.alibaba.nacos.common.remote.client   : [b3990172-38ec-4c6a-8b47-348e11460859] Ack server push request, request = NotifySubscriberRequest, requestId = 85
08:48:11:748  INFO 6885 --- [nacos-grpc-client-executor-8] com.alibaba.nacos.common.remote.client   : [96459103-35ae-40d2-854a-4427ea42771e] Receive server push request, request = NotifySubscriberRequest, requestId = 84
08:48:11:750  INFO 6885 --- [nacos-grpc-client-executor-8] com.alibaba.nacos.common.remote.client   : [96459103-35ae-40d2-854a-4427ea42771e] Ack server push request, request = NotifySubscriberRequest, requestId = 84
08:58:18:382  WARN 6879 --- [Thread-4] c.a.nacos.common.notify.NotifyCenter     : [NotifyCenter] Start destroying Publisher
08:58:18:382  WARN 6879 --- [Thread-7] c.a.n.common.http.HttpClientBeanHolder   : [HttpClientBeanHolder] Start destroying common HttpClient
08:58:18:383  WARN 6879 --- [Thread-4] c.a.nacos.common.notify.NotifyCenter     : [NotifyCenter] Destruction of the end
08:58:18:384  WARN 6879 --- [Thread-7] c.a.n.common.http.HttpClientBeanHolder   : [HttpClientBeanHolder] Destruction of the end
08:58:18:419  INFO 6879 --- [SpringApplicationShutdownHook] c.a.c.n.registry.NacosServiceRegistry    : De-registering from Nacos Server now...
08:58:18:424  INFO 6879 --- [SpringApplicationShutdownHook] c.a.c.n.registry.NacosServiceRegistry    : De-registration finished.
08:58:18:455  WARN 6885 --- [Thread-4] c.a.nacos.common.notify.NotifyCenter     : [NotifyCenter] Start destroying Publisher
08:58:18:455  WARN 6885 --- [Thread-7] c.a.n.common.http.HttpClientBeanHolder   : [HttpClientBeanHolder] Start destroying common HttpClient
08:58:18:456  WARN 6885 --- [Thread-4] c.a.nacos.common.notify.NotifyCenter     : [NotifyCenter] Destruction of the end
08:58:18:456  WARN 6885 --- [Thread-7] c.a.n.common.http.HttpClientBeanHolder   : [HttpClientBeanHolder] Destruction of the end
08:58:18:492  INFO 6885 --- [SpringApplicationShutdownHook] c.a.c.n.registry.NacosServiceRegistry    : De-registering from Nacos Server now...
08:58:18:496  INFO 6885 --- [SpringApplicationShutdownHook] c.a.c.n.registry.NacosServiceRegistry    : De-registration finished.
08:58:18:738  INFO 6879 --- [SpringApplicationShutdownHook] com.alibaba.nacos.common.remote.client   : Shutdown rpc client, set status to shutdown
08:58:18:739  INFO 6879 --- [SpringApplicationShutdownHook] com.alibaba.nacos.common.remote.client   : Shutdown client event executor java.util.concurrent.ScheduledThreadPoolExecutor@4fd548ac[Running, pool size = 2, active threads = 2, queued tasks = 0, completed tasks = 0]
08:58:18:739  INFO 6879 --- [SpringApplicationShutdownHook] com.alibaba.nacos.common.remote.client   : Close current connection 1724489547766_192.168.121.1_49294
08:58:18:741  INFO 6879 --- [nacos-grpc-client-executor-214] c.a.n.c.remote.client.grpc.GrpcClient    : [1724489547766_192.168.121.1_49294]Ignore complete event,isRunning:false,isAbandon=false
08:58:18:742  INFO 6879 --- [SpringApplicationShutdownHook] c.a.n.c.remote.client.grpc.GrpcClient    : Shutdown grpc executor java.util.concurrent.ThreadPoolExecutor@17d419b3[Running, pool size = 8, active threads = 0, queued tasks = 0, completed tasks = 215]
08:58:18:804  INFO 6885 --- [SpringApplicationShutdownHook] com.alibaba.nacos.common.remote.client   : Shutdown rpc client, set status to shutdown
08:58:18:804  INFO 6885 --- [SpringApplicationShutdownHook] com.alibaba.nacos.common.remote.client   : Shutdown client event executor java.util.concurrent.ScheduledThreadPoolExecutor@625ad592[Running, pool size = 2, active threads = 2, queued tasks = 0, completed tasks = 0]
08:58:18:804  INFO 6885 --- [SpringApplicationShutdownHook] com.alibaba.nacos.common.remote.client   : Close current connection 1724489550746_192.168.121.1_49332
08:58:18:806  INFO 6885 --- [nacos-grpc-client-executor-216] c.a.n.c.remote.client.grpc.GrpcClient    : [1724489550746_192.168.121.1_49332]Ignore complete event,isRunning:false,isAbandon=false
08:58:18:808  INFO 6885 --- [SpringApplicationShutdownHook] c.a.n.c.remote.client.grpc.GrpcClient    : Shutdown grpc executor java.util.concurrent.ThreadPoolExecutor@4da1e361[Running, pool size = 9, active threads = 0, queued tasks = 0, completed tasks = 217]
08:58:33:613  INFO 7726 --- [main] com.zjn.item.ItemApplication             : Starting ItemApplication using Java 11.0.14.1 on bbcall3.local with PID 7726 (/Users/zjn_11/Desktop/HMALL/hmall/item-service/target/classes started by zjn_11 in /Users/zjn_11/Desktop/HMALL/hmall)
08:58:33:614 DEBUG 7726 --- [main] com.zjn.item.ItemApplication             : Running with Spring Boot v2.7.5, Spring v5.3.23
08:58:33:615  INFO 7726 --- [main] com.zjn.item.ItemApplication             : The following 1 profile is active: "local"
08:58:33:812 ERROR 7726 --- [main] o.s.boot.SpringApplication               : Application run failed

java.lang.IllegalStateException: Unable to read meta-data for class #  com.hmall.common.config.MvcConfig
	at org.springframework.boot.autoconfigure.AutoConfigurationSorter$AutoConfigurationClass.getAnnotationMetadata(AutoConfigurationSorter.java:237) ~[spring-boot-autoconfigure-2.7.5.jar:2.7.5]
	at org.springframework.boot.autoconfigure.AutoConfigurationSorter$AutoConfigurationClass.getOrder(AutoConfigurationSorter.java:208) ~[spring-boot-autoconfigure-2.7.5.jar:2.7.5]
	at org.springframework.boot.autoconfigure.AutoConfigurationSorter$AutoConfigurationClass.access$000(AutoConfigurationSorter.java:154) ~[spring-boot-autoconfigure-2.7.5.jar:2.7.5]
	at org.springframework.boot.autoconfigure.AutoConfigurationSorter.lambda$getInPriorityOrder$0(AutoConfigurationSorter.java:64) ~[spring-boot-autoconfigure-2.7.5.jar:2.7.5]
	at java.base/java.util.TimSort.countRunAndMakeAscending(TimSort.java:355) ~[na:na]
	at java.base/java.util.TimSort.sort(TimSort.java:234) ~[na:na]
	at java.base/java.util.Arrays.sort(Arrays.java:1515) ~[na:na]
	at java.base/java.util.ArrayList.sort(ArrayList.java:1750) ~[na:na]
	at org.springframework.boot.autoconfigure.AutoConfigurationSorter.getInPriorityOrder(AutoConfigurationSorter.java:62) ~[spring-boot-autoconfigure-2.7.5.jar:2.7.5]
	at org.springframework.boot.autoconfigure.AutoConfigurationImportSelector$AutoConfigurationGroup.sortAutoConfigurations(AutoConfigurationImportSelector.java:474) ~[spring-boot-autoconfigure-2.7.5.jar:2.7.5]
	at org.springframework.boot.autoconfigure.AutoConfigurationImportSelector$AutoConfigurationGroup.selectImports(AutoConfigurationImportSelector.java:459) ~[spring-boot-autoconfigure-2.7.5.jar:2.7.5]
	at org.springframework.context.annotation.ConfigurationClassParser$DeferredImportSelectorGrouping.getImports(ConfigurationClassParser.java:882) ~[spring-context-5.3.23.jar:5.3.23]
	at org.springframework.context.annotation.ConfigurationClassParser$DeferredImportSelectorGroupingHandler.processGroupImports(ConfigurationClassParser.java:809) ~[spring-context-5.3.23.jar:5.3.23]
	at org.springframework.context.annotation.ConfigurationClassParser$DeferredImportSelectorHandler.process(ConfigurationClassParser.java:780) ~[spring-context-5.3.23.jar:5.3.23]
	at org.springframework.context.annotation.ConfigurationClassParser.parse(ConfigurationClassParser.java:192) ~[spring-context-5.3.23.jar:5.3.23]
	at org.springframework.context.annotation.ConfigurationClassPostProcessor.processConfigBeanDefinitions(ConfigurationClassPostProcessor.java:331) ~[spring-context-5.3.23.jar:5.3.23]
	at org.springframework.context.annotation.ConfigurationClassPostProcessor.postProcessBeanDefinitionRegistry(ConfigurationClassPostProcessor.java:247) ~[spring-context-5.3.23.jar:5.3.23]
	at org.springframework.context.support.PostProcessorRegistrationDelegate.invokeBeanDefinitionRegistryPostProcessors(PostProcessorRegistrationDelegate.java:311) ~[spring-context-5.3.23.jar:5.3.23]
	at org.springframework.context.support.PostProcessorRegistrationDelegate.invokeBeanFactoryPostProcessors(PostProcessorRegistrationDelegate.java:112) ~[spring-context-5.3.23.jar:5.3.23]
	at org.springframework.context.support.AbstractApplicationContext.invokeBeanFactoryPostProcessors(AbstractApplicationContext.java:746) ~[spring-context-5.3.23.jar:5.3.23]
	at org.springframework.context.support.AbstractApplicationContext.refresh(AbstractApplicationContext.java:564) ~[spring-context-5.3.23.jar:5.3.23]
	at org.springframework.boot.web.servlet.context.ServletWebServerApplicationContext.refresh(ServletWebServerApplicationContext.java:147) ~[spring-boot-2.7.5.jar:2.7.5]
	at org.springframework.boot.SpringApplication.refresh(SpringApplication.java:734) ~[spring-boot-2.7.5.jar:2.7.5]
	at org.springframework.boot.SpringApplication.refreshContext(SpringApplication.java:408) ~[spring-boot-2.7.5.jar:2.7.5]
	at org.springframework.boot.SpringApplication.run(SpringApplication.java:308) ~[spring-boot-2.7.5.jar:2.7.5]
	at org.springframework.boot.SpringApplication.run(SpringApplication.java:1306) ~[spring-boot-2.7.5.jar:2.7.5]
	at org.springframework.boot.SpringApplication.run(SpringApplication.java:1295) ~[spring-boot-2.7.5.jar:2.7.5]
	at com.zjn.item.ItemApplication.main(ItemApplication.java:11) ~[classes/:na]
Caused by: java.io.FileNotFoundException: class path resource [#  com/hmall/common/config/MvcConfig.class] cannot be opened because it does not exist
	at org.springframework.core.io.ClassPathResource.getInputStream(ClassPathResource.java:199) ~[spring-core-5.3.23.jar:5.3.23]
	at org.springframework.core.type.classreading.SimpleMetadataReader.getClassReader(SimpleMetadataReader.java:55) ~[spring-core-5.3.23.jar:5.3.23]
	at org.springframework.core.type.classreading.SimpleMetadataReader.<init>(SimpleMetadataReader.java:48) ~[spring-core-5.3.23.jar:5.3.23]
	at org.springframework.core.type.classreading.SimpleMetadataReaderFactory.getMetadataReader(SimpleMetadataReaderFactory.java:103) ~[spring-core-5.3.23.jar:5.3.23]
	at org.springframework.boot.type.classreading.ConcurrentReferenceCachingMetadataReaderFactory.createMetadataReader(ConcurrentReferenceCachingMetadataReaderFactory.java:86) ~[spring-boot-2.7.5.jar:2.7.5]
	at org.springframework.boot.type.classreading.ConcurrentReferenceCachingMetadataReaderFactory.getMetadataReader(ConcurrentReferenceCachingMetadataReaderFactory.java:73) ~[spring-boot-2.7.5.jar:2.7.5]
	at org.springframework.core.type.classreading.SimpleMetadataReaderFactory.getMetadataReader(SimpleMetadataReaderFactory.java:81) ~[spring-core-5.3.23.jar:5.3.23]
	at org.springframework.boot.autoconfigure.AutoConfigurationSorter$AutoConfigurationClass.getAnnotationMetadata(AutoConfigurationSorter.java:233) ~[spring-boot-autoconfigure-2.7.5.jar:2.7.5]
	... 27 common frames omitted

08:58:34:785  INFO 7730 --- [main] com.zjn.item.ItemApplication             : Starting ItemApplication using Java 11.0.14.1 on bbcall3.local with PID 7730 (/Users/zjn_11/Desktop/HMALL/hmall/item-service/target/classes started by zjn_11 in /Users/zjn_11/Desktop/HMALL/hmall)
08:58:34:787 DEBUG 7730 --- [main] com.zjn.item.ItemApplication             : Running with Spring Boot v2.7.5, Spring v5.3.23
08:58:34:787  INFO 7730 --- [main] com.zjn.item.ItemApplication             : The following 1 profile is active: "local"
08:58:34:920 ERROR 7730 --- [main] o.s.boot.SpringApplication               : Application run failed

java.lang.IllegalStateException: Unable to read meta-data for class #  com.hmall.common.config.MvcConfig
	at org.springframework.boot.autoconfigure.AutoConfigurationSorter$AutoConfigurationClass.getAnnotationMetadata(AutoConfigurationSorter.java:237) ~[spring-boot-autoconfigure-2.7.5.jar:2.7.5]
	at org.springframework.boot.autoconfigure.AutoConfigurationSorter$AutoConfigurationClass.getOrder(AutoConfigurationSorter.java:208) ~[spring-boot-autoconfigure-2.7.5.jar:2.7.5]
	at org.springframework.boot.autoconfigure.AutoConfigurationSorter$AutoConfigurationClass.access$000(AutoConfigurationSorter.java:154) ~[spring-boot-autoconfigure-2.7.5.jar:2.7.5]
	at org.springframework.boot.autoconfigure.AutoConfigurationSorter.lambda$getInPriorityOrder$0(AutoConfigurationSorter.java:64) ~[spring-boot-autoconfigure-2.7.5.jar:2.7.5]
	at java.base/java.util.TimSort.countRunAndMakeAscending(TimSort.java:355) ~[na:na]
	at java.base/java.util.TimSort.sort(TimSort.java:234) ~[na:na]
	at java.base/java.util.Arrays.sort(Arrays.java:1515) ~[na:na]
	at java.base/java.util.ArrayList.sort(ArrayList.java:1750) ~[na:na]
	at org.springframework.boot.autoconfigure.AutoConfigurationSorter.getInPriorityOrder(AutoConfigurationSorter.java:62) ~[spring-boot-autoconfigure-2.7.5.jar:2.7.5]
	at org.springframework.boot.autoconfigure.AutoConfigurationImportSelector$AutoConfigurationGroup.sortAutoConfigurations(AutoConfigurationImportSelector.java:474) ~[spring-boot-autoconfigure-2.7.5.jar:2.7.5]
	at org.springframework.boot.autoconfigure.AutoConfigurationImportSelector$AutoConfigurationGroup.selectImports(AutoConfigurationImportSelector.java:459) ~[spring-boot-autoconfigure-2.7.5.jar:2.7.5]
	at org.springframework.context.annotation.ConfigurationClassParser$DeferredImportSelectorGrouping.getImports(ConfigurationClassParser.java:882) ~[spring-context-5.3.23.jar:5.3.23]
	at org.springframework.context.annotation.ConfigurationClassParser$DeferredImportSelectorGroupingHandler.processGroupImports(ConfigurationClassParser.java:809) ~[spring-context-5.3.23.jar:5.3.23]
	at org.springframework.context.annotation.ConfigurationClassParser$DeferredImportSelectorHandler.process(ConfigurationClassParser.java:780) ~[spring-context-5.3.23.jar:5.3.23]
	at org.springframework.context.annotation.ConfigurationClassParser.parse(ConfigurationClassParser.java:192) ~[spring-context-5.3.23.jar:5.3.23]
	at org.springframework.context.annotation.ConfigurationClassPostProcessor.processConfigBeanDefinitions(ConfigurationClassPostProcessor.java:331) ~[spring-context-5.3.23.jar:5.3.23]
	at org.springframework.context.annotation.ConfigurationClassPostProcessor.postProcessBeanDefinitionRegistry(ConfigurationClassPostProcessor.java:247) ~[spring-context-5.3.23.jar:5.3.23]
	at org.springframework.context.support.PostProcessorRegistrationDelegate.invokeBeanDefinitionRegistryPostProcessors(PostProcessorRegistrationDelegate.java:311) ~[spring-context-5.3.23.jar:5.3.23]
	at org.springframework.context.support.PostProcessorRegistrationDelegate.invokeBeanFactoryPostProcessors(PostProcessorRegistrationDelegate.java:112) ~[spring-context-5.3.23.jar:5.3.23]
	at org.springframework.context.support.AbstractApplicationContext.invokeBeanFactoryPostProcessors(AbstractApplicationContext.java:746) ~[spring-context-5.3.23.jar:5.3.23]
	at org.springframework.context.support.AbstractApplicationContext.refresh(AbstractApplicationContext.java:564) ~[spring-context-5.3.23.jar:5.3.23]
	at org.springframework.boot.web.servlet.context.ServletWebServerApplicationContext.refresh(ServletWebServerApplicationContext.java:147) ~[spring-boot-2.7.5.jar:2.7.5]
	at org.springframework.boot.SpringApplication.refresh(SpringApplication.java:734) ~[spring-boot-2.7.5.jar:2.7.5]
	at org.springframework.boot.SpringApplication.refreshContext(SpringApplication.java:408) ~[spring-boot-2.7.5.jar:2.7.5]
	at org.springframework.boot.SpringApplication.run(SpringApplication.java:308) ~[spring-boot-2.7.5.jar:2.7.5]
	at org.springframework.boot.SpringApplication.run(SpringApplication.java:1306) ~[spring-boot-2.7.5.jar:2.7.5]
	at org.springframework.boot.SpringApplication.run(SpringApplication.java:1295) ~[spring-boot-2.7.5.jar:2.7.5]
	at com.zjn.item.ItemApplication.main(ItemApplication.java:11) ~[classes/:na]
Caused by: java.io.FileNotFoundException: class path resource [#  com/hmall/common/config/MvcConfig.class] cannot be opened because it does not exist
	at org.springframework.core.io.ClassPathResource.getInputStream(ClassPathResource.java:199) ~[spring-core-5.3.23.jar:5.3.23]
	at org.springframework.core.type.classreading.SimpleMetadataReader.getClassReader(SimpleMetadataReader.java:55) ~[spring-core-5.3.23.jar:5.3.23]
	at org.springframework.core.type.classreading.SimpleMetadataReader.<init>(SimpleMetadataReader.java:48) ~[spring-core-5.3.23.jar:5.3.23]
	at org.springframework.core.type.classreading.SimpleMetadataReaderFactory.getMetadataReader(SimpleMetadataReaderFactory.java:103) ~[spring-core-5.3.23.jar:5.3.23]
	at org.springframework.boot.type.classreading.ConcurrentReferenceCachingMetadataReaderFactory.createMetadataReader(ConcurrentReferenceCachingMetadataReaderFactory.java:86) ~[spring-boot-2.7.5.jar:2.7.5]
	at org.springframework.boot.type.classreading.ConcurrentReferenceCachingMetadataReaderFactory.getMetadataReader(ConcurrentReferenceCachingMetadataReaderFactory.java:73) ~[spring-boot-2.7.5.jar:2.7.5]
	at org.springframework.core.type.classreading.SimpleMetadataReaderFactory.getMetadataReader(SimpleMetadataReaderFactory.java:81) ~[spring-core-5.3.23.jar:5.3.23]
	at org.springframework.boot.autoconfigure.AutoConfigurationSorter$AutoConfigurationClass.getAnnotationMetadata(AutoConfigurationSorter.java:233) ~[spring-boot-autoconfigure-2.7.5.jar:2.7.5]
	... 27 common frames omitted

09:00:57:929  INFO 7862 --- [main] com.zjn.item.ItemApplication             : Starting ItemApplication using Java 11.0.14.1 on bbcall3.local with PID 7862 (/Users/zjn_11/Desktop/HMALL/hmall/item-service/target/classes started by zjn_11 in /Users/zjn_11/Desktop/HMALL/hmall)
09:00:57:931 DEBUG 7862 --- [main] com.zjn.item.ItemApplication             : Running with Spring Boot v2.7.5, Spring v5.3.23
09:00:57:932  INFO 7862 --- [main] com.zjn.item.ItemApplication             : The following 1 profile is active: "local"
09:00:58:357  INFO 7862 --- [main] .s.d.r.c.RepositoryConfigurationDelegate : Multiple Spring Data modules found, entering strict repository configuration mode
09:00:58:358  INFO 7862 --- [main] .s.d.r.c.RepositoryConfigurationDelegate : Bootstrapping Spring Data Redis repositories in DEFAULT mode.
09:00:58:367  INFO 7862 --- [main] .s.d.r.c.RepositoryConfigurationDelegate : Finished Spring Data repository scanning in 3 ms. Found 0 Redis repository interfaces.
09:00:58:482  INFO 7862 --- [main] o.s.cloud.context.scope.GenericScope     : BeanFactory id=efe6cabf-c611-3555-975f-fcda8804e11d
09:00:58:660  INFO 7862 --- [main] o.s.b.w.embedded.tomcat.TomcatWebServer  : Tomcat initialized with port(s): 8081 (http)
09:00:58:665  INFO 7862 --- [main] o.apache.catalina.core.StandardService   : Starting service [Tomcat]
09:00:58:665  INFO 7862 --- [main] org.apache.catalina.core.StandardEngine  : Starting Servlet engine: [Apache Tomcat/9.0.68]
09:00:58:741  INFO 7862 --- [main] o.a.c.c.C.[Tomcat].[localhost].[/]       : Initializing Spring embedded WebApplicationContext
09:00:58:741  INFO 7862 --- [main] w.s.c.ServletWebServerApplicationContext : Root WebApplicationContext: initialization completed in 772 ms
09:00:59:090  INFO 7864 --- [main] com.zjn.item.ItemApplication             : Starting ItemApplication using Java 11.0.14.1 on bbcall3.local with PID 7864 (/Users/zjn_11/Desktop/HMALL/hmall/item-service/target/classes started by zjn_11 in /Users/zjn_11/Desktop/HMALL/hmall)
09:00:59:091 DEBUG 7864 --- [main] com.zjn.item.ItemApplication             : Running with Spring Boot v2.7.5, Spring v5.3.23
09:00:59:091  INFO 7864 --- [main] com.zjn.item.ItemApplication             : The following 1 profile is active: "local"
09:00:59:189  INFO 7862 --- [main] pertySourcedRequestMappingHandlerMapping : Mapped URL path [/v2/api-docs] onto method [springfox.documentation.swagger2.web.Swagger2ControllerWebMvc#getDocumentation(String, HttpServletRequest)]
09:00:59:477  INFO 7862 --- [main] com.alibaba.nacos.common.remote.client   : [RpcClientFactory] create a new rpc client of 957f8673-18a2-429e-8e43-be2e700ac6b4
09:00:59:495  INFO 7862 --- [main] org.reflections.Reflections              : Reflections took 10 ms to scan 1 urls, producing 3 keys and 6 values 
09:00:59:505  INFO 7862 --- [main] org.reflections.Reflections              : Reflections took 5 ms to scan 1 urls, producing 4 keys and 9 values 
09:00:59:511  INFO 7862 --- [main] org.reflections.Reflections              : Reflections took 4 ms to scan 1 urls, producing 3 keys and 10 values 
09:00:59:512  WARN 7862 --- [main] org.reflections.Reflections              : given scan urls are empty. set urls in the configuration
09:00:59:517  INFO 7862 --- [main] org.reflections.Reflections              : Reflections took 5 ms to scan 1 urls, producing 1 keys and 5 values 
09:00:59:522  INFO 7862 --- [main] org.reflections.Reflections              : Reflections took 4 ms to scan 1 urls, producing 1 keys and 7 values 
09:00:59:523  INFO 7864 --- [main] .s.d.r.c.RepositoryConfigurationDelegate : Multiple Spring Data modules found, entering strict repository configuration mode
09:00:59:524  INFO 7864 --- [main] .s.d.r.c.RepositoryConfigurationDelegate : Bootstrapping Spring Data Redis repositories in DEFAULT mode.
09:00:59:528  INFO 7862 --- [main] org.reflections.Reflections              : Reflections took 5 ms to scan 1 urls, producing 2 keys and 8 values 
09:00:59:529  WARN 7862 --- [main] org.reflections.Reflections              : given scan urls are empty. set urls in the configuration
09:00:59:529  INFO 7862 --- [main] com.alibaba.nacos.common.remote.client   : [957f8673-18a2-429e-8e43-be2e700ac6b4] RpcClient init label, labels = {module=naming, source=sdk}
09:00:59:530  INFO 7862 --- [main] com.alibaba.nacos.common.remote.client   : [957f8673-18a2-429e-8e43-be2e700ac6b4] RpcClient init, ServerListFactory = com.alibaba.nacos.client.naming.core.ServerListManager
09:00:59:530  INFO 7862 --- [main] com.alibaba.nacos.common.remote.client   : [957f8673-18a2-429e-8e43-be2e700ac6b4] Registry connection listener to current client:com.alibaba.nacos.client.naming.remote.gprc.redo.NamingGrpcRedoService
09:00:59:531  INFO 7862 --- [main] com.alibaba.nacos.common.remote.client   : [957f8673-18a2-429e-8e43-be2e700ac6b4] Register server push request handler:com.alibaba.nacos.client.naming.remote.gprc.NamingPushRequestHandler
09:00:59:531  INFO 7862 --- [main] com.alibaba.nacos.common.remote.client   : [957f8673-18a2-429e-8e43-be2e700ac6b4] Try to connect to server on start up, server: {serverIp = '192.168.121.128', server main port = 8848}
09:00:59:532  INFO 7864 --- [main] .s.d.r.c.RepositoryConfigurationDelegate : Finished Spring Data repository scanning in 3 ms. Found 0 Redis repository interfaces.
09:00:59:641  INFO 7864 --- [main] o.s.cloud.context.scope.GenericScope     : BeanFactory id=efe6cabf-c611-3555-975f-fcda8804e11d
09:00:59:829  INFO 7864 --- [main] o.s.b.w.embedded.tomcat.TomcatWebServer  : Tomcat initialized with port(s): 8083 (http)
09:00:59:834  INFO 7864 --- [main] o.apache.catalina.core.StandardService   : Starting service [Tomcat]
09:00:59:834  INFO 7864 --- [main] org.apache.catalina.core.StandardEngine  : Starting Servlet engine: [Apache Tomcat/9.0.68]
09:00:59:901  INFO 7862 --- [main] com.alibaba.nacos.common.remote.client   : [957f8673-18a2-429e-8e43-be2e700ac6b4] Success to connect to server [192.168.121.128:8848] on start up, connectionId = 1724490319522_192.168.121.1_51397
09:00:59:902  INFO 7862 --- [main] com.alibaba.nacos.common.remote.client   : [957f8673-18a2-429e-8e43-be2e700ac6b4] Register server push request handler:com.alibaba.nacos.common.remote.client.RpcClient$ConnectResetRequestHandler
09:00:59:902  INFO 7862 --- [main] com.alibaba.nacos.common.remote.client   : [957f8673-18a2-429e-8e43-be2e700ac6b4] Register server push request handler:com.alibaba.nacos.common.remote.client.RpcClient$$Lambda$1068/0x000000080077cc40
09:00:59:907  INFO 7864 --- [main] o.a.c.c.C.[Tomcat].[localhost].[/]       : Initializing Spring embedded WebApplicationContext
09:00:59:907  INFO 7864 --- [main] w.s.c.ServletWebServerApplicationContext : Root WebApplicationContext: initialization completed in 792 ms
09:00:59:902  INFO 7862 --- [com.alibaba.nacos.client.remote.worker] com.alibaba.nacos.common.remote.client   : [957f8673-18a2-429e-8e43-be2e700ac6b4] Notify connected event to listeners.
09:01:00:029  INFO 7862 --- [main] o.s.b.w.embedded.tomcat.TomcatWebServer  : Tomcat started on port(s): 8081 (http) with context path ''
09:01:00:042  INFO 7862 --- [main] c.a.c.n.registry.NacosServiceRegistry    : nacos registry, DEFAULT_GROUP item-service 10.71.59.104:8081 register finished
09:01:00:046  INFO 7862 --- [main] d.s.w.p.DocumentationPluginsBootstrapper : Documentation plugins bootstrapped
09:01:00:048  INFO 7862 --- [main] d.s.w.p.DocumentationPluginsBootstrapper : Found 1 custom documentation plugin(s)
09:01:00:062  INFO 7862 --- [main] s.d.s.w.s.ApiListingReferenceScanner     : Scanning for api listing references
09:01:00:189  INFO 7862 --- [main] com.zjn.item.ItemApplication             : Started ItemApplication in 2.554 seconds (JVM running for 2.927)
09:01:00:558  INFO 7864 --- [main] pertySourcedRequestMappingHandlerMapping : Mapped URL path [/v2/api-docs] onto method [springfox.documentation.swagger2.web.Swagger2ControllerWebMvc#getDocumentation(String, HttpServletRequest)]
09:01:00:573  INFO 7862 --- [nacos-grpc-client-executor-10] com.alibaba.nacos.common.remote.client   : [957f8673-18a2-429e-8e43-be2e700ac6b4] Receive server push request, request = NotifySubscriberRequest, requestId = 91
09:01:00:577  INFO 7862 --- [nacos-grpc-client-executor-10] com.alibaba.nacos.common.remote.client   : [957f8673-18a2-429e-8e43-be2e700ac6b4] Ack server push request, request = NotifySubscriberRequest, requestId = 91
09:01:00:883  INFO 7864 --- [main] com.alibaba.nacos.common.remote.client   : [RpcClientFactory] create a new rpc client of 29137ff0-6a8d-4b3b-870b-95cb4755aad1
09:01:00:901  INFO 7864 --- [main] org.reflections.Reflections              : Reflections took 10 ms to scan 1 urls, producing 3 keys and 6 values 
09:01:00:912  INFO 7864 --- [main] org.reflections.Reflections              : Reflections took 5 ms to scan 1 urls, producing 4 keys and 9 values 
09:01:00:919  INFO 7864 --- [main] org.reflections.Reflections              : Reflections took 5 ms to scan 1 urls, producing 3 keys and 10 values 
09:01:00:920  WARN 7864 --- [main] org.reflections.Reflections              : given scan urls are empty. set urls in the configuration
09:01:00:925  INFO 7864 --- [main] org.reflections.Reflections              : Reflections took 5 ms to scan 1 urls, producing 1 keys and 5 values 
09:01:00:931  INFO 7864 --- [main] org.reflections.Reflections              : Reflections took 5 ms to scan 1 urls, producing 1 keys and 7 values 
09:01:00:937  INFO 7864 --- [main] org.reflections.Reflections              : Reflections took 4 ms to scan 1 urls, producing 2 keys and 8 values 
09:01:00:938  WARN 7864 --- [main] org.reflections.Reflections              : given scan urls are empty. set urls in the configuration
09:01:00:939  INFO 7864 --- [main] com.alibaba.nacos.common.remote.client   : [29137ff0-6a8d-4b3b-870b-95cb4755aad1] RpcClient init label, labels = {module=naming, source=sdk}
09:01:00:940  INFO 7864 --- [main] com.alibaba.nacos.common.remote.client   : [29137ff0-6a8d-4b3b-870b-95cb4755aad1] RpcClient init, ServerListFactory = com.alibaba.nacos.client.naming.core.ServerListManager
09:01:00:940  INFO 7864 --- [main] com.alibaba.nacos.common.remote.client   : [29137ff0-6a8d-4b3b-870b-95cb4755aad1] Registry connection listener to current client:com.alibaba.nacos.client.naming.remote.gprc.redo.NamingGrpcRedoService
09:01:00:940  INFO 7864 --- [main] com.alibaba.nacos.common.remote.client   : [29137ff0-6a8d-4b3b-870b-95cb4755aad1] Register server push request handler:com.alibaba.nacos.client.naming.remote.gprc.NamingPushRequestHandler
09:01:00:941  INFO 7864 --- [main] com.alibaba.nacos.common.remote.client   : [29137ff0-6a8d-4b3b-870b-95cb4755aad1] Try to connect to server on start up, server: {serverIp = '192.168.121.128', server main port = 8848}
09:01:01:317  INFO 7864 --- [main] com.alibaba.nacos.common.remote.client   : [29137ff0-6a8d-4b3b-870b-95cb4755aad1] Success to connect to server [192.168.121.128:8848] on start up, connectionId = 1724490320936_192.168.121.1_51413
09:01:01:317  INFO 7864 --- [main] com.alibaba.nacos.common.remote.client   : [29137ff0-6a8d-4b3b-870b-95cb4755aad1] Register server push request handler:com.alibaba.nacos.common.remote.client.RpcClient$ConnectResetRequestHandler
09:01:01:318  INFO 7864 --- [main] com.alibaba.nacos.common.remote.client   : [29137ff0-6a8d-4b3b-870b-95cb4755aad1] Register server push request handler:com.alibaba.nacos.common.remote.client.RpcClient$$Lambda$1068/0x000000080077d440
09:01:01:318  INFO 7864 --- [com.alibaba.nacos.client.remote.worker] com.alibaba.nacos.common.remote.client   : [29137ff0-6a8d-4b3b-870b-95cb4755aad1] Notify connected event to listeners.
09:01:01:406  INFO 7864 --- [main] o.s.b.w.embedded.tomcat.TomcatWebServer  : Tomcat started on port(s): 8083 (http) with context path ''
09:01:01:417  INFO 7864 --- [main] c.a.c.n.registry.NacosServiceRegistry    : nacos registry, DEFAULT_GROUP item-service 10.71.59.104:8083 register finished
09:01:01:421  INFO 7864 --- [main] d.s.w.p.DocumentationPluginsBootstrapper : Documentation plugins bootstrapped
09:01:01:425  INFO 7864 --- [main] d.s.w.p.DocumentationPluginsBootstrapper : Found 1 custom documentation plugin(s)
09:01:01:437  INFO 7864 --- [main] s.d.s.w.s.ApiListingReferenceScanner     : Scanning for api listing references
09:01:01:544  INFO 7864 --- [main] com.zjn.item.ItemApplication             : Started ItemApplication in 2.698 seconds (JVM running for 2.996)
09:01:01:967  INFO 7862 --- [nacos-grpc-client-executor-12] com.alibaba.nacos.common.remote.client   : [957f8673-18a2-429e-8e43-be2e700ac6b4] Receive server push request, request = NotifySubscriberRequest, requestId = 93
09:01:01:968  INFO 7862 --- [nacos-grpc-client-executor-12] com.alibaba.nacos.common.remote.client   : [957f8673-18a2-429e-8e43-be2e700ac6b4] Ack server push request, request = NotifySubscriberRequest, requestId = 93
09:01:01:973  INFO 7864 --- [nacos-grpc-client-executor-10] com.alibaba.nacos.common.remote.client   : [29137ff0-6a8d-4b3b-870b-95cb4755aad1] Receive server push request, request = NotifySubscriberRequest, requestId = 92
09:01:01:976  INFO 7864 --- [nacos-grpc-client-executor-10] com.alibaba.nacos.common.remote.client   : [29137ff0-6a8d-4b3b-870b-95cb4755aad1] Ack server push request, request = NotifySubscriberRequest, requestId = 92
09:09:15:608  INFO 7864 --- [http-nio-8083-exec-1] o.a.c.c.C.[Tomcat].[localhost].[/]       : Initializing Spring DispatcherServlet 'dispatcherServlet'
09:09:15:608  INFO 7864 --- [http-nio-8083-exec-1] o.s.web.servlet.DispatcherServlet        : Initializing Servlet 'dispatcherServlet'
09:09:15:612  INFO 7864 --- [http-nio-8083-exec-1] o.s.web.servlet.DispatcherServlet        : Completed initialization in 3 ms
09:09:15:654  INFO 7864 --- [http-nio-8083-exec-1] com.zaxxer.hikari.HikariDataSource       : HikariPool-1 - Starting...
09:09:15:826  INFO 7864 --- [http-nio-8083-exec-1] com.zaxxer.hikari.HikariDataSource       : HikariPool-1 - Start completed.
09:09:15:829 DEBUG 7864 --- [http-nio-8083-exec-1] c.z.i.mapper.ItemMapper.selectBatchIds   : ==>  Preparing: SELECT id,name,price,stock,image,category,brand,spec,sold,comment_count,isAD,status,create_time,update_time,creater,updater FROM item WHERE id IN ( ? )
09:09:15:840 DEBUG 7864 --- [http-nio-8083-exec-1] c.z.i.mapper.ItemMapper.selectBatchIds   : ==> Parameters: 100000006163(Long)
09:09:15:853 DEBUG 7864 --- [http-nio-8083-exec-1] c.z.i.mapper.ItemMapper.selectBatchIds   : <==      Total: 1
09:09:36:737  INFO 7862 --- [http-nio-8081-exec-1] o.a.c.c.C.[Tomcat].[localhost].[/]       : Initializing Spring DispatcherServlet 'dispatcherServlet'
09:09:36:738  INFO 7862 --- [http-nio-8081-exec-1] o.s.web.servlet.DispatcherServlet        : Initializing Servlet 'dispatcherServlet'
09:09:36:741  INFO 7862 --- [http-nio-8081-exec-1] o.s.web.servlet.DispatcherServlet        : Completed initialization in 3 ms
09:09:36:800  INFO 7862 --- [http-nio-8081-exec-1] com.zaxxer.hikari.HikariDataSource       : HikariPool-1 - Starting...
09:09:36:977  INFO 7862 --- [http-nio-8081-exec-1] com.zaxxer.hikari.HikariDataSource       : HikariPool-1 - Start completed.
09:09:36:982 DEBUG 7862 --- [http-nio-8081-exec-1] c.z.i.mapper.ItemMapper.selectBatchIds   : ==>  Preparing: SELECT id,name,price,stock,image,category,brand,spec,sold,comment_count,isAD,status,create_time,update_time,creater,updater FROM item WHERE id IN ( ? )
09:09:36:996 DEBUG 7862 --- [http-nio-8081-exec-1] c.z.i.mapper.ItemMapper.selectBatchIds   : ==> Parameters: 100000006163(Long)
09:09:37:011 DEBUG 7862 --- [http-nio-8081-exec-1] c.z.i.mapper.ItemMapper.selectBatchIds   : <==      Total: 1
09:11:40:261 DEBUG 7864 --- [http-nio-8083-exec-3] c.z.i.mapper.ItemMapper.selectBatchIds   : ==>  Preparing: SELECT id,name,price,stock,image,category,brand,spec,sold,comment_count,isAD,status,create_time,update_time,creater,updater FROM item WHERE id IN ( ? )
09:11:40:263 DEBUG 7864 --- [http-nio-8083-exec-3] c.z.i.mapper.ItemMapper.selectBatchIds   : ==> Parameters: 100000006163(Long)
09:11:40:266 DEBUG 7864 --- [http-nio-8083-exec-3] c.z.i.mapper.ItemMapper.selectBatchIds   : <==      Total: 1
09:11:53:955 DEBUG 7862 --- [http-nio-8081-exec-3] c.z.i.mapper.ItemMapper.selectBatchIds   : ==>  Preparing: SELECT id,name,price,stock,image,category,brand,spec,sold,comment_count,isAD,status,create_time,update_time,creater,updater FROM item WHERE id IN ( ? )
09:11:53:957 DEBUG 7862 --- [http-nio-8081-exec-3] c.z.i.mapper.ItemMapper.selectBatchIds   : ==> Parameters: 100000006163(Long)
09:11:53:963 DEBUG 7862 --- [http-nio-8081-exec-3] c.z.i.mapper.ItemMapper.selectBatchIds   : <==      Total: 1
09:12:06:722 DEBUG 7864 --- [http-nio-8083-exec-4] c.z.i.mapper.ItemMapper.selectBatchIds   : ==>  Preparing: SELECT id,name,price,stock,image,category,brand,spec,sold,comment_count,isAD,status,create_time,update_time,creater,updater FROM item WHERE id IN ( ? )
09:12:06:724 DEBUG 7864 --- [http-nio-8083-exec-4] c.z.i.mapper.ItemMapper.selectBatchIds   : ==> Parameters: 100000006163(Long)
09:12:06:730 DEBUG 7864 --- [http-nio-8083-exec-4] c.z.i.mapper.ItemMapper.selectBatchIds   : <==      Total: 1
09:18:15:084 DEBUG 7862 --- [http-nio-8081-exec-5] c.z.i.mapper.ItemMapper.selectBatchIds   : ==>  Preparing: SELECT id,name,price,stock,image,category,brand,spec,sold,comment_count,isAD,status,create_time,update_time,creater,updater FROM item WHERE id IN ( ? )
09:18:15:086 DEBUG 7862 --- [http-nio-8081-exec-5] c.z.i.mapper.ItemMapper.selectBatchIds   : ==> Parameters: 100000006163(Long)
09:18:15:090 DEBUG 7862 --- [http-nio-8081-exec-5] c.z.i.mapper.ItemMapper.selectBatchIds   : <==      Total: 1
09:18:15:877 DEBUG 7864 --- [http-nio-8083-exec-6] c.z.i.mapper.ItemMapper.selectBatchIds   : ==>  Preparing: SELECT id,name,price,stock,image,category,brand,spec,sold,comment_count,isAD,status,create_time,update_time,creater,updater FROM item WHERE id IN ( ? )
09:18:15:879 DEBUG 7864 --- [http-nio-8083-exec-6] c.z.i.mapper.ItemMapper.selectBatchIds   : ==> Parameters: 100000006163(Long)
09:18:15:914 DEBUG 7864 --- [http-nio-8083-exec-6] c.z.i.mapper.ItemMapper.selectBatchIds   : <==      Total: 1
09:58:29:254  WARN 7862 --- [Thread-7] c.a.n.common.http.HttpClientBeanHolder   : [HttpClientBeanHolder] Start destroying common HttpClient
09:58:29:254  WARN 7862 --- [Thread-4] c.a.nacos.common.notify.NotifyCenter     : [NotifyCenter] Start destroying Publisher
09:58:29:255  WARN 7862 --- [Thread-4] c.a.nacos.common.notify.NotifyCenter     : [NotifyCenter] Destruction of the end
09:58:29:256  WARN 7862 --- [Thread-7] c.a.n.common.http.HttpClientBeanHolder   : [HttpClientBeanHolder] Destruction of the end
09:58:29:287  INFO 7862 --- [SpringApplicationShutdownHook] c.a.c.n.registry.NacosServiceRegistry    : De-registering from Nacos Server now...
09:58:29:291  INFO 7862 --- [SpringApplicationShutdownHook] c.a.c.n.registry.NacosServiceRegistry    : De-registration finished.
09:58:29:316  WARN 7864 --- [Thread-4] c.a.nacos.common.notify.NotifyCenter     : [NotifyCenter] Start destroying Publisher
09:58:29:316  WARN 7864 --- [Thread-7] c.a.n.common.http.HttpClientBeanHolder   : [HttpClientBeanHolder] Start destroying common HttpClient
09:58:29:316  WARN 7864 --- [Thread-4] c.a.nacos.common.notify.NotifyCenter     : [NotifyCenter] Destruction of the end
09:58:29:317  WARN 7864 --- [Thread-7] c.a.n.common.http.HttpClientBeanHolder   : [HttpClientBeanHolder] Destruction of the end
09:58:29:350  INFO 7864 --- [SpringApplicationShutdownHook] c.a.c.n.registry.NacosServiceRegistry    : De-registering from Nacos Server now...
09:58:29:354  INFO 7864 --- [SpringApplicationShutdownHook] c.a.c.n.registry.NacosServiceRegistry    : De-registration finished.
09:58:29:609  INFO 7862 --- [SpringApplicationShutdownHook] com.alibaba.nacos.common.remote.client   : Shutdown rpc client, set status to shutdown
09:58:29:609  INFO 7862 --- [SpringApplicationShutdownHook] com.alibaba.nacos.common.remote.client   : Shutdown client event executor java.util.concurrent.ScheduledThreadPoolExecutor@3f7b1765[Running, pool size = 2, active threads = 2, queued tasks = 0, completed tasks = 0]
09:58:29:609  INFO 7862 --- [SpringApplicationShutdownHook] com.alibaba.nacos.common.remote.client   : Close current connection 1724490319522_192.168.121.1_51397
09:58:29:611  INFO 7862 --- [nacos-grpc-client-executor-984] c.a.n.c.remote.client.grpc.GrpcClient    : [1724490319522_192.168.121.1_51397]Ignore complete event,isRunning:false,isAbandon=false
09:58:29:613  INFO 7862 --- [SpringApplicationShutdownHook] c.a.n.c.remote.client.grpc.GrpcClient    : Shutdown grpc executor java.util.concurrent.ThreadPoolExecutor@19c95f74[Running, pool size = 5, active threads = 0, queued tasks = 0, completed tasks = 985]
09:58:29:632  INFO 7862 --- [SpringApplicationShutdownHook] com.zaxxer.hikari.HikariDataSource       : HikariPool-1 - Shutdown initiated...
09:58:29:664  INFO 7862 --- [SpringApplicationShutdownHook] com.zaxxer.hikari.HikariDataSource       : HikariPool-1 - Shutdown completed.
09:58:29:668  INFO 7864 --- [SpringApplicationShutdownHook] com.alibaba.nacos.common.remote.client   : Shutdown rpc client, set status to shutdown
09:58:29:668  INFO 7864 --- [SpringApplicationShutdownHook] com.alibaba.nacos.common.remote.client   : Shutdown client event executor java.util.concurrent.ScheduledThreadPoolExecutor@744ec0b0[Running, pool size = 2, active threads = 2, queued tasks = 0, completed tasks = 0]
09:58:29:668  INFO 7864 --- [SpringApplicationShutdownHook] com.alibaba.nacos.common.remote.client   : Close current connection 1724490320936_192.168.121.1_51413
09:58:29:671  INFO 7864 --- [SpringApplicationShutdownHook] c.a.n.c.remote.client.grpc.GrpcClient    : Shutdown grpc executor java.util.concurrent.ThreadPoolExecutor@4e3d33a3[Running, pool size = 7, active threads = 0, queued tasks = 0, completed tasks = 1135]
09:58:29:682  INFO 7864 --- [SpringApplicationShutdownHook] com.zaxxer.hikari.HikariDataSource       : HikariPool-1 - Shutdown initiated...
09:58:29:741  INFO 7864 --- [SpringApplicationShutdownHook] com.zaxxer.hikari.HikariDataSource       : HikariPool-1 - Shutdown completed.
10:00:27:507  INFO 12056 --- [main] com.zjn.item.ItemApplication             : Starting ItemApplication using Java 11.0.14.1 on bbcall3.local with PID 12056 (/Users/zjn_11/Desktop/HMALL/hmall/item-service/target/classes started by zjn_11 in /Users/zjn_11/Desktop/HMALL/hmall)
10:00:27:509 DEBUG 12056 --- [main] com.zjn.item.ItemApplication             : Running with Spring Boot v2.7.5, Spring v5.3.23
10:00:27:509  INFO 12056 --- [main] com.zjn.item.ItemApplication             : The following 1 profile is active: "local"
10:00:27:993  INFO 12056 --- [main] .s.d.r.c.RepositoryConfigurationDelegate : Multiple Spring Data modules found, entering strict repository configuration mode
10:00:27:995  INFO 12056 --- [main] .s.d.r.c.RepositoryConfigurationDelegate : Bootstrapping Spring Data Redis repositories in DEFAULT mode.
10:00:28:005  INFO 12056 --- [main] .s.d.r.c.RepositoryConfigurationDelegate : Finished Spring Data repository scanning in 4 ms. Found 0 Redis repository interfaces.
10:00:28:121  INFO 12056 --- [main] o.s.cloud.context.scope.GenericScope     : BeanFactory id=7e26c153-9ea6-3098-abb1-c9c9bc630963
10:00:28:301  INFO 12056 --- [main] o.s.b.w.embedded.tomcat.TomcatWebServer  : Tomcat initialized with port(s): 8081 (http)
10:00:28:306  INFO 12056 --- [main] o.apache.catalina.core.StandardService   : Starting service [Tomcat]
10:00:28:306  INFO 12056 --- [main] org.apache.catalina.core.StandardEngine  : Starting Servlet engine: [Apache Tomcat/9.0.68]
10:00:28:377  INFO 12056 --- [main] o.a.c.c.C.[Tomcat].[localhost].[/]       : Initializing Spring embedded WebApplicationContext
10:00:28:377  INFO 12056 --- [main] w.s.c.ServletWebServerApplicationContext : Root WebApplicationContext: initialization completed in 845 ms
10:00:28:845  INFO 12060 --- [main] com.zjn.item.ItemApplication             : Starting ItemApplication using Java 11.0.14.1 on bbcall3.local with PID 12060 (/Users/zjn_11/Desktop/HMALL/hmall/item-service/target/classes started by zjn_11 in /Users/zjn_11/Desktop/HMALL/hmall)
10:00:28:847 DEBUG 12060 --- [main] com.zjn.item.ItemApplication             : Running with Spring Boot v2.7.5, Spring v5.3.23
10:00:28:847  INFO 12060 --- [main] com.zjn.item.ItemApplication             : The following 1 profile is active: "local"
10:00:28:952  INFO 12056 --- [main] pertySourcedRequestMappingHandlerMapping : Mapped URL path [/v2/api-docs] onto method [springfox.documentation.swagger2.web.Swagger2ControllerWebMvc#getDocumentation(String, HttpServletRequest)]
10:00:29:219  INFO 12056 --- [main] com.alibaba.nacos.common.remote.client   : [RpcClientFactory] create a new rpc client of 14245f69-f12d-4301-ab56-0e8583fc51d4
10:00:29:237  INFO 12056 --- [main] org.reflections.Reflections              : Reflections took 10 ms to scan 1 urls, producing 3 keys and 6 values 
10:00:29:247  INFO 12056 --- [main] org.reflections.Reflections              : Reflections took 5 ms to scan 1 urls, producing 4 keys and 9 values 
10:00:29:253  INFO 12056 --- [main] org.reflections.Reflections              : Reflections took 4 ms to scan 1 urls, producing 3 keys and 10 values 
10:00:29:254  WARN 12056 --- [main] org.reflections.Reflections              : given scan urls are empty. set urls in the configuration
10:00:29:258  INFO 12056 --- [main] org.reflections.Reflections              : Reflections took 4 ms to scan 1 urls, producing 1 keys and 5 values 
10:00:29:264  INFO 12056 --- [main] org.reflections.Reflections              : Reflections took 5 ms to scan 1 urls, producing 1 keys and 7 values 
10:00:29:269  INFO 12056 --- [main] org.reflections.Reflections              : Reflections took 4 ms to scan 1 urls, producing 2 keys and 8 values 
10:00:29:270  WARN 12056 --- [main] org.reflections.Reflections              : given scan urls are empty. set urls in the configuration
10:00:29:270  INFO 12056 --- [main] com.alibaba.nacos.common.remote.client   : [14245f69-f12d-4301-ab56-0e8583fc51d4] RpcClient init label, labels = {module=naming, source=sdk}
10:00:29:271  INFO 12056 --- [main] com.alibaba.nacos.common.remote.client   : [14245f69-f12d-4301-ab56-0e8583fc51d4] RpcClient init, ServerListFactory = com.alibaba.nacos.client.naming.core.ServerListManager
10:00:29:271  INFO 12056 --- [main] com.alibaba.nacos.common.remote.client   : [14245f69-f12d-4301-ab56-0e8583fc51d4] Registry connection listener to current client:com.alibaba.nacos.client.naming.remote.gprc.redo.NamingGrpcRedoService
10:00:29:272  INFO 12056 --- [main] com.alibaba.nacos.common.remote.client   : [14245f69-f12d-4301-ab56-0e8583fc51d4] Register server push request handler:com.alibaba.nacos.client.naming.remote.gprc.NamingPushRequestHandler
10:00:29:272  INFO 12056 --- [main] com.alibaba.nacos.common.remote.client   : [14245f69-f12d-4301-ab56-0e8583fc51d4] Try to connect to server on start up, server: {serverIp = '192.168.121.128', server main port = 8848}
10:00:29:281  INFO 12060 --- [main] .s.d.r.c.RepositoryConfigurationDelegate : Multiple Spring Data modules found, entering strict repository configuration mode
10:00:29:283  INFO 12060 --- [main] .s.d.r.c.RepositoryConfigurationDelegate : Bootstrapping Spring Data Redis repositories in DEFAULT mode.
10:00:29:301  INFO 12060 --- [main] .s.d.r.c.RepositoryConfigurationDelegate : Finished Spring Data repository scanning in 5 ms. Found 0 Redis repository interfaces.
10:00:29:424  INFO 12060 --- [main] o.s.cloud.context.scope.GenericScope     : BeanFactory id=7e26c153-9ea6-3098-abb1-c9c9bc630963
10:00:29:613  INFO 12060 --- [main] o.s.b.w.embedded.tomcat.TomcatWebServer  : Tomcat initialized with port(s): 8083 (http)
10:00:29:617  INFO 12060 --- [main] o.apache.catalina.core.StandardService   : Starting service [Tomcat]
10:00:29:617  INFO 12060 --- [main] org.apache.catalina.core.StandardEngine  : Starting Servlet engine: [Apache Tomcat/9.0.68]
10:00:29:657  INFO 12056 --- [main] com.alibaba.nacos.common.remote.client   : [14245f69-f12d-4301-ab56-0e8583fc51d4] Success to connect to server [192.168.121.128:8848] on start up, connectionId = 1724493889330_192.168.121.1_57782
10:00:29:657  INFO 12056 --- [com.alibaba.nacos.client.remote.worker] com.alibaba.nacos.common.remote.client   : [14245f69-f12d-4301-ab56-0e8583fc51d4] Notify connected event to listeners.
10:00:29:658  INFO 12056 --- [main] com.alibaba.nacos.common.remote.client   : [14245f69-f12d-4301-ab56-0e8583fc51d4] Register server push request handler:com.alibaba.nacos.common.remote.client.RpcClient$ConnectResetRequestHandler
10:00:29:659  INFO 12056 --- [main] com.alibaba.nacos.common.remote.client   : [14245f69-f12d-4301-ab56-0e8583fc51d4] Register server push request handler:com.alibaba.nacos.common.remote.client.RpcClient$$Lambda$1068/0x000000080077d440
10:00:29:675  INFO 12060 --- [main] o.a.c.c.C.[Tomcat].[localhost].[/]       : Initializing Spring embedded WebApplicationContext
10:00:29:675  INFO 12060 --- [main] w.s.c.ServletWebServerApplicationContext : Root WebApplicationContext: initialization completed in 796 ms
10:00:29:716  INFO 12056 --- [main] o.s.b.w.embedded.tomcat.TomcatWebServer  : Tomcat started on port(s): 8081 (http) with context path ''
10:00:29:723  INFO 12056 --- [main] c.a.c.n.registry.NacosServiceRegistry    : nacos registry, DEFAULT_GROUP item-service 10.71.59.104:8081 register finished
10:00:29:726  INFO 12056 --- [main] d.s.w.p.DocumentationPluginsBootstrapper : Documentation plugins bootstrapped
10:00:29:728  INFO 12056 --- [main] d.s.w.p.DocumentationPluginsBootstrapper : Found 1 custom documentation plugin(s)
10:00:29:744  INFO 12056 --- [main] s.d.s.w.s.ApiListingReferenceScanner     : Scanning for api listing references
10:00:29:821  INFO 12056 --- [main] com.zjn.item.ItemApplication             : Started ItemApplication in 2.599 seconds (JVM running for 2.927)
10:00:30:148  INFO 12060 --- [main] pertySourcedRequestMappingHandlerMapping : Mapped URL path [/v2/api-docs] onto method [springfox.documentation.swagger2.web.Swagger2ControllerWebMvc#getDocumentation(String, HttpServletRequest)]
10:00:30:248  INFO 12056 --- [nacos-grpc-client-executor-9] com.alibaba.nacos.common.remote.client   : [14245f69-f12d-4301-ab56-0e8583fc51d4] Receive server push request, request = NotifySubscriberRequest, requestId = 110
10:00:30:253  INFO 12056 --- [nacos-grpc-client-executor-9] com.alibaba.nacos.common.remote.client   : [14245f69-f12d-4301-ab56-0e8583fc51d4] Ack server push request, request = NotifySubscriberRequest, requestId = 110
10:00:30:420  INFO 12060 --- [main] com.alibaba.nacos.common.remote.client   : [RpcClientFactory] create a new rpc client of ff35e08b-ea30-4386-8739-904b53ffc70c
10:00:30:438  INFO 12060 --- [main] org.reflections.Reflections              : Reflections took 10 ms to scan 1 urls, producing 3 keys and 6 values 
10:00:30:450  INFO 12060 --- [main] org.reflections.Reflections              : Reflections took 5 ms to scan 1 urls, producing 4 keys and 9 values 
10:00:30:456  INFO 12060 --- [main] org.reflections.Reflections              : Reflections took 4 ms to scan 1 urls, producing 3 keys and 10 values 
10:00:30:457  WARN 12060 --- [main] org.reflections.Reflections              : given scan urls are empty. set urls in the configuration
10:00:30:462  INFO 12060 --- [main] org.reflections.Reflections              : Reflections took 4 ms to scan 1 urls, producing 1 keys and 5 values 
10:00:30:467  INFO 12060 --- [main] org.reflections.Reflections              : Reflections took 4 ms to scan 1 urls, producing 1 keys and 7 values 
10:00:30:473  INFO 12060 --- [main] org.reflections.Reflections              : Reflections took 4 ms to scan 1 urls, producing 2 keys and 8 values 
10:00:30:474  WARN 12060 --- [main] org.reflections.Reflections              : given scan urls are empty. set urls in the configuration
10:00:30:474  INFO 12060 --- [main] com.alibaba.nacos.common.remote.client   : [ff35e08b-ea30-4386-8739-904b53ffc70c] RpcClient init label, labels = {module=naming, source=sdk}
10:00:30:475  INFO 12060 --- [main] com.alibaba.nacos.common.remote.client   : [ff35e08b-ea30-4386-8739-904b53ffc70c] RpcClient init, ServerListFactory = com.alibaba.nacos.client.naming.core.ServerListManager
10:00:30:475  INFO 12060 --- [main] com.alibaba.nacos.common.remote.client   : [ff35e08b-ea30-4386-8739-904b53ffc70c] Registry connection listener to current client:com.alibaba.nacos.client.naming.remote.gprc.redo.NamingGrpcRedoService
10:00:30:475  INFO 12060 --- [main] com.alibaba.nacos.common.remote.client   : [ff35e08b-ea30-4386-8739-904b53ffc70c] Register server push request handler:com.alibaba.nacos.client.naming.remote.gprc.NamingPushRequestHandler
10:00:30:476  INFO 12060 --- [main] com.alibaba.nacos.common.remote.client   : [ff35e08b-ea30-4386-8739-904b53ffc70c] Try to connect to server on start up, server: {serverIp = '192.168.121.128', server main port = 8848}
10:00:30:915  INFO 12060 --- [main] com.alibaba.nacos.common.remote.client   : [ff35e08b-ea30-4386-8739-904b53ffc70c] Success to connect to server [192.168.121.128:8848] on start up, connectionId = 1724493890551_192.168.121.1_57804
10:00:30:916  INFO 12060 --- [main] com.alibaba.nacos.common.remote.client   : [ff35e08b-ea30-4386-8739-904b53ffc70c] Register server push request handler:com.alibaba.nacos.common.remote.client.RpcClient$ConnectResetRequestHandler
10:00:30:918  INFO 12060 --- [main] com.alibaba.nacos.common.remote.client   : [ff35e08b-ea30-4386-8739-904b53ffc70c] Register server push request handler:com.alibaba.nacos.common.remote.client.RpcClient$$Lambda$1068/0x000000080077cc40
10:00:30:916  INFO 12060 --- [com.alibaba.nacos.client.remote.worker] com.alibaba.nacos.common.remote.client   : [ff35e08b-ea30-4386-8739-904b53ffc70c] Notify connected event to listeners.
10:00:31:022  INFO 12060 --- [main] o.s.b.w.embedded.tomcat.TomcatWebServer  : Tomcat started on port(s): 8083 (http) with context path ''
10:00:31:032  INFO 12060 --- [main] c.a.c.n.registry.NacosServiceRegistry    : nacos registry, DEFAULT_GROUP item-service 10.71.59.104:8083 register finished
10:00:31:037  INFO 12060 --- [main] d.s.w.p.DocumentationPluginsBootstrapper : Documentation plugins bootstrapped
10:00:31:054  INFO 12060 --- [main] d.s.w.p.DocumentationPluginsBootstrapper : Found 1 custom documentation plugin(s)
10:00:31:086  INFO 12060 --- [main] s.d.s.w.s.ApiListingReferenceScanner     : Scanning for api listing references
10:00:31:255  INFO 12060 --- [main] com.zjn.item.ItemApplication             : Started ItemApplication in 2.785 seconds (JVM running for 3.112)
10:00:31:534  INFO 12056 --- [nacos-grpc-client-executor-11] com.alibaba.nacos.common.remote.client   : [14245f69-f12d-4301-ab56-0e8583fc51d4] Receive server push request, request = NotifySubscriberRequest, requestId = 111
10:00:31:536  INFO 12056 --- [nacos-grpc-client-executor-11] com.alibaba.nacos.common.remote.client   : [14245f69-f12d-4301-ab56-0e8583fc51d4] Ack server push request, request = NotifySubscriberRequest, requestId = 111
10:00:31:548  INFO 12060 --- [nacos-grpc-client-executor-11] com.alibaba.nacos.common.remote.client   : [ff35e08b-ea30-4386-8739-904b53ffc70c] Receive server push request, request = NotifySubscriberRequest, requestId = 112
10:00:31:550  INFO 12060 --- [nacos-grpc-client-executor-11] com.alibaba.nacos.common.remote.client   : [ff35e08b-ea30-4386-8739-904b53ffc70c] Ack server push request, request = NotifySubscriberRequest, requestId = 112
10:04:44:161  INFO 12056 --- [http-nio-8081-exec-1] o.a.c.c.C.[Tomcat].[localhost].[/]       : Initializing Spring DispatcherServlet 'dispatcherServlet'
10:04:44:162  INFO 12056 --- [http-nio-8081-exec-1] o.s.web.servlet.DispatcherServlet        : Initializing Servlet 'dispatcherServlet'
10:04:44:176  INFO 12056 --- [http-nio-8081-exec-1] o.s.web.servlet.DispatcherServlet        : Completed initialization in 13 ms
10:04:44:221  INFO 12056 --- [http-nio-8081-exec-1] com.zaxxer.hikari.HikariDataSource       : HikariPool-1 - Starting...
10:04:44:385  INFO 12056 --- [http-nio-8081-exec-1] com.zaxxer.hikari.HikariDataSource       : HikariPool-1 - Start completed.
10:04:44:388 DEBUG 12056 --- [http-nio-8081-exec-1] c.z.i.mapper.ItemMapper.selectBatchIds   : ==>  Preparing: SELECT id,name,price,stock,image,category,brand,spec,sold,comment_count,isAD,status,create_time,update_time,creater,updater FROM item WHERE id IN ( ? )
10:04:44:398 DEBUG 12056 --- [http-nio-8081-exec-1] c.z.i.mapper.ItemMapper.selectBatchIds   : ==> Parameters: 100000006163(Long)
10:04:44:411 DEBUG 12056 --- [http-nio-8081-exec-1] c.z.i.mapper.ItemMapper.selectBatchIds   : <==      Total: 1
10:04:45:075  INFO 12060 --- [http-nio-8083-exec-1] o.a.c.c.C.[Tomcat].[localhost].[/]       : Initializing Spring DispatcherServlet 'dispatcherServlet'
10:04:45:076  INFO 12060 --- [http-nio-8083-exec-1] o.s.web.servlet.DispatcherServlet        : Initializing Servlet 'dispatcherServlet'
10:04:45:079  INFO 12060 --- [http-nio-8083-exec-1] o.s.web.servlet.DispatcherServlet        : Completed initialization in 3 ms
10:04:45:142  INFO 12060 --- [http-nio-8083-exec-1] com.zaxxer.hikari.HikariDataSource       : HikariPool-1 - Starting...
10:04:45:297  INFO 12060 --- [http-nio-8083-exec-1] com.zaxxer.hikari.HikariDataSource       : HikariPool-1 - Start completed.
10:04:45:300 DEBUG 12060 --- [http-nio-8083-exec-1] c.z.i.mapper.ItemMapper.selectBatchIds   : ==>  Preparing: SELECT id,name,price,stock,image,category,brand,spec,sold,comment_count,isAD,status,create_time,update_time,creater,updater FROM item WHERE id IN ( ? )
10:04:45:311 DEBUG 12060 --- [http-nio-8083-exec-1] c.z.i.mapper.ItemMapper.selectBatchIds   : ==> Parameters: 100000006163(Long)
10:04:45:322 DEBUG 12060 --- [http-nio-8083-exec-1] c.z.i.mapper.ItemMapper.selectBatchIds   : <==      Total: 1
10:05:00:316 DEBUG 12056 --- [http-nio-8081-exec-2] c.z.i.mapper.ItemMapper.selectBatchIds   : ==>  Preparing: SELECT id,name,price,stock,image,category,brand,spec,sold,comment_count,isAD,status,create_time,update_time,creater,updater FROM item WHERE id IN ( ? )
10:05:00:317 DEBUG 12056 --- [http-nio-8081-exec-2] c.z.i.mapper.ItemMapper.selectBatchIds   : ==> Parameters: 100000006163(Long)
10:05:00:318 DEBUG 12056 --- [http-nio-8081-exec-2] c.z.i.mapper.ItemMapper.selectBatchIds   : <==      Total: 1
10:05:40:816 DEBUG 12056 --- [http-nio-8081-exec-4] c.z.i.m.ItemMapper.selectPage_mpCount    : ==>  Preparing: SELECT COUNT(*) FROM item WHERE (status = ?)
10:05:40:817 DEBUG 12056 --- [http-nio-8081-exec-4] c.z.i.m.ItemMapper.selectPage_mpCount    : ==> Parameters: 1(Integer)
10:05:40:846 DEBUG 12056 --- [http-nio-8081-exec-4] c.z.i.m.ItemMapper.selectPage_mpCount    : <==      Total: 1
10:05:40:850 DEBUG 12056 --- [http-nio-8081-exec-4] c.zjn.item.mapper.ItemMapper.selectPage  : ==>  Preparing: SELECT id, name, price, stock, image, category, brand, spec, sold, comment_count, isAD, status, create_time, update_time, creater, updater FROM item WHERE (status = ?) ORDER BY update_time DESC LIMIT ?
10:05:40:851 DEBUG 12056 --- [http-nio-8081-exec-4] c.zjn.item.mapper.ItemMapper.selectPage  : ==> Parameters: 1(Integer), 20(Long)
10:05:40:857 DEBUG 12056 --- [http-nio-8081-exec-4] c.zjn.item.mapper.ItemMapper.selectPage  : <==      Total: 20
10:05:44:426 DEBUG 12056 --- [http-nio-8081-exec-5] c.z.i.mapper.ItemMapper.selectBatchIds   : ==>  Preparing: SELECT id,name,price,stock,image,category,brand,spec,sold,comment_count,isAD,status,create_time,update_time,creater,updater FROM item WHERE id IN ( ? )
10:05:44:426 DEBUG 12056 --- [http-nio-8081-exec-5] c.z.i.mapper.ItemMapper.selectBatchIds   : ==> Parameters: 40305713537(Long)
10:05:44:428 DEBUG 12056 --- [http-nio-8081-exec-5] c.z.i.mapper.ItemMapper.selectBatchIds   : <==      Total: 1
10:05:57:144 DEBUG 12060 --- [http-nio-8083-exec-3] c.z.i.mapper.ItemMapper.selectBatchIds   : ==>  Preparing: SELECT id,name,price,stock,image,category,brand,spec,sold,comment_count,isAD,status,create_time,update_time,creater,updater FROM item WHERE id IN ( ? , ? )
10:05:57:145 DEBUG 12060 --- [http-nio-8083-exec-3] c.z.i.mapper.ItemMapper.selectBatchIds   : ==> Parameters: 40305713537(Long), 1713453(Long)
10:05:57:148 DEBUG 12060 --- [http-nio-8083-exec-3] c.z.i.mapper.ItemMapper.selectBatchIds   : <==      Total: 2
