08:47:52:137  INFO 2403 --- [http-nio-8084-exec-1] o.a.c.c.C.[Tomcat].[localhost].[/]       : Initializing Spring DispatcherServlet 'dispatcherServlet'
08:47:52:139  INFO 2403 --- [http-nio-8084-exec-1] o.s.web.servlet.DispatcherServlet        : Initializing Servlet 'dispatcherServlet'
08:47:52:144  INFO 2403 --- [http-nio-8084-exec-1] o.s.web.servlet.DispatcherServlet        : Completed initialization in 5 ms
08:48:02:477  WARN 2403 --- [Thread-7] c.a.n.common.http.HttpClientBeanHolder   : [HttpClientBeanHolder] Start destroying common HttpClient
08:48:02:478  WARN 2403 --- [Thread-4] c.a.nacos.common.notify.NotifyCenter     : [NotifyCenter] Start destroying Publisher
08:48:02:478  WARN 2403 --- [Thread-4] c.a.nacos.common.notify.NotifyCenter     : [NotifyCenter] Destruction of the end
08:48:02:478  WARN 2403 --- [Thread-7] c.a.n.common.http.HttpClientBeanHolder   : [HttpClientBeanHolder] Destruction of the end
08:48:02:512  INFO 2403 --- [SpringApplicationShutdownHook] c.a.c.n.registry.NacosServiceRegistry    : De-registering from Nacos Server now...
08:48:02:515  INFO 2403 --- [SpringApplicationShutdownHook] c.a.c.n.registry.NacosServiceRegistry    : De-registration finished.
08:48:02:828  INFO 2403 --- [SpringApplicationShutdownHook] com.alibaba.nacos.common.remote.client   : Shutdown rpc client, set status to shutdown
08:48:02:829  INFO 2403 --- [SpringApplicationShutdownHook] com.alibaba.nacos.common.remote.client   : Shutdown client event executor java.util.concurrent.ScheduledThreadPoolExecutor@7d610b2[Running, pool size = 2, active threads = 2, queued tasks = 0, completed tasks = 0]
08:48:02:829  INFO 2403 --- [SpringApplicationShutdownHook] com.alibaba.nacos.common.remote.client   : Close current connection 1724485988121_192.168.121.1_56840
08:48:02:830  INFO 2403 --- [nacos-grpc-client-executor-1073] c.a.n.c.remote.client.grpc.GrpcClient    : [1724485988121_192.168.121.1_56840]Ignore complete event,isRunning:false,isAbandon=false
08:48:02:832  INFO 2403 --- [SpringApplicationShutdownHook] c.a.n.c.remote.client.grpc.GrpcClient    : Shutdown grpc executor java.util.concurrent.ThreadPoolExecutor@23f86bca[Running, pool size = 5, active threads = 0, queued tasks = 0, completed tasks = 1074]
08:48:12:864  INFO 6895 --- [main] com.zjn.user.UserApplication             : Starting UserApplication using Java 11.0.14.1 on bbcall3.local with PID 6895 (/Users/zjn_11/Desktop/HMALL/hmall/user-service/target/classes started by zjn_11 in /Users/zjn_11/Desktop/HMALL/hmall)
08:48:12:866  INFO 6895 --- [main] com.zjn.user.UserApplication             : The following 1 profile is active: "local"
08:48:13:296  INFO 6895 --- [main] .s.d.r.c.RepositoryConfigurationDelegate : Multiple Spring Data modules found, entering strict repository configuration mode
08:48:13:300  INFO 6895 --- [main] .s.d.r.c.RepositoryConfigurationDelegate : Bootstrapping Spring Data Redis repositories in DEFAULT mode.
08:48:13:310  INFO 6895 --- [main] .s.d.r.c.RepositoryConfigurationDelegate : Finished Spring Data repository scanning in 3 ms. Found 0 Redis repository interfaces.
08:48:13:425  INFO 6895 --- [main] o.s.cloud.context.scope.GenericScope     : BeanFactory id=3def7015-caf6-32ec-ac09-726a8688ff27
08:48:13:617  INFO 6895 --- [main] o.s.b.w.embedded.tomcat.TomcatWebServer  : Tomcat initialized with port(s): 8084 (http)
08:48:13:621  INFO 6895 --- [main] o.apache.catalina.core.StandardService   : Starting service [Tomcat]
08:48:13:621  INFO 6895 --- [main] org.apache.catalina.core.StandardEngine  : Starting Servlet engine: [Apache Tomcat/9.0.68]
08:48:13:672  INFO 6895 --- [main] o.a.c.c.C.[Tomcat].[localhost].[/]       : Initializing Spring embedded WebApplicationContext
08:48:13:672  INFO 6895 --- [main] w.s.c.ServletWebServerApplicationContext : Root WebApplicationContext: initialization completed in 784 ms
08:48:14:323  INFO 6895 --- [main] pertySourcedRequestMappingHandlerMapping : Mapped URL path [/v2/api-docs] onto method [springfox.documentation.swagger2.web.Swagger2ControllerWebMvc#getDocumentation(String, HttpServletRequest)]
08:48:14:615  INFO 6895 --- [main] com.alibaba.nacos.common.remote.client   : [RpcClientFactory] create a new rpc client of 19335bc9-9ffe-431e-b890-54b10cb16456
08:48:14:637  INFO 6895 --- [main] org.reflections.Reflections              : Reflections took 14 ms to scan 1 urls, producing 3 keys and 6 values 
08:48:14:664  INFO 6895 --- [main] org.reflections.Reflections              : Reflections took 20 ms to scan 1 urls, producing 4 keys and 9 values 
08:48:14:670  INFO 6895 --- [main] org.reflections.Reflections              : Reflections took 4 ms to scan 1 urls, producing 3 keys and 10 values 
08:48:14:671  WARN 6895 --- [main] org.reflections.Reflections              : given scan urls are empty. set urls in the configuration
08:48:14:675  INFO 6895 --- [main] org.reflections.Reflections              : Reflections took 4 ms to scan 1 urls, producing 1 keys and 5 values 
08:48:14:680  INFO 6895 --- [main] org.reflections.Reflections              : Reflections took 4 ms to scan 1 urls, producing 1 keys and 7 values 
08:48:14:685  INFO 6895 --- [main] org.reflections.Reflections              : Reflections took 4 ms to scan 1 urls, producing 2 keys and 8 values 
08:48:14:686  WARN 6895 --- [main] org.reflections.Reflections              : given scan urls are empty. set urls in the configuration
08:48:14:686  INFO 6895 --- [main] com.alibaba.nacos.common.remote.client   : [19335bc9-9ffe-431e-b890-54b10cb16456] RpcClient init label, labels = {module=naming, source=sdk}
08:48:14:687  INFO 6895 --- [main] com.alibaba.nacos.common.remote.client   : [19335bc9-9ffe-431e-b890-54b10cb16456] RpcClient init, ServerListFactory = com.alibaba.nacos.client.naming.core.ServerListManager
08:48:14:687  INFO 6895 --- [main] com.alibaba.nacos.common.remote.client   : [19335bc9-9ffe-431e-b890-54b10cb16456] Registry connection listener to current client:com.alibaba.nacos.client.naming.remote.gprc.redo.NamingGrpcRedoService
08:48:14:687  INFO 6895 --- [main] com.alibaba.nacos.common.remote.client   : [19335bc9-9ffe-431e-b890-54b10cb16456] Register server push request handler:com.alibaba.nacos.client.naming.remote.gprc.NamingPushRequestHandler
08:48:14:688  INFO 6895 --- [main] com.alibaba.nacos.common.remote.client   : [19335bc9-9ffe-431e-b890-54b10cb16456] Try to connect to server on start up, server: {serverIp = '192.168.121.128', server main port = 8848}
08:48:15:023  INFO 6895 --- [main] com.alibaba.nacos.common.remote.client   : [19335bc9-9ffe-431e-b890-54b10cb16456] Success to connect to server [192.168.121.128:8848] on start up, connectionId = 1724489554651_192.168.121.1_49366
08:48:15:023  INFO 6895 --- [com.alibaba.nacos.client.remote.worker] com.alibaba.nacos.common.remote.client   : [19335bc9-9ffe-431e-b890-54b10cb16456] Notify connected event to listeners.
08:48:15:024  INFO 6895 --- [main] com.alibaba.nacos.common.remote.client   : [19335bc9-9ffe-431e-b890-54b10cb16456] Register server push request handler:com.alibaba.nacos.common.remote.client.RpcClient$ConnectResetRequestHandler
08:48:15:025  INFO 6895 --- [main] com.alibaba.nacos.common.remote.client   : [19335bc9-9ffe-431e-b890-54b10cb16456] Register server push request handler:com.alibaba.nacos.common.remote.client.RpcClient$$Lambda$1099/0x0000000800907c40
08:48:15:081  INFO 6895 --- [main] o.s.b.w.embedded.tomcat.TomcatWebServer  : Tomcat started on port(s): 8084 (http) with context path ''
08:48:15:087  INFO 6895 --- [main] c.a.c.n.registry.NacosServiceRegistry    : nacos registry, DEFAULT_GROUP user-service 10.71.59.104:8084 register finished
08:48:15:094  INFO 6895 --- [main] d.s.w.p.DocumentationPluginsBootstrapper : Documentation plugins bootstrapped
08:48:15:097  INFO 6895 --- [main] d.s.w.p.DocumentationPluginsBootstrapper : Found 1 custom documentation plugin(s)
08:48:15:107  INFO 6895 --- [main] s.d.s.w.s.ApiListingReferenceScanner     : Scanning for api listing references
08:48:15:152  INFO 6895 --- [main] com.zjn.user.UserApplication             : Started UserApplication in 2.617 seconds (JVM running for 3.075)
08:48:15:585  INFO 6895 --- [nacos-grpc-client-executor-11] com.alibaba.nacos.common.remote.client   : [19335bc9-9ffe-431e-b890-54b10cb16456] Receive server push request, request = NotifySubscriberRequest, requestId = 88
08:48:15:589  INFO 6895 --- [nacos-grpc-client-executor-11] com.alibaba.nacos.common.remote.client   : [19335bc9-9ffe-431e-b890-54b10cb16456] Ack server push request, request = NotifySubscriberRequest, requestId = 88
08:48:20:801  INFO 6895 --- [http-nio-8084-exec-1] o.a.c.c.C.[Tomcat].[localhost].[/]       : Initializing Spring DispatcherServlet 'dispatcherServlet'
08:48:20:801  INFO 6895 --- [http-nio-8084-exec-1] o.s.web.servlet.DispatcherServlet        : Initializing Servlet 'dispatcherServlet'
08:48:20:803  INFO 6895 --- [http-nio-8084-exec-1] o.s.web.servlet.DispatcherServlet        : Completed initialization in 2 ms
08:58:18:489  WARN 6895 --- [Thread-4] c.a.nacos.common.notify.NotifyCenter     : [NotifyCenter] Start destroying Publisher
08:58:18:489  WARN 6895 --- [Thread-7] c.a.n.common.http.HttpClientBeanHolder   : [HttpClientBeanHolder] Start destroying common HttpClient
08:58:18:490  WARN 6895 --- [Thread-4] c.a.nacos.common.notify.NotifyCenter     : [NotifyCenter] Destruction of the end
08:58:18:491  WARN 6895 --- [Thread-7] c.a.n.common.http.HttpClientBeanHolder   : [HttpClientBeanHolder] Destruction of the end
08:58:18:536  INFO 6895 --- [SpringApplicationShutdownHook] c.a.c.n.registry.NacosServiceRegistry    : De-registering from Nacos Server now...
08:58:18:541  INFO 6895 --- [SpringApplicationShutdownHook] c.a.c.n.registry.NacosServiceRegistry    : De-registration finished.
08:58:18:858  INFO 6895 --- [SpringApplicationShutdownHook] com.alibaba.nacos.common.remote.client   : Shutdown rpc client, set status to shutdown
08:58:18:858  INFO 6895 --- [SpringApplicationShutdownHook] com.alibaba.nacos.common.remote.client   : Shutdown client event executor java.util.concurrent.ScheduledThreadPoolExecutor@32ecb59b[Running, pool size = 2, active threads = 2, queued tasks = 0, completed tasks = 0]
08:58:18:858  INFO 6895 --- [SpringApplicationShutdownHook] com.alibaba.nacos.common.remote.client   : Close current connection 1724489554651_192.168.121.1_49366
08:58:18:860  INFO 6895 --- [nacos-grpc-client-executor-217] c.a.n.c.remote.client.grpc.GrpcClient    : [1724489554651_192.168.121.1_49366]Ignore complete event,isRunning:false,isAbandon=false
08:58:18:861  INFO 6895 --- [SpringApplicationShutdownHook] c.a.n.c.remote.client.grpc.GrpcClient    : Shutdown grpc executor java.util.concurrent.ThreadPoolExecutor@224bc7b1[Running, pool size = 7, active threads = 0, queued tasks = 0, completed tasks = 218]
08:58:38:548  INFO 7740 --- [main] com.zjn.user.UserApplication             : Starting UserApplication using Java 11.0.14.1 on bbcall3.local with PID 7740 (/Users/zjn_11/Desktop/HMALL/hmall/user-service/target/classes started by zjn_11 in /Users/zjn_11/Desktop/HMALL/hmall)
08:58:38:549  INFO 7740 --- [main] com.zjn.user.UserApplication             : The following 1 profile is active: "local"
08:58:38:682 ERROR 7740 --- [main] o.s.boot.SpringApplication               : Application run failed

java.lang.IllegalStateException: Unable to read meta-data for class #  com.hmall.common.config.MvcConfig
	at org.springframework.boot.autoconfigure.AutoConfigurationSorter$AutoConfigurationClass.getAnnotationMetadata(AutoConfigurationSorter.java:237) ~[spring-boot-autoconfigure-2.7.5.jar:2.7.5]
	at org.springframework.boot.autoconfigure.AutoConfigurationSorter$AutoConfigurationClass.getOrder(AutoConfigurationSorter.java:208) ~[spring-boot-autoconfigure-2.7.5.jar:2.7.5]
	at org.springframework.boot.autoconfigure.AutoConfigurationSorter$AutoConfigurationClass.access$000(AutoConfigurationSorter.java:154) ~[spring-boot-autoconfigure-2.7.5.jar:2.7.5]
	at org.springframework.boot.autoconfigure.AutoConfigurationSorter.lambda$getInPriorityOrder$0(AutoConfigurationSorter.java:64) ~[spring-boot-autoconfigure-2.7.5.jar:2.7.5]
	at java.base/java.util.TimSort.countRunAndMakeAscending(TimSort.java:355) ~[na:na]
	at java.base/java.util.TimSort.sort(TimSort.java:234) ~[na:na]
	at java.base/java.util.Arrays.sort(Arrays.java:1515) ~[na:na]
	at java.base/java.util.ArrayList.sort(ArrayList.java:1750) ~[na:na]
	at org.springframework.boot.autoconfigure.AutoConfigurationSorter.getInPriorityOrder(AutoConfigurationSorter.java:62) ~[spring-boot-autoconfigure-2.7.5.jar:2.7.5]
	at org.springframework.boot.autoconfigure.AutoConfigurationImportSelector$AutoConfigurationGroup.sortAutoConfigurations(AutoConfigurationImportSelector.java:474) ~[spring-boot-autoconfigure-2.7.5.jar:2.7.5]
	at org.springframework.boot.autoconfigure.AutoConfigurationImportSelector$AutoConfigurationGroup.selectImports(AutoConfigurationImportSelector.java:459) ~[spring-boot-autoconfigure-2.7.5.jar:2.7.5]
	at org.springframework.context.annotation.ConfigurationClassParser$DeferredImportSelectorGrouping.getImports(ConfigurationClassParser.java:882) ~[spring-context-5.3.23.jar:5.3.23]
	at org.springframework.context.annotation.ConfigurationClassParser$DeferredImportSelectorGroupingHandler.processGroupImports(ConfigurationClassParser.java:809) ~[spring-context-5.3.23.jar:5.3.23]
	at org.springframework.context.annotation.ConfigurationClassParser$DeferredImportSelectorHandler.process(ConfigurationClassParser.java:780) ~[spring-context-5.3.23.jar:5.3.23]
	at org.springframework.context.annotation.ConfigurationClassParser.parse(ConfigurationClassParser.java:192) ~[spring-context-5.3.23.jar:5.3.23]
	at org.springframework.context.annotation.ConfigurationClassPostProcessor.processConfigBeanDefinitions(ConfigurationClassPostProcessor.java:331) ~[spring-context-5.3.23.jar:5.3.23]
	at org.springframework.context.annotation.ConfigurationClassPostProcessor.postProcessBeanDefinitionRegistry(ConfigurationClassPostProcessor.java:247) ~[spring-context-5.3.23.jar:5.3.23]
	at org.springframework.context.support.PostProcessorRegistrationDelegate.invokeBeanDefinitionRegistryPostProcessors(PostProcessorRegistrationDelegate.java:311) ~[spring-context-5.3.23.jar:5.3.23]
	at org.springframework.context.support.PostProcessorRegistrationDelegate.invokeBeanFactoryPostProcessors(PostProcessorRegistrationDelegate.java:112) ~[spring-context-5.3.23.jar:5.3.23]
	at org.springframework.context.support.AbstractApplicationContext.invokeBeanFactoryPostProcessors(AbstractApplicationContext.java:746) ~[spring-context-5.3.23.jar:5.3.23]
	at org.springframework.context.support.AbstractApplicationContext.refresh(AbstractApplicationContext.java:564) ~[spring-context-5.3.23.jar:5.3.23]
	at org.springframework.boot.web.servlet.context.ServletWebServerApplicationContext.refresh(ServletWebServerApplicationContext.java:147) ~[spring-boot-2.7.5.jar:2.7.5]
	at org.springframework.boot.SpringApplication.refresh(SpringApplication.java:734) ~[spring-boot-2.7.5.jar:2.7.5]
	at org.springframework.boot.SpringApplication.refreshContext(SpringApplication.java:408) ~[spring-boot-2.7.5.jar:2.7.5]
	at org.springframework.boot.SpringApplication.run(SpringApplication.java:308) ~[spring-boot-2.7.5.jar:2.7.5]
	at org.springframework.boot.SpringApplication.run(SpringApplication.java:1306) ~[spring-boot-2.7.5.jar:2.7.5]
	at org.springframework.boot.SpringApplication.run(SpringApplication.java:1295) ~[spring-boot-2.7.5.jar:2.7.5]
	at com.zjn.user.UserApplication.main(UserApplication.java:14) ~[classes/:na]
Caused by: java.io.FileNotFoundException: class path resource [#  com/hmall/common/config/MvcConfig.class] cannot be opened because it does not exist
	at org.springframework.core.io.ClassPathResource.getInputStream(ClassPathResource.java:199) ~[spring-core-5.3.23.jar:5.3.23]
	at org.springframework.core.type.classreading.SimpleMetadataReader.getClassReader(SimpleMetadataReader.java:55) ~[spring-core-5.3.23.jar:5.3.23]
	at org.springframework.core.type.classreading.SimpleMetadataReader.<init>(SimpleMetadataReader.java:48) ~[spring-core-5.3.23.jar:5.3.23]
	at org.springframework.core.type.classreading.SimpleMetadataReaderFactory.getMetadataReader(SimpleMetadataReaderFactory.java:103) ~[spring-core-5.3.23.jar:5.3.23]
	at org.springframework.boot.type.classreading.ConcurrentReferenceCachingMetadataReaderFactory.createMetadataReader(ConcurrentReferenceCachingMetadataReaderFactory.java:86) ~[spring-boot-2.7.5.jar:2.7.5]
	at org.springframework.boot.type.classreading.ConcurrentReferenceCachingMetadataReaderFactory.getMetadataReader(ConcurrentReferenceCachingMetadataReaderFactory.java:73) ~[spring-boot-2.7.5.jar:2.7.5]
	at org.springframework.core.type.classreading.SimpleMetadataReaderFactory.getMetadataReader(SimpleMetadataReaderFactory.java:81) ~[spring-core-5.3.23.jar:5.3.23]
	at org.springframework.boot.autoconfigure.AutoConfigurationSorter$AutoConfigurationClass.getAnnotationMetadata(AutoConfigurationSorter.java:233) ~[spring-boot-autoconfigure-2.7.5.jar:2.7.5]
	... 27 common frames omitted

09:01:03:243  INFO 7876 --- [main] com.zjn.user.UserApplication             : Starting UserApplication using Java 11.0.14.1 on bbcall3.local with PID 7876 (/Users/zjn_11/Desktop/HMALL/hmall/user-service/target/classes started by zjn_11 in /Users/zjn_11/Desktop/HMALL/hmall)
09:01:03:244  INFO 7876 --- [main] com.zjn.user.UserApplication             : The following 1 profile is active: "local"
09:01:03:659  INFO 7876 --- [main] .s.d.r.c.RepositoryConfigurationDelegate : Multiple Spring Data modules found, entering strict repository configuration mode
09:01:03:660  INFO 7876 --- [main] .s.d.r.c.RepositoryConfigurationDelegate : Bootstrapping Spring Data Redis repositories in DEFAULT mode.
09:01:03:668  INFO 7876 --- [main] .s.d.r.c.RepositoryConfigurationDelegate : Finished Spring Data repository scanning in 3 ms. Found 0 Redis repository interfaces.
09:01:03:792  INFO 7876 --- [main] o.s.cloud.context.scope.GenericScope     : BeanFactory id=42aa9f18-b9b3-3e61-b2fd-8b5cc518c363
09:01:03:963  INFO 7876 --- [main] o.s.b.w.embedded.tomcat.TomcatWebServer  : Tomcat initialized with port(s): 8084 (http)
09:01:03:967  INFO 7876 --- [main] o.apache.catalina.core.StandardService   : Starting service [Tomcat]
09:01:03:967  INFO 7876 --- [main] org.apache.catalina.core.StandardEngine  : Starting Servlet engine: [Apache Tomcat/9.0.68]
09:01:04:030  INFO 7876 --- [main] o.a.c.c.C.[Tomcat].[localhost].[/]       : Initializing Spring embedded WebApplicationContext
09:01:04:031  INFO 7876 --- [main] w.s.c.ServletWebServerApplicationContext : Root WebApplicationContext: initialization completed in 763 ms
09:01:04:693  INFO 7876 --- [main] pertySourcedRequestMappingHandlerMapping : Mapped URL path [/v2/api-docs] onto method [springfox.documentation.swagger2.web.Swagger2ControllerWebMvc#getDocumentation(String, HttpServletRequest)]
09:01:04:994  INFO 7876 --- [main] com.alibaba.nacos.common.remote.client   : [RpcClientFactory] create a new rpc client of 37277c1f-f16b-4819-a88f-a6ae9c66d3c9
09:01:05:011  INFO 7876 --- [main] org.reflections.Reflections              : Reflections took 10 ms to scan 1 urls, producing 3 keys and 6 values 
09:01:05:021  INFO 7876 --- [main] org.reflections.Reflections              : Reflections took 5 ms to scan 1 urls, producing 4 keys and 9 values 
09:01:05:027  INFO 7876 --- [main] org.reflections.Reflections              : Reflections took 5 ms to scan 1 urls, producing 3 keys and 10 values 
09:01:05:028  WARN 7876 --- [main] org.reflections.Reflections              : given scan urls are empty. set urls in the configuration
09:01:05:032  INFO 7876 --- [main] org.reflections.Reflections              : Reflections took 4 ms to scan 1 urls, producing 1 keys and 5 values 
09:01:05:037  INFO 7876 --- [main] org.reflections.Reflections              : Reflections took 4 ms to scan 1 urls, producing 1 keys and 7 values 
09:01:05:042  INFO 7876 --- [main] org.reflections.Reflections              : Reflections took 4 ms to scan 1 urls, producing 2 keys and 8 values 
09:01:05:044  WARN 7876 --- [main] org.reflections.Reflections              : given scan urls are empty. set urls in the configuration
09:01:05:044  INFO 7876 --- [main] com.alibaba.nacos.common.remote.client   : [37277c1f-f16b-4819-a88f-a6ae9c66d3c9] RpcClient init label, labels = {module=naming, source=sdk}
09:01:05:045  INFO 7876 --- [main] com.alibaba.nacos.common.remote.client   : [37277c1f-f16b-4819-a88f-a6ae9c66d3c9] RpcClient init, ServerListFactory = com.alibaba.nacos.client.naming.core.ServerListManager
09:01:05:045  INFO 7876 --- [main] com.alibaba.nacos.common.remote.client   : [37277c1f-f16b-4819-a88f-a6ae9c66d3c9] Registry connection listener to current client:com.alibaba.nacos.client.naming.remote.gprc.redo.NamingGrpcRedoService
09:01:05:045  INFO 7876 --- [main] com.alibaba.nacos.common.remote.client   : [37277c1f-f16b-4819-a88f-a6ae9c66d3c9] Register server push request handler:com.alibaba.nacos.client.naming.remote.gprc.NamingPushRequestHandler
09:01:05:046  INFO 7876 --- [main] com.alibaba.nacos.common.remote.client   : [37277c1f-f16b-4819-a88f-a6ae9c66d3c9] Try to connect to server on start up, server: {serverIp = '192.168.121.128', server main port = 8848}
09:01:05:425  INFO 7876 --- [main] com.alibaba.nacos.common.remote.client   : [37277c1f-f16b-4819-a88f-a6ae9c66d3c9] Success to connect to server [192.168.121.128:8848] on start up, connectionId = 1724490325038_192.168.121.1_51455
09:01:05:426  INFO 7876 --- [com.alibaba.nacos.client.remote.worker] com.alibaba.nacos.common.remote.client   : [37277c1f-f16b-4819-a88f-a6ae9c66d3c9] Notify connected event to listeners.
09:01:05:427  INFO 7876 --- [main] com.alibaba.nacos.common.remote.client   : [37277c1f-f16b-4819-a88f-a6ae9c66d3c9] Register server push request handler:com.alibaba.nacos.common.remote.client.RpcClient$ConnectResetRequestHandler
09:01:05:428  INFO 7876 --- [main] com.alibaba.nacos.common.remote.client   : [37277c1f-f16b-4819-a88f-a6ae9c66d3c9] Register server push request handler:com.alibaba.nacos.common.remote.client.RpcClient$$Lambda$1099/0x0000000800901440
09:01:05:498  INFO 7876 --- [main] o.s.b.w.embedded.tomcat.TomcatWebServer  : Tomcat started on port(s): 8084 (http) with context path ''
09:01:05:507  INFO 7876 --- [main] c.a.c.n.registry.NacosServiceRegistry    : nacos registry, DEFAULT_GROUP user-service 10.71.59.104:8084 register finished
09:01:05:510  INFO 7876 --- [main] d.s.w.p.DocumentationPluginsBootstrapper : Documentation plugins bootstrapped
09:01:05:512  INFO 7876 --- [main] d.s.w.p.DocumentationPluginsBootstrapper : Found 1 custom documentation plugin(s)
09:01:05:521  INFO 7876 --- [main] s.d.s.w.s.ApiListingReferenceScanner     : Scanning for api listing references
09:01:05:569  INFO 7876 --- [main] com.zjn.user.UserApplication             : Started UserApplication in 2.58 seconds (JVM running for 2.895)
09:01:06:008  INFO 7876 --- [nacos-grpc-client-executor-11] com.alibaba.nacos.common.remote.client   : [37277c1f-f16b-4819-a88f-a6ae9c66d3c9] Receive server push request, request = NotifySubscriberRequest, requestId = 96
09:01:06:011  INFO 7876 --- [nacos-grpc-client-executor-11] com.alibaba.nacos.common.remote.client   : [37277c1f-f16b-4819-a88f-a6ae9c66d3c9] Ack server push request, request = NotifySubscriberRequest, requestId = 96
09:01:14:482  INFO 7876 --- [http-nio-8084-exec-1] o.a.c.c.C.[Tomcat].[localhost].[/]       : Initializing Spring DispatcherServlet 'dispatcherServlet'
09:01:14:483  INFO 7876 --- [http-nio-8084-exec-1] o.s.web.servlet.DispatcherServlet        : Initializing Servlet 'dispatcherServlet'
09:01:14:486  INFO 7876 --- [http-nio-8084-exec-1] o.s.web.servlet.DispatcherServlet        : Completed initialization in 3 ms
09:01:46:718  INFO 7876 --- [http-nio-8084-exec-7] com.zaxxer.hikari.HikariDataSource       : HikariPool-1 - Starting...
09:01:46:830  INFO 7876 --- [http-nio-8084-exec-7] com.zaxxer.hikari.HikariDataSource       : HikariPool-1 - Start completed.
09:58:29:346  WARN 7876 --- [Thread-4] c.a.nacos.common.notify.NotifyCenter     : [NotifyCenter] Start destroying Publisher
09:58:29:346  WARN 7876 --- [Thread-7] c.a.n.common.http.HttpClientBeanHolder   : [HttpClientBeanHolder] Start destroying common HttpClient
09:58:29:347  WARN 7876 --- [Thread-4] c.a.nacos.common.notify.NotifyCenter     : [NotifyCenter] Destruction of the end
09:58:29:348  WARN 7876 --- [Thread-7] c.a.n.common.http.HttpClientBeanHolder   : [HttpClientBeanHolder] Destruction of the end
09:58:29:388  INFO 7876 --- [SpringApplicationShutdownHook] c.a.c.n.registry.NacosServiceRegistry    : De-registering from Nacos Server now...
09:58:29:393  INFO 7876 --- [SpringApplicationShutdownHook] c.a.c.n.registry.NacosServiceRegistry    : De-registration finished.
09:58:29:697  INFO 7876 --- [SpringApplicationShutdownHook] com.alibaba.nacos.common.remote.client   : Shutdown rpc client, set status to shutdown
09:58:29:698  INFO 7876 --- [SpringApplicationShutdownHook] com.alibaba.nacos.common.remote.client   : Shutdown client event executor java.util.concurrent.ScheduledThreadPoolExecutor@1ad84fac[Running, pool size = 2, active threads = 2, queued tasks = 0, completed tasks = 0]
09:58:29:698  INFO 7876 --- [SpringApplicationShutdownHook] com.alibaba.nacos.common.remote.client   : Close current connection 1724490325038_192.168.121.1_51455
09:58:29:702  INFO 7876 --- [nacos-grpc-client-executor-1126] c.a.n.c.remote.client.grpc.GrpcClient    : [1724490325038_192.168.121.1_51455]Ignore complete event,isRunning:false,isAbandon=false
09:58:29:708  INFO 7876 --- [SpringApplicationShutdownHook] c.a.n.c.remote.client.grpc.GrpcClient    : Shutdown grpc executor java.util.concurrent.ThreadPoolExecutor@1fc9a75e[Running, pool size = 8, active threads = 0, queued tasks = 0, completed tasks = 1127]
09:58:29:721  INFO 7876 --- [SpringApplicationShutdownHook] com.zaxxer.hikari.HikariDataSource       : HikariPool-1 - Shutdown initiated...
09:58:29:748  INFO 7876 --- [SpringApplicationShutdownHook] com.zaxxer.hikari.HikariDataSource       : HikariPool-1 - Shutdown completed.
10:00:32:697  INFO 12070 --- [main] com.zjn.user.UserApplication             : Starting UserApplication using Java 11.0.14.1 on bbcall3.local with PID 12070 (/Users/zjn_11/Desktop/HMALL/hmall/user-service/target/classes started by zjn_11 in /Users/zjn_11/Desktop/HMALL/hmall)
10:00:32:698  INFO 12070 --- [main] com.zjn.user.UserApplication             : The following 1 profile is active: "local"
10:00:33:123  INFO 12070 --- [main] .s.d.r.c.RepositoryConfigurationDelegate : Multiple Spring Data modules found, entering strict repository configuration mode
10:00:33:124  INFO 12070 --- [main] .s.d.r.c.RepositoryConfigurationDelegate : Bootstrapping Spring Data Redis repositories in DEFAULT mode.
10:00:33:134  INFO 12070 --- [main] .s.d.r.c.RepositoryConfigurationDelegate : Finished Spring Data repository scanning in 4 ms. Found 0 Redis repository interfaces.
10:00:33:264  INFO 12070 --- [main] o.s.cloud.context.scope.GenericScope     : BeanFactory id=3def7015-caf6-32ec-ac09-726a8688ff27
10:00:33:443  INFO 12070 --- [main] o.s.b.w.embedded.tomcat.TomcatWebServer  : Tomcat initialized with port(s): 8084 (http)
10:00:33:447  INFO 12070 --- [main] o.apache.catalina.core.StandardService   : Starting service [Tomcat]
10:00:33:447  INFO 12070 --- [main] org.apache.catalina.core.StandardEngine  : Starting Servlet engine: [Apache Tomcat/9.0.68]
10:00:33:498  INFO 12070 --- [main] o.a.c.c.C.[Tomcat].[localhost].[/]       : Initializing Spring embedded WebApplicationContext
10:00:33:498  INFO 12070 --- [main] w.s.c.ServletWebServerApplicationContext : Root WebApplicationContext: initialization completed in 776 ms
10:00:34:139  INFO 12070 --- [main] pertySourcedRequestMappingHandlerMapping : Mapped URL path [/v2/api-docs] onto method [springfox.documentation.swagger2.web.Swagger2ControllerWebMvc#getDocumentation(String, HttpServletRequest)]
10:00:34:441  INFO 12070 --- [main] com.alibaba.nacos.common.remote.client   : [RpcClientFactory] create a new rpc client of b9e1cacb-22a3-4587-99df-b623862d0c48
10:00:34:457  INFO 12070 --- [main] org.reflections.Reflections              : Reflections took 9 ms to scan 1 urls, producing 3 keys and 6 values 
10:00:34:466  INFO 12070 --- [main] org.reflections.Reflections              : Reflections took 4 ms to scan 1 urls, producing 4 keys and 9 values 
10:00:34:472  INFO 12070 --- [main] org.reflections.Reflections              : Reflections took 4 ms to scan 1 urls, producing 3 keys and 10 values 
10:00:34:473  WARN 12070 --- [main] org.reflections.Reflections              : given scan urls are empty. set urls in the configuration
10:00:34:477  INFO 12070 --- [main] org.reflections.Reflections              : Reflections took 4 ms to scan 1 urls, producing 1 keys and 5 values 
10:00:34:482  INFO 12070 --- [main] org.reflections.Reflections              : Reflections took 4 ms to scan 1 urls, producing 1 keys and 7 values 
10:00:34:487  INFO 12070 --- [main] org.reflections.Reflections              : Reflections took 4 ms to scan 1 urls, producing 2 keys and 8 values 
10:00:34:488  WARN 12070 --- [main] org.reflections.Reflections              : given scan urls are empty. set urls in the configuration
10:00:34:488  INFO 12070 --- [main] com.alibaba.nacos.common.remote.client   : [b9e1cacb-22a3-4587-99df-b623862d0c48] RpcClient init label, labels = {module=naming, source=sdk}
10:00:34:489  INFO 12070 --- [main] com.alibaba.nacos.common.remote.client   : [b9e1cacb-22a3-4587-99df-b623862d0c48] RpcClient init, ServerListFactory = com.alibaba.nacos.client.naming.core.ServerListManager
10:00:34:489  INFO 12070 --- [main] com.alibaba.nacos.common.remote.client   : [b9e1cacb-22a3-4587-99df-b623862d0c48] Registry connection listener to current client:com.alibaba.nacos.client.naming.remote.gprc.redo.NamingGrpcRedoService
10:00:34:489  INFO 12070 --- [main] com.alibaba.nacos.common.remote.client   : [b9e1cacb-22a3-4587-99df-b623862d0c48] Register server push request handler:com.alibaba.nacos.client.naming.remote.gprc.NamingPushRequestHandler
10:00:34:490  INFO 12070 --- [main] com.alibaba.nacos.common.remote.client   : [b9e1cacb-22a3-4587-99df-b623862d0c48] Try to connect to server on start up, server: {serverIp = '192.168.121.128', server main port = 8848}
10:00:34:816  INFO 12070 --- [main] com.alibaba.nacos.common.remote.client   : [b9e1cacb-22a3-4587-99df-b623862d0c48] Success to connect to server [192.168.121.128:8848] on start up, connectionId = 1724493894495_192.168.121.1_57856
10:00:34:817  INFO 12070 --- [com.alibaba.nacos.client.remote.worker] com.alibaba.nacos.common.remote.client   : [b9e1cacb-22a3-4587-99df-b623862d0c48] Notify connected event to listeners.
10:00:34:817  INFO 12070 --- [main] com.alibaba.nacos.common.remote.client   : [b9e1cacb-22a3-4587-99df-b623862d0c48] Register server push request handler:com.alibaba.nacos.common.remote.client.RpcClient$ConnectResetRequestHandler
10:00:34:819  INFO 12070 --- [main] com.alibaba.nacos.common.remote.client   : [b9e1cacb-22a3-4587-99df-b623862d0c48] Register server push request handler:com.alibaba.nacos.common.remote.client.RpcClient$$Lambda$1099/0x0000000800907c40
10:00:34:868  INFO 12070 --- [main] o.s.b.w.embedded.tomcat.TomcatWebServer  : Tomcat started on port(s): 8084 (http) with context path ''
10:00:34:877  INFO 12070 --- [main] c.a.c.n.registry.NacosServiceRegistry    : nacos registry, DEFAULT_GROUP user-service 10.71.59.104:8084 register finished
10:00:34:881  INFO 12070 --- [main] d.s.w.p.DocumentationPluginsBootstrapper : Documentation plugins bootstrapped
10:00:34:882  INFO 12070 --- [main] d.s.w.p.DocumentationPluginsBootstrapper : Found 1 custom documentation plugin(s)
10:00:34:891  INFO 12070 --- [main] s.d.s.w.s.ApiListingReferenceScanner     : Scanning for api listing references
10:00:34:937  INFO 12070 --- [main] com.zjn.user.UserApplication             : Started UserApplication in 2.506 seconds (JVM running for 2.814)
10:00:35:362  INFO 12070 --- [nacos-grpc-client-executor-11] com.alibaba.nacos.common.remote.client   : [b9e1cacb-22a3-4587-99df-b623862d0c48] Receive server push request, request = NotifySubscriberRequest, requestId = 115
10:00:35:365  INFO 12070 --- [nacos-grpc-client-executor-11] com.alibaba.nacos.common.remote.client   : [b9e1cacb-22a3-4587-99df-b623862d0c48] Ack server push request, request = NotifySubscriberRequest, requestId = 115
10:04:59:881  INFO 12070 --- [http-nio-8084-exec-1] o.a.c.c.C.[Tomcat].[localhost].[/]       : Initializing Spring DispatcherServlet 'dispatcherServlet'
10:04:59:881  INFO 12070 --- [http-nio-8084-exec-1] o.s.web.servlet.DispatcherServlet        : Initializing Servlet 'dispatcherServlet'
10:04:59:884  INFO 12070 --- [http-nio-8084-exec-1] o.s.web.servlet.DispatcherServlet        : Completed initialization in 3 ms
10:04:59:974  INFO 12070 --- [http-nio-8084-exec-1] com.zaxxer.hikari.HikariDataSource       : HikariPool-1 - Starting...
10:05:00:088  INFO 12070 --- [http-nio-8084-exec-1] com.zaxxer.hikari.HikariDataSource       : HikariPool-1 - Start completed.
